{"total": {"lines":{"total":18755,"covered":4896,"skipped":0,"pct":26.1},"statements":{"total":19616,"covered":5076,"skipped":0,"pct":25.87},"functions":{"total":4811,"covered":1094,"skipped":0,"pct":22.73},"branches":{"total":12634,"covered":2528,"skipped":0,"pct":20},"branchesTrue":{"total":0,"covered":0,"skipped":0,"pct":100}}
,"C:\\dev\\lumina\\app\\auth\\staff-invite\\staff-invite-form.tsx": {"lines":{"total":69,"covered":0,"skipped":0,"pct":0},"functions":{"total":12,"covered":0,"skipped":0,"pct":0},"statements":{"total":70,"covered":0,"skipped":0,"pct":0},"branches":{"total":42,"covered":0,"skipped":0,"pct":0}}
,"C:\\dev\\lumina\\app\\book\\[businessId]\\layout.tsx": {"lines":{"total":8,"covered":0,"skipped":0,"pct":0},"functions":{"total":2,"covered":0,"skipped":0,"pct":0},"statements":{"total":8,"covered":0,"skipped":0,"pct":0},"branches":{"total":0,"covered":0,"skipped":0,"pct":100}}
,"C:\\dev\\lumina\\app\\dashboard\\[businessSlug]\\business-dashboard.tsx": {"lines":{"total":10,"covered":0,"skipped":0,"pct":0},"functions":{"total":6,"covered":0,"skipped":0,"pct":0},"statements":{"total":11,"covered":0,"skipped":0,"pct":0},"branches":{"total":32,"covered":0,"skipped":0,"pct":0}}
,"C:\\dev\\lumina\\app\\dashboard\\[businessSlug]\\analytics\\analytics-dashboard.tsx": {"lines":{"total":23,"covered":0,"skipped":0,"pct":0},"functions":{"total":11,"covered":0,"skipped":0,"pct":0},"statements":{"total":23,"covered":0,"skipped":0,"pct":0},"branches":{"total":36,"covered":0,"skipped":0,"pct":0}}
,"C:\\dev\\lumina\\components\\accessibility-provider.tsx": {"lines":{"total":27,"covered":0,"skipped":0,"pct":0},"functions":{"total":8,"covered":0,"skipped":0,"pct":0},"statements":{"total":27,"covered":0,"skipped":0,"pct":0},"branches":{"total":11,"covered":0,"skipped":0,"pct":0}}
,"C:\\dev\\lumina\\components\\providers.tsx": {"lines":{"total":1,"covered":0,"skipped":0,"pct":0},"functions":{"total":1,"covered":0,"skipped":0,"pct":0},"statements":{"total":1,"covered":0,"skipped":0,"pct":0},"branches":{"total":0,"covered":0,"skipped":0,"pct":100}}
,"C:\\dev\\lumina\\components\\theme-provider.tsx": {"lines":{"total":95,"covered":85,"skipped":0,"pct":89.47},"functions":{"total":15,"covered":14,"skipped":0,"pct":93.33},"statements":{"total":100,"covered":89,"skipped":0,"pct":89},"branches":{"total":56,"covered":42,"skipped":0,"pct":75}}
,"C:\\dev\\lumina\\components\\analytics\\booking-analytics-dashboard.tsx": {"lines":{"total":36,"covered":0,"skipped":0,"pct":0},"functions":{"total":9,"covered":0,"skipped":0,"pct":0},"statements":{"total":36,"covered":0,"skipped":0,"pct":0},"branches":{"total":34,"covered":0,"skipped":0,"pct":0}}
,"C:\\dev\\lumina\\components\\appointments\\appointment-block.tsx": {"lines":{"total":66,"covered":9,"skipped":0,"pct":13.63},"functions":{"total":15,"covered":1,"skipped":0,"pct":6.66},"statements":{"total":66,"covered":9,"skipped":0,"pct":13.63},"branches":{"total":64,"covered":4,"skipped":0,"pct":6.25}}
,"C:\\dev\\lumina\\components\\appointments\\appointment-calendar-page-content.tsx": {"lines":{"total":25,"covered":0,"skipped":0,"pct":0},"functions":{"total":11,"covered":0,"skipped":0,"pct":0},"statements":{"total":26,"covered":0,"skipped":0,"pct":0},"branches":{"total":12,"covered":0,"skipped":0,"pct":0}}
,"C:\\dev\\lumina\\components\\appointments\\appointment-form.tsx": {"lines":{"total":53,"covered":30,"skipped":0,"pct":56.6},"functions":{"total":21,"covered":8,"skipped":0,"pct":38.09},"statements":{"total":56,"covered":30,"skipped":0,"pct":53.57},"branches":{"total":76,"covered":45,"skipped":0,"pct":59.21}}
,"C:\\dev\\lumina\\components\\appointments\\appointment-modal-demo.tsx": {"lines":{"total":19,"covered":0,"skipped":0,"pct":0},"functions":{"total":10,"covered":0,"skipped":0,"pct":0},"statements":{"total":21,"covered":0,"skipped":0,"pct":0},"branches":{"total":2,"covered":0,"skipped":0,"pct":0}}
,"C:\\dev\\lumina\\components\\appointments\\appointment-modal-integration-example.tsx": {"lines":{"total":1,"covered":0,"skipped":0,"pct":0},"functions":{"total":1,"covered":0,"skipped":0,"pct":0},"statements":{"total":1,"covered":0,"skipped":0,"pct":0},"branches":{"total":0,"covered":0,"skipped":0,"pct":100}}
,"C:\\dev\\lumina\\components\\appointments\\appointment-modal.tsx": {"lines":{"total":68,"covered":27,"skipped":0,"pct":39.7},"functions":{"total":20,"covered":5,"skipped":0,"pct":25},"statements":{"total":69,"covered":27,"skipped":0,"pct":39.13},"branches":{"total":45,"covered":24,"skipped":0,"pct":53.33}}
,"C:\\dev\\lumina\\components\\appointments\\appointment-move-confirmation.tsx": {"lines":{"total":24,"covered":2,"skipped":0,"pct":8.33},"functions":{"total":10,"covered":1,"skipped":0,"pct":10},"statements":{"total":24,"covered":2,"skipped":0,"pct":8.33},"branches":{"total":41,"covered":2,"skipped":0,"pct":4.87}}
,"C:\\dev\\lumina\\components\\appointments\\appointment-notes.tsx": {"lines":{"total":83,"covered":0,"skipped":0,"pct":0},"functions":{"total":27,"covered":0,"skipped":0,"pct":0},"statements":{"total":90,"covered":0,"skipped":0,"pct":0},"branches":{"total":63,"covered":0,"skipped":0,"pct":0}}
,"C:\\dev\\lumina\\components\\appointments\\appointment-search-demo.tsx": {"lines":{"total":28,"covered":0,"skipped":0,"pct":0},"functions":{"total":8,"covered":0,"skipped":0,"pct":0},"statements":{"total":30,"covered":0,"skipped":0,"pct":0},"branches":{"total":24,"covered":0,"skipped":0,"pct":0}}
,"C:\\dev\\lumina\\components\\appointments\\appointment-status-manager.tsx": {"lines":{"total":55,"covered":0,"skipped":0,"pct":0},"functions":{"total":13,"covered":0,"skipped":0,"pct":0},"statements":{"total":55,"covered":0,"skipped":0,"pct":0},"branches":{"total":47,"covered":0,"skipped":0,"pct":0}}
,"C:\\dev\\lumina\\components\\appointments\\appointments-page-content.tsx": {"lines":{"total":3,"covered":0,"skipped":0,"pct":0},"functions":{"total":3,"covered":0,"skipped":0,"pct":0},"statements":{"total":3,"covered":0,"skipped":0,"pct":0},"branches":{"total":0,"covered":0,"skipped":0,"pct":100}}
,"C:\\dev\\lumina\\components\\appointments\\bulk-conflict-resolution.tsx": {"lines":{"total":33,"covered":0,"skipped":0,"pct":0},"functions":{"total":13,"covered":0,"skipped":0,"pct":0},"statements":{"total":37,"covered":0,"skipped":0,"pct":0},"branches":{"total":36,"covered":0,"skipped":0,"pct":0}}
,"C:\\dev\\lumina\\components\\appointments\\bulk-operation-confirmation-dialog.tsx": {"lines":{"total":16,"covered":11,"skipped":0,"pct":68.75},"functions":{"total":5,"covered":4,"skipped":0,"pct":80},"statements":{"total":16,"covered":11,"skipped":0,"pct":68.75},"branches":{"total":22,"covered":14,"skipped":0,"pct":63.63}}
,"C:\\dev\\lumina\\components\\appointments\\bulk-operation-history.tsx": {"lines":{"total":46,"covered":0,"skipped":0,"pct":0},"functions":{"total":11,"covered":0,"skipped":0,"pct":0},"statements":{"total":46,"covered":0,"skipped":0,"pct":0},"branches":{"total":43,"covered":0,"skipped":0,"pct":0}}
,"C:\\dev\\lumina\\components\\appointments\\bulk-operation-progress.tsx": {"lines":{"total":28,"covered":0,"skipped":0,"pct":0},"functions":{"total":9,"covered":0,"skipped":0,"pct":0},"statements":{"total":31,"covered":0,"skipped":0,"pct":0},"branches":{"total":39,"covered":0,"skipped":0,"pct":0}}
,"C:\\dev\\lumina\\components\\appointments\\bulk-operations-demo.tsx": {"lines":{"total":49,"covered":0,"skipped":0,"pct":0},"functions":{"total":16,"covered":0,"skipped":0,"pct":0},"statements":{"total":49,"covered":0,"skipped":0,"pct":0},"branches":{"total":13,"covered":0,"skipped":0,"pct":0}}
,"C:\\dev\\lumina\\components\\appointments\\bulk-operations-toolbar.tsx": {"lines":{"total":40,"covered":14,"skipped":0,"pct":35},"functions":{"total":15,"covered":1,"skipped":0,"pct":6.66},"statements":{"total":40,"covered":14,"skipped":0,"pct":35},"branches":{"total":12,"covered":3,"skipped":0,"pct":25}}
,"C:\\dev\\lumina\\components\\appointments\\bulk-reschedule-dialog.tsx": {"lines":{"total":50,"covered":0,"skipped":0,"pct":0},"functions":{"total":15,"covered":0,"skipped":0,"pct":0},"statements":{"total":51,"covered":0,"skipped":0,"pct":0},"branches":{"total":24,"covered":0,"skipped":0,"pct":0}}
,"C:\\dev\\lumina\\components\\appointments\\bulk-selection-provider.tsx": {"lines":{"total":35,"covered":24,"skipped":0,"pct":68.57},"functions":{"total":15,"covered":9,"skipped":0,"pct":60},"statements":{"total":38,"covered":26,"skipped":0,"pct":68.42},"branches":{"total":4,"covered":2,"skipped":0,"pct":50}}
,"C:\\dev\\lumina\\components\\appointments\\calendar-header.tsx": {"lines":{"total":17,"covered":10,"skipped":0,"pct":58.82},"functions":{"total":7,"covered":2,"skipped":0,"pct":28.57},"statements":{"total":17,"covered":10,"skipped":0,"pct":58.82},"branches":{"total":10,"covered":5,"skipped":0,"pct":50}}
,"C:\\dev\\lumina\\components\\appointments\\calendar-view.tsx": {"lines":{"total":15,"covered":9,"skipped":0,"pct":60},"functions":{"total":4,"covered":3,"skipped":0,"pct":75},"statements":{"total":15,"covered":9,"skipped":0,"pct":60},"branches":{"total":6,"covered":1,"skipped":0,"pct":16.66}}
,"C:\\dev\\lumina\\components\\appointments\\client-info.tsx": {"lines":{"total":27,"covered":1,"skipped":0,"pct":3.7},"functions":{"total":8,"covered":0,"skipped":0,"pct":0},"statements":{"total":27,"covered":1,"skipped":0,"pct":3.7},"branches":{"total":42,"covered":0,"skipped":0,"pct":0}}
,"C:\\dev\\lumina\\components\\appointments\\conflict-resolution-modal.tsx": {"lines":{"total":42,"covered":21,"skipped":0,"pct":50},"functions":{"total":15,"covered":5,"skipped":0,"pct":33.33},"statements":{"total":44,"covered":22,"skipped":0,"pct":50},"branches":{"total":40,"covered":14,"skipped":0,"pct":35}}
,"C:\\dev\\lumina\\components\\appointments\\date-range-picker.tsx": {"lines":{"total":49,"covered":0,"skipped":0,"pct":0},"functions":{"total":17,"covered":0,"skipped":0,"pct":0},"statements":{"total":50,"covered":0,"skipped":0,"pct":0},"branches":{"total":23,"covered":0,"skipped":0,"pct":0}}
,"C:\\dev\\lumina\\components\\appointments\\day-view.tsx": {"lines":{"total":95,"covered":2,"skipped":0,"pct":2.1},"functions":{"total":20,"covered":2,"skipped":0,"pct":10},"statements":{"total":107,"covered":3,"skipped":0,"pct":2.8},"branches":{"total":57,"covered":0,"skipped":0,"pct":0}}
,"C:\\dev\\lumina\\components\\appointments\\drag-drop-context.tsx": {"lines":{"total":49,"covered":21,"skipped":0,"pct":42.85},"functions":{"total":14,"covered":4,"skipped":0,"pct":28.57},"statements":{"total":50,"covered":21,"skipped":0,"pct":42},"branches":{"total":21,"covered":2,"skipped":0,"pct":9.52}}
,"C:\\dev\\lumina\\components\\appointments\\drag-drop-manager.tsx": {"lines":{"total":47,"covered":14,"skipped":0,"pct":29.78},"functions":{"total":15,"covered":3,"skipped":0,"pct":20},"statements":{"total":54,"covered":15,"skipped":0,"pct":27.77},"branches":{"total":15,"covered":0,"skipped":0,"pct":0}}
,"C:\\dev\\lumina\\components\\appointments\\drop-zone.tsx": {"lines":{"total":62,"covered":0,"skipped":0,"pct":0},"functions":{"total":10,"covered":0,"skipped":0,"pct":0},"statements":{"total":66,"covered":0,"skipped":0,"pct":0},"branches":{"total":57,"covered":0,"skipped":0,"pct":0}}
,"C:\\dev\\lumina\\components\\appointments\\filter-presets.tsx": {"lines":{"total":14,"covered":0,"skipped":0,"pct":0},"functions":{"total":4,"covered":0,"skipped":0,"pct":0},"statements":{"total":14,"covered":0,"skipped":0,"pct":0},"branches":{"total":9,"covered":0,"skipped":0,"pct":0}}
,"C:\\dev\\lumina\\components\\appointments\\index.ts": {"lines":{"total":0,"covered":0,"skipped":0,"pct":0},"functions":{"total":0,"covered":0,"skipped":0,"pct":0},"statements":{"total":0,"covered":0,"skipped":0,"pct":0},"branches":{"total":0,"covered":0,"skipped":0,"pct":0}}
,"C:\\dev\\lumina\\components\\appointments\\mobile-appointment-dashboard.tsx": {"lines":{"total":58,"covered":0,"skipped":0,"pct":0},"functions":{"total":15,"covered":0,"skipped":0,"pct":0},"statements":{"total":58,"covered":0,"skipped":0,"pct":0},"branches":{"total":21,"covered":0,"skipped":0,"pct":0}}
,"C:\\dev\\lumina\\components\\appointments\\mobile-appointment-modal.tsx": {"lines":{"total":84,"covered":0,"skipped":0,"pct":0},"functions":{"total":22,"covered":0,"skipped":0,"pct":0},"statements":{"total":85,"covered":0,"skipped":0,"pct":0},"branches":{"total":58,"covered":0,"skipped":0,"pct":0}}
,"C:\\dev\\lumina\\components\\appointments\\mobile-calendar-header.tsx": {"lines":{"total":53,"covered":39,"skipped":0,"pct":73.58},"functions":{"total":19,"covered":8,"skipped":0,"pct":42.1},"statements":{"total":53,"covered":39,"skipped":0,"pct":73.58},"branches":{"total":35,"covered":31,"skipped":0,"pct":88.57}}
,"C:\\dev\\lumina\\components\\appointments\\mobile-calendar-view.tsx": {"lines":{"total":45,"covered":0,"skipped":0,"pct":0},"functions":{"total":12,"covered":0,"skipped":0,"pct":0},"statements":{"total":45,"covered":0,"skipped":0,"pct":0},"branches":{"total":33,"covered":0,"skipped":0,"pct":0}}
,"C:\\dev\\lumina\\components\\appointments\\mobile-search-filters.tsx": {"lines":{"total":79,"covered":0,"skipped":0,"pct":0},"functions":{"total":39,"covered":0,"skipped":0,"pct":0},"statements":{"total":87,"covered":0,"skipped":0,"pct":0},"branches":{"total":87,"covered":0,"skipped":0,"pct":0}}
,"C:\\dev\\lumina\\components\\appointments\\month-view.tsx": {"lines":{"total":64,"covered":1,"skipped":0,"pct":1.56},"functions":{"total":18,"covered":1,"skipped":0,"pct":5.55},"statements":{"total":72,"covered":1,"skipped":0,"pct":1.38},"branches":{"total":46,"covered":0,"skipped":0,"pct":0}}
,"C:\\dev\\lumina\\components\\appointments\\multi-select-filter.tsx": {"lines":{"total":36,"covered":0,"skipped":0,"pct":0},"functions":{"total":20,"covered":0,"skipped":0,"pct":0},"statements":{"total":42,"covered":0,"skipped":0,"pct":0},"branches":{"total":38,"covered":0,"skipped":0,"pct":0}}
,"C:\\dev\\lumina\\components\\appointments\\notification-toast.tsx": {"lines":{"total":43,"covered":4,"skipped":0,"pct":9.3},"functions":{"total":27,"covered":2,"skipped":0,"pct":7.4},"statements":{"total":44,"covered":4,"skipped":0,"pct":9.09},"branches":{"total":10,"covered":0,"skipped":0,"pct":0}}
,"C:\\dev\\lumina\\components\\appointments\\optimized-calendar-view.tsx": {"lines":{"total":100,"covered":0,"skipped":0,"pct":0},"functions":{"total":30,"covered":0,"skipped":0,"pct":0},"statements":{"total":105,"covered":0,"skipped":0,"pct":0},"branches":{"total":24,"covered":0,"skipped":0,"pct":0}}
,"C:\\dev\\lumina\\components\\appointments\\real-time-status.tsx": {"lines":{"total":23,"covered":17,"skipped":0,"pct":73.91},"functions":{"total":4,"covered":4,"skipped":0,"pct":100},"statements":{"total":23,"covered":17,"skipped":0,"pct":73.91},"branches":{"total":35,"covered":19,"skipped":0,"pct":54.28}}
,"C:\\dev\\lumina\\components\\appointments\\search-filters.tsx": {"lines":{"total":53,"covered":38,"skipped":0,"pct":71.69},"functions":{"total":25,"covered":16,"skipped":0,"pct":64},"statements":{"total":61,"covered":44,"skipped":0,"pct":72.13},"branches":{"total":43,"covered":36,"skipped":0,"pct":83.72}}
,"C:\\dev\\lumina\\components\\appointments\\search-result-highlight.tsx": {"lines":{"total":6,"covered":0,"skipped":0,"pct":0},"functions":{"total":4,"covered":0,"skipped":0,"pct":0},"statements":{"total":7,"covered":0,"skipped":0,"pct":0},"branches":{"total":15,"covered":0,"skipped":0,"pct":0}}
,"C:\\dev\\lumina\\components\\appointments\\search-results.tsx": {"lines":{"total":37,"covered":0,"skipped":0,"pct":0},"functions":{"total":14,"covered":0,"skipped":0,"pct":0},"statements":{"total":37,"covered":0,"skipped":0,"pct":0},"branches":{"total":31,"covered":0,"skipped":0,"pct":0}}
,"C:\\dev\\lumina\\components\\appointments\\time-slot.tsx": {"lines":{"total":14,"covered":10,"skipped":0,"pct":71.42},"functions":{"total":6,"covered":4,"skipped":0,"pct":66.66},"statements":{"total":14,"covered":10,"skipped":0,"pct":71.42},"branches":{"total":14,"covered":8,"skipped":0,"pct":57.14}}
,"C:\\dev\\lumina\\components\\appointments\\undo-notification.tsx": {"lines":{"total":45,"covered":12,"skipped":0,"pct":26.66},"functions":{"total":13,"covered":2,"skipped":0,"pct":15.38},"statements":{"total":46,"covered":12,"skipped":0,"pct":26.08},"branches":{"total":21,"covered":3,"skipped":0,"pct":14.28}}
,"C:\\dev\\lumina\\components\\appointments\\virtual-appointment-list.tsx": {"lines":{"total":58,"covered":0,"skipped":0,"pct":0},"functions":{"total":16,"covered":0,"skipped":0,"pct":0},"statements":{"total":62,"covered":0,"skipped":0,"pct":0},"branches":{"total":15,"covered":0,"skipped":0,"pct":0}}
,"C:\\dev\\lumina\\components\\appointments\\week-view.tsx": {"lines":{"total":108,"covered":82,"skipped":0,"pct":75.92},"functions":{"total":25,"covered":20,"skipped":0,"pct":80},"statements":{"total":118,"covered":88,"skipped":0,"pct":74.57},"branches":{"total":53,"covered":30,"skipped":0,"pct":56.6}}
,"C:\\dev\\lumina\\components\\auth\\signin-form.tsx": {"lines":{"total":59,"covered":0,"skipped":0,"pct":0},"functions":{"total":10,"covered":0,"skipped":0,"pct":0},"statements":{"total":61,"covered":0,"skipped":0,"pct":0},"branches":{"total":40,"covered":0,"skipped":0,"pct":0}}
,"C:\\dev\\lumina\\components\\auth\\signup-form.tsx": {"lines":{"total":55,"covered":0,"skipped":0,"pct":0},"functions":{"total":11,"covered":0,"skipped":0,"pct":0},"statements":{"total":58,"covered":0,"skipped":0,"pct":0},"branches":{"total":48,"covered":0,"skipped":0,"pct":0}}
,"C:\\dev\\lumina\\components\\booking\\analytics-provider.tsx": {"lines":{"total":49,"covered":0,"skipped":0,"pct":0},"functions":{"total":17,"covered":0,"skipped":0,"pct":0},"statements":{"total":52,"covered":0,"skipped":0,"pct":0},"branches":{"total":16,"covered":0,"skipped":0,"pct":0}}
,"C:\\dev\\lumina\\components\\booking\\appointment-card-skeleton.tsx": {"lines":{"total":3,"covered":0,"skipped":0,"pct":0},"functions":{"total":3,"covered":0,"skipped":0,"pct":0},"statements":{"total":3,"covered":0,"skipped":0,"pct":0},"branches":{"total":1,"covered":0,"skipped":0,"pct":0}}
,"C:\\dev\\lumina\\components\\booking\\booking-confirmation-step.tsx": {"lines":{"total":48,"covered":0,"skipped":0,"pct":0},"functions":{"total":9,"covered":0,"skipped":0,"pct":0},"statements":{"total":48,"covered":0,"skipped":0,"pct":0},"branches":{"total":48,"covered":0,"skipped":0,"pct":0}}
,"C:\\dev\\lumina\\components\\booking\\booking-confirmation.tsx": {"lines":{"total":17,"covered":0,"skipped":0,"pct":0},"functions":{"total":5,"covered":0,"skipped":0,"pct":0},"statements":{"total":17,"covered":0,"skipped":0,"pct":0},"branches":{"total":8,"covered":0,"skipped":0,"pct":0}}
,"C:\\dev\\lumina\\components\\booking\\booking-container.tsx": {"lines":{"total":17,"covered":0,"skipped":0,"pct":0},"functions":{"total":8,"covered":0,"skipped":0,"pct":0},"statements":{"total":21,"covered":0,"skipped":0,"pct":0},"branches":{"total":21,"covered":0,"skipped":0,"pct":0}}
,"C:\\dev\\lumina\\components\\booking\\booking-error-boundary.tsx": {"lines":{"total":25,"covered":0,"skipped":0,"pct":0},"functions":{"total":10,"covered":0,"skipped":0,"pct":0},"statements":{"total":25,"covered":0,"skipped":0,"pct":0},"branches":{"total":25,"covered":0,"skipped":0,"pct":0}}
,"C:\\dev\\lumina\\components\\booking\\booking-error-handler.tsx": {"lines":{"total":41,"covered":16,"skipped":0,"pct":39.02},"functions":{"total":16,"covered":3,"skipped":0,"pct":18.75},"statements":{"total":45,"covered":16,"skipped":0,"pct":35.55},"branches":{"total":45,"covered":18,"skipped":0,"pct":40}}
,"C:\\dev\\lumina\\components\\booking\\booking-interface.tsx": {"lines":{"total":34,"covered":0,"skipped":0,"pct":0},"functions":{"total":9,"covered":0,"skipped":0,"pct":0},"statements":{"total":34,"covered":0,"skipped":0,"pct":0},"branches":{"total":18,"covered":0,"skipped":0,"pct":0}}
,"C:\\dev\\lumina\\components\\booking\\booking-loading-states.tsx": {"lines":{"total":50,"covered":25,"skipped":0,"pct":50},"functions":{"total":24,"covered":9,"skipped":0,"pct":37.5},"statements":{"total":54,"covered":26,"skipped":0,"pct":48.14},"branches":{"total":49,"covered":12,"skipped":0,"pct":24.48}}
,"C:\\dev\\lumina\\components\\booking\\booking-management.tsx": {"lines":{"total":75,"covered":0,"skipped":0,"pct":0},"functions":{"total":14,"covered":0,"skipped":0,"pct":0},"statements":{"total":75,"covered":0,"skipped":0,"pct":0},"branches":{"total":54,"covered":0,"skipped":0,"pct":0}}
,"C:\\dev\\lumina\\components\\booking\\booking-progress.tsx": {"lines":{"total":7,"covered":0,"skipped":0,"pct":0},"functions":{"total":3,"covered":0,"skipped":0,"pct":0},"statements":{"total":8,"covered":0,"skipped":0,"pct":0},"branches":{"total":14,"covered":0,"skipped":0,"pct":0}}
,"C:\\dev\\lumina\\components\\booking\\client-information-form.tsx": {"lines":{"total":45,"covered":44,"skipped":0,"pct":97.77},"functions":{"total":7,"covered":7,"skipped":0,"pct":100},"statements":{"total":51,"covered":49,"skipped":0,"pct":96.07},"branches":{"total":84,"covered":75,"skipped":0,"pct":89.28}}
,"C:\\dev\\lumina\\components\\booking\\customer-form.tsx": {"lines":{"total":18,"covered":0,"skipped":0,"pct":0},"functions":{"total":5,"covered":0,"skipped":0,"pct":0},"statements":{"total":18,"covered":0,"skipped":0,"pct":0},"branches":{"total":7,"covered":0,"skipped":0,"pct":0}}
,"C:\\dev\\lumina\\components\\booking\\date-time-picker.tsx": {"lines":{"total":47,"covered":0,"skipped":0,"pct":0},"functions":{"total":14,"covered":0,"skipped":0,"pct":0},"statements":{"total":47,"covered":0,"skipped":0,"pct":0},"branches":{"total":37,"covered":0,"skipped":0,"pct":0}}
,"C:\\dev\\lumina\\components\\booking\\mobile-optimized-booking.tsx": {"lines":{"total":45,"covered":30,"skipped":0,"pct":66.66},"functions":{"total":11,"covered":7,"skipped":0,"pct":63.63},"statements":{"total":47,"covered":31,"skipped":0,"pct":65.95},"branches":{"total":53,"covered":37,"skipped":0,"pct":69.81}}
,"C:\\dev\\lumina\\components\\booking\\offline-support.tsx": {"lines":{"total":88,"covered":33,"skipped":0,"pct":37.5},"functions":{"total":31,"covered":8,"skipped":0,"pct":25.8},"statements":{"total":93,"covered":33,"skipped":0,"pct":35.48},"branches":{"total":43,"covered":24,"skipped":0,"pct":55.81}}
,"C:\\dev\\lumina\\components\\booking\\optimized-booking-interface.tsx": {"lines":{"total":83,"covered":0,"skipped":0,"pct":0},"functions":{"total":39,"covered":0,"skipped":0,"pct":0},"statements":{"total":100,"covered":0,"skipped":0,"pct":0},"branches":{"total":57,"covered":0,"skipped":0,"pct":0}}
,"C:\\dev\\lumina\\components\\booking\\progressive-loading.tsx": {"lines":{"total":89,"covered":23,"skipped":0,"pct":25.84},"functions":{"total":26,"covered":8,"skipped":0,"pct":30.76},"statements":{"total":95,"covered":26,"skipped":0,"pct":27.36},"branches":{"total":73,"covered":23,"skipped":0,"pct":31.5}}
,"C:\\dev\\lumina\\components\\booking\\public-booking-interface.tsx": {"lines":{"total":45,"covered":0,"skipped":0,"pct":0},"functions":{"total":16,"covered":0,"skipped":0,"pct":0},"statements":{"total":50,"covered":0,"skipped":0,"pct":0},"branches":{"total":28,"covered":0,"skipped":0,"pct":0}}
,"C:\\dev\\lumina\\components\\booking\\public-booking-layout.tsx": {"lines":{"total":8,"covered":0,"skipped":0,"pct":0},"functions":{"total":5,"covered":0,"skipped":0,"pct":0},"statements":{"total":8,"covered":0,"skipped":0,"pct":0},"branches":{"total":38,"covered":0,"skipped":0,"pct":0}}
,"C:\\dev\\lumina\\components\\booking\\service-selection.tsx": {"lines":{"total":94,"covered":80,"skipped":0,"pct":85.1},"functions":{"total":31,"covered":23,"skipped":0,"pct":74.19},"statements":{"total":96,"covered":81,"skipped":0,"pct":84.37},"branches":{"total":90,"covered":68,"skipped":0,"pct":75.55}}
,"C:\\dev\\lumina\\components\\booking\\simple-booking-layout.tsx": {"lines":{"total":1,"covered":0,"skipped":0,"pct":0},"functions":{"total":1,"covered":0,"skipped":0,"pct":0},"statements":{"total":1,"covered":0,"skipped":0,"pct":0},"branches":{"total":6,"covered":0,"skipped":0,"pct":0}}
,"C:\\dev\\lumina\\components\\booking\\staff-availability-manager.tsx": {"lines":{"total":72,"covered":0,"skipped":0,"pct":0},"functions":{"total":35,"covered":0,"skipped":0,"pct":0},"statements":{"total":79,"covered":0,"skipped":0,"pct":0},"branches":{"total":48,"covered":0,"skipped":0,"pct":0}}
,"C:\\dev\\lumina\\components\\booking\\staff-time-selection.tsx": {"lines":{"total":129,"covered":0,"skipped":0,"pct":0},"functions":{"total":41,"covered":0,"skipped":0,"pct":0},"statements":{"total":136,"covered":0,"skipped":0,"pct":0},"branches":{"total":77,"covered":0,"skipped":0,"pct":0}}
,"C:\\dev\\lumina\\components\\charts\\revenue-chart.tsx": {"lines":{"total":13,"covered":0,"skipped":0,"pct":0},"functions":{"total":6,"covered":0,"skipped":0,"pct":0},"statements":{"total":14,"covered":0,"skipped":0,"pct":0},"branches":{"total":22,"covered":0,"skipped":0,"pct":0}}
,"C:\\dev\\lumina\\components\\clients\\client-create-dialog.tsx": {"lines":{"total":44,"covered":0,"skipped":0,"pct":0},"functions":{"total":18,"covered":0,"skipped":0,"pct":0},"statements":{"total":45,"covered":0,"skipped":0,"pct":0},"branches":{"total":38,"covered":0,"skipped":0,"pct":0}}
,"C:\\dev\\lumina\\components\\clients\\client-detail.tsx": {"lines":{"total":51,"covered":0,"skipped":0,"pct":0},"functions":{"total":15,"covered":0,"skipped":0,"pct":0},"statements":{"total":54,"covered":0,"skipped":0,"pct":0},"branches":{"total":42,"covered":0,"skipped":0,"pct":0}}
,"C:\\dev\\lumina\\components\\clients\\client-details-dialog.tsx": {"lines":{"total":34,"covered":0,"skipped":0,"pct":0},"functions":{"total":10,"covered":0,"skipped":0,"pct":0},"statements":{"total":39,"covered":0,"skipped":0,"pct":0},"branches":{"total":58,"covered":0,"skipped":0,"pct":0}}
,"C:\\dev\\lumina\\components\\clients\\client-edit-dialog.tsx": {"lines":{"total":47,"covered":0,"skipped":0,"pct":0},"functions":{"total":19,"covered":0,"skipped":0,"pct":0},"statements":{"total":49,"covered":0,"skipped":0,"pct":0},"branches":{"total":58,"covered":0,"skipped":0,"pct":0}}
,"C:\\dev\\lumina\\components\\clients\\client-form.tsx": {"lines":{"total":63,"covered":0,"skipped":0,"pct":0},"functions":{"total":22,"covered":0,"skipped":0,"pct":0},"statements":{"total":65,"covered":0,"skipped":0,"pct":0},"branches":{"total":52,"covered":0,"skipped":0,"pct":0}}
,"C:\\dev\\lumina\\components\\clients\\client-insights-card.tsx": {"lines":{"total":14,"covered":0,"skipped":0,"pct":0},"functions":{"total":5,"covered":0,"skipped":0,"pct":0},"statements":{"total":14,"covered":0,"skipped":0,"pct":0},"branches":{"total":14,"covered":0,"skipped":0,"pct":0}}
,"C:\\dev\\lumina\\components\\clients\\client-list.tsx": {"lines":{"total":79,"covered":0,"skipped":0,"pct":0},"functions":{"total":24,"covered":0,"skipped":0,"pct":0},"statements":{"total":85,"covered":0,"skipped":0,"pct":0},"branches":{"total":69,"covered":0,"skipped":0,"pct":0}}
,"C:\\dev\\lumina\\components\\clients\\clients-page-content.tsx": {"lines":{"total":27,"covered":0,"skipped":0,"pct":0},"functions":{"total":12,"covered":0,"skipped":0,"pct":0},"statements":{"total":28,"covered":0,"skipped":0,"pct":0},"branches":{"total":4,"covered":0,"skipped":0,"pct":0}}
,"C:\\dev\\lumina\\components\\clients\\compact-client-card.tsx": {"lines":{"total":31,"covered":0,"skipped":0,"pct":0},"functions":{"total":10,"covered":0,"skipped":0,"pct":0},"statements":{"total":31,"covered":0,"skipped":0,"pct":0},"branches":{"total":19,"covered":0,"skipped":0,"pct":0}}
,"C:\\dev\\lumina\\components\\clients\\comprehensive-client-management.tsx": {"lines":{"total":91,"covered":0,"skipped":0,"pct":0},"functions":{"total":28,"covered":0,"skipped":0,"pct":0},"statements":{"total":98,"covered":0,"skipped":0,"pct":0},"branches":{"total":102,"covered":0,"skipped":0,"pct":0}}
,"C:\\dev\\lumina\\components\\clients\\enhanced-client-management.tsx": {"lines":{"total":73,"covered":0,"skipped":0,"pct":0},"functions":{"total":22,"covered":0,"skipped":0,"pct":0},"statements":{"total":76,"covered":0,"skipped":0,"pct":0},"branches":{"total":78,"covered":0,"skipped":0,"pct":0}}
,"C:\\dev\\lumina\\components\\clients\\quick-book-dialog.tsx": {"lines":{"total":4,"covered":0,"skipped":0,"pct":0},"functions":{"total":2,"covered":0,"skipped":0,"pct":0},"statements":{"total":5,"covered":0,"skipped":0,"pct":0},"branches":{"total":4,"covered":0,"skipped":0,"pct":0}}
,"C:\\dev\\lumina\\components\\clients\\import\\data-mapping.tsx": {"lines":{"total":47,"covered":0,"skipped":0,"pct":0},"functions":{"total":18,"covered":0,"skipped":0,"pct":0},"statements":{"total":48,"covered":0,"skipped":0,"pct":0},"branches":{"total":40,"covered":0,"skipped":0,"pct":0}}
,"C:\\dev\\lumina\\components\\clients\\import\\file-upload.tsx": {"lines":{"total":42,"covered":0,"skipped":0,"pct":0},"functions":{"total":6,"covered":0,"skipped":0,"pct":0},"statements":{"total":43,"covered":0,"skipped":0,"pct":0},"branches":{"total":31,"covered":0,"skipped":0,"pct":0}}
,"C:\\dev\\lumina\\components\\clients\\import\\import-results.tsx": {"lines":{"total":17,"covered":0,"skipped":0,"pct":0},"functions":{"total":6,"covered":0,"skipped":0,"pct":0},"statements":{"total":19,"covered":0,"skipped":0,"pct":0},"branches":{"total":28,"covered":0,"skipped":0,"pct":0}}
,"C:\\dev\\lumina\\components\\dashboard\\dashboard-header.tsx": {"lines":{"total":4,"covered":0,"skipped":0,"pct":0},"functions":{"total":2,"covered":0,"skipped":0,"pct":0},"statements":{"total":4,"covered":0,"skipped":0,"pct":0},"branches":{"total":2,"covered":0,"skipped":0,"pct":0}}
,"C:\\dev\\lumina\\components\\dashboard\\dashboard-layout.tsx": {"lines":{"total":13,"covered":0,"skipped":0,"pct":0},"functions":{"total":7,"covered":0,"skipped":0,"pct":0},"statements":{"total":14,"covered":0,"skipped":0,"pct":0},"branches":{"total":2,"covered":0,"skipped":0,"pct":0}}
,"C:\\dev\\lumina\\components\\dashboard\\dashboard-nav.tsx": {"lines":{"total":20,"covered":0,"skipped":0,"pct":0},"functions":{"total":8,"covered":0,"skipped":0,"pct":0},"statements":{"total":20,"covered":0,"skipped":0,"pct":0},"branches":{"total":20,"covered":0,"skipped":0,"pct":0}}
,"C:\\dev\\lumina\\components\\dashboard\\enhanced-stat-card.tsx": {"lines":{"total":25,"covered":0,"skipped":0,"pct":0},"functions":{"total":10,"covered":0,"skipped":0,"pct":0},"statements":{"total":26,"covered":0,"skipped":0,"pct":0},"branches":{"total":37,"covered":0,"skipped":0,"pct":0}}
,"C:\\dev\\lumina\\components\\dashboard\\schedule-item.tsx": {"lines":{"total":13,"covered":0,"skipped":0,"pct":0},"functions":{"total":3,"covered":0,"skipped":0,"pct":0},"statements":{"total":13,"covered":0,"skipped":0,"pct":0},"branches":{"total":13,"covered":0,"skipped":0,"pct":0}}
,"C:\\dev\\lumina\\components\\dashboard\\sidebar-navigation.tsx": {"lines":{"total":30,"covered":0,"skipped":0,"pct":0},"functions":{"total":16,"covered":0,"skipped":0,"pct":0},"statements":{"total":32,"covered":0,"skipped":0,"pct":0},"branches":{"total":58,"covered":0,"skipped":0,"pct":0}}
,"C:\\dev\\lumina\\components\\dashboard\\todays-schedule-card.tsx": {"lines":{"total":10,"covered":0,"skipped":0,"pct":0},"functions":{"total":5,"covered":0,"skipped":0,"pct":0},"statements":{"total":10,"covered":0,"skipped":0,"pct":0},"branches":{"total":9,"covered":0,"skipped":0,"pct":0}}
,"C:\\dev\\lumina\\components\\dashboard\\widget-base.tsx": {"lines":{"total":8,"covered":0,"skipped":0,"pct":0},"functions":{"total":6,"covered":0,"skipped":0,"pct":0},"statements":{"total":8,"covered":0,"skipped":0,"pct":0},"branches":{"total":16,"covered":0,"skipped":0,"pct":0}}
,"C:\\dev\\lumina\\components\\dashboard\\charts\\appointment-chart.tsx": {"lines":{"total":18,"covered":0,"skipped":0,"pct":0},"functions":{"total":8,"covered":0,"skipped":0,"pct":0},"statements":{"total":18,"covered":0,"skipped":0,"pct":0},"branches":{"total":14,"covered":0,"skipped":0,"pct":0}}
,"C:\\dev\\lumina\\components\\dashboard\\charts\\revenue-chart.tsx": {"lines":{"total":19,"covered":0,"skipped":0,"pct":0},"functions":{"total":7,"covered":0,"skipped":0,"pct":0},"statements":{"total":19,"covered":0,"skipped":0,"pct":0},"branches":{"total":25,"covered":0,"skipped":0,"pct":0}}
,"C:\\dev\\lumina\\components\\dashboard\\charts\\staff-performance-chart.tsx": {"lines":{"total":18,"covered":0,"skipped":0,"pct":0},"functions":{"total":5,"covered":0,"skipped":0,"pct":0},"statements":{"total":18,"covered":0,"skipped":0,"pct":0},"branches":{"total":11,"covered":0,"skipped":0,"pct":0}}
,"C:\\dev\\lumina\\components\\dashboard\\widgets\\client-metrics-widget.tsx": {"lines":{"total":14,"covered":0,"skipped":0,"pct":0},"functions":{"total":6,"covered":0,"skipped":0,"pct":0},"statements":{"total":14,"covered":0,"skipped":0,"pct":0},"branches":{"total":24,"covered":0,"skipped":0,"pct":0}}
,"C:\\dev\\lumina\\components\\dashboard\\widgets\\quick-stats-widget.tsx": {"lines":{"total":16,"covered":0,"skipped":0,"pct":0},"functions":{"total":5,"covered":0,"skipped":0,"pct":0},"statements":{"total":16,"covered":0,"skipped":0,"pct":0},"branches":{"total":27,"covered":0,"skipped":0,"pct":0}}
,"C:\\dev\\lumina\\components\\dashboard\\widgets\\recent-activity-widget.tsx": {"lines":{"total":24,"covered":0,"skipped":0,"pct":0},"functions":{"total":10,"covered":0,"skipped":0,"pct":0},"statements":{"total":27,"covered":0,"skipped":0,"pct":0},"branches":{"total":18,"covered":0,"skipped":0,"pct":0}}
,"C:\\dev\\lumina\\components\\dashboard\\widgets\\revenue-chart-widget.tsx": {"lines":{"total":12,"covered":0,"skipped":0,"pct":0},"functions":{"total":5,"covered":0,"skipped":0,"pct":0},"statements":{"total":13,"covered":0,"skipped":0,"pct":0},"branches":{"total":22,"covered":0,"skipped":0,"pct":0}}
,"C:\\dev\\lumina\\components\\dev\\performance-monitor.tsx": {"lines":{"total":29,"covered":0,"skipped":0,"pct":0},"functions":{"total":13,"covered":0,"skipped":0,"pct":0},"statements":{"total":32,"covered":0,"skipped":0,"pct":0},"branches":{"total":43,"covered":0,"skipped":0,"pct":0}}
,"C:\\dev\\lumina\\components\\onboarding\\progress-indicator.tsx": {"lines":{"total":6,"covered":0,"skipped":0,"pct":0},"functions":{"total":3,"covered":0,"skipped":0,"pct":0},"statements":{"total":7,"covered":0,"skipped":0,"pct":0},"branches":{"total":11,"covered":0,"skipped":0,"pct":0}}
,"C:\\dev\\lumina\\components\\onboarding\\step-container.tsx": {"lines":{"total":1,"covered":0,"skipped":0,"pct":0},"functions":{"total":1,"covered":0,"skipped":0,"pct":0},"statements":{"total":1,"covered":0,"skipped":0,"pct":0},"branches":{"total":2,"covered":0,"skipped":0,"pct":0}}
,"C:\\dev\\lumina\\components\\onboarding\\step-navigation.tsx": {"lines":{"total":3,"covered":0,"skipped":0,"pct":0},"functions":{"total":1,"covered":0,"skipped":0,"pct":0},"statements":{"total":3,"covered":0,"skipped":0,"pct":0},"branches":{"total":14,"covered":0,"skipped":0,"pct":0}}
,"C:\\dev\\lumina\\components\\onboarding\\steps\\address-step.tsx": {"lines":{"total":13,"covered":0,"skipped":0,"pct":0},"functions":{"total":9,"covered":0,"skipped":0,"pct":0},"statements":{"total":14,"covered":0,"skipped":0,"pct":0},"branches":{"total":24,"covered":0,"skipped":0,"pct":0}}
,"C:\\dev\\lumina\\components\\onboarding\\steps\\basic-info-step.tsx": {"lines":{"total":13,"covered":0,"skipped":0,"pct":0},"functions":{"total":8,"covered":0,"skipped":0,"pct":0},"statements":{"total":13,"covered":0,"skipped":0,"pct":0},"branches":{"total":15,"covered":0,"skipped":0,"pct":0}}
,"C:\\dev\\lumina\\components\\onboarding\\steps\\financial-model-step.tsx": {"lines":{"total":10,"covered":0,"skipped":0,"pct":0},"functions":{"total":6,"covered":0,"skipped":0,"pct":0},"statements":{"total":10,"covered":0,"skipped":0,"pct":0},"branches":{"total":8,"covered":0,"skipped":0,"pct":0}}
,"C:\\dev\\lumina\\components\\onboarding\\steps\\operating-hours-step.tsx": {"lines":{"total":11,"covered":0,"skipped":0,"pct":0},"functions":{"total":6,"covered":0,"skipped":0,"pct":0},"statements":{"total":11,"covered":0,"skipped":0,"pct":0},"branches":{"total":8,"covered":0,"skipped":0,"pct":0}}
,"C:\\dev\\lumina\\components\\onboarding\\steps\\settings-step.tsx": {"lines":{"total":14,"covered":0,"skipped":0,"pct":0},"functions":{"total":11,"covered":0,"skipped":0,"pct":0},"statements":{"total":14,"covered":0,"skipped":0,"pct":0},"branches":{"total":16,"covered":0,"skipped":0,"pct":0}}
,"C:\\dev\\lumina\\components\\payments\\financial-dashboard.tsx": {"lines":{"total":42,"covered":0,"skipped":0,"pct":0},"functions":{"total":8,"covered":0,"skipped":0,"pct":0},"statements":{"total":42,"covered":0,"skipped":0,"pct":0},"branches":{"total":49,"covered":0,"skipped":0,"pct":0}}
,"C:\\dev\\lumina\\components\\payments\\index.ts": {"lines":{"total":0,"covered":0,"skipped":0,"pct":0},"functions":{"total":0,"covered":0,"skipped":0,"pct":0},"statements":{"total":0,"covered":0,"skipped":0,"pct":0},"branches":{"total":0,"covered":0,"skipped":0,"pct":0}}
,"C:\\dev\\lumina\\components\\payments\\payment-form.tsx": {"lines":{"total":63,"covered":0,"skipped":0,"pct":0},"functions":{"total":5,"covered":0,"skipped":0,"pct":0},"statements":{"total":63,"covered":0,"skipped":0,"pct":0},"branches":{"total":37,"covered":0,"skipped":0,"pct":0}}
,"C:\\dev\\lumina\\components\\payments\\payments-page-content.tsx": {"lines":{"total":3,"covered":0,"skipped":0,"pct":0},"functions":{"total":2,"covered":0,"skipped":0,"pct":0},"statements":{"total":3,"covered":0,"skipped":0,"pct":0},"branches":{"total":0,"covered":0,"skipped":0,"pct":100}}
,"C:\\dev\\lumina\\components\\payments\\pos-interface.tsx": {"lines":{"total":83,"covered":0,"skipped":0,"pct":0},"functions":{"total":20,"covered":0,"skipped":0,"pct":0},"statements":{"total":86,"covered":0,"skipped":0,"pct":0},"branches":{"total":48,"covered":0,"skipped":0,"pct":0}}
,"C:\\dev\\lumina\\components\\payments\\transaction-history.tsx": {"lines":{"total":65,"covered":0,"skipped":0,"pct":0},"functions":{"total":15,"covered":0,"skipped":0,"pct":0},"statements":{"total":65,"covered":0,"skipped":0,"pct":0},"branches":{"total":63,"covered":0,"skipped":0,"pct":0}}
,"C:\\dev\\lumina\\components\\services\\service-card.tsx": {"lines":{"total":14,"covered":0,"skipped":0,"pct":0},"functions":{"total":8,"covered":0,"skipped":0,"pct":0},"statements":{"total":14,"covered":0,"skipped":0,"pct":0},"branches":{"total":31,"covered":0,"skipped":0,"pct":0}}
,"C:\\dev\\lumina\\components\\services\\service-create-dialog.tsx": {"lines":{"total":26,"covered":0,"skipped":0,"pct":0},"functions":{"total":10,"covered":0,"skipped":0,"pct":0},"statements":{"total":26,"covered":0,"skipped":0,"pct":0},"branches":{"total":16,"covered":0,"skipped":0,"pct":0}}
,"C:\\dev\\lumina\\components\\services\\service-edit-dialog.tsx": {"lines":{"total":29,"covered":0,"skipped":0,"pct":0},"functions":{"total":11,"covered":0,"skipped":0,"pct":0},"statements":{"total":30,"covered":0,"skipped":0,"pct":0},"branches":{"total":24,"covered":0,"skipped":0,"pct":0}}
,"C:\\dev\\lumina\\components\\services\\service-form.tsx": {"lines":{"total":17,"covered":0,"skipped":0,"pct":0},"functions":{"total":11,"covered":0,"skipped":0,"pct":0},"statements":{"total":17,"covered":0,"skipped":0,"pct":0},"branches":{"total":27,"covered":0,"skipped":0,"pct":0}}
,"C:\\dev\\lumina\\components\\services\\service-list.tsx": {"lines":{"total":60,"covered":0,"skipped":0,"pct":0},"functions":{"total":18,"covered":0,"skipped":0,"pct":0},"statements":{"total":60,"covered":0,"skipped":0,"pct":0},"branches":{"total":59,"covered":0,"skipped":0,"pct":0}}
,"C:\\dev\\lumina\\components\\services\\services-list.tsx": {"lines":{"total":17,"covered":0,"skipped":0,"pct":0},"functions":{"total":9,"covered":0,"skipped":0,"pct":0},"statements":{"total":17,"covered":0,"skipped":0,"pct":0},"branches":{"total":34,"covered":0,"skipped":0,"pct":0}}
,"C:\\dev\\lumina\\components\\services\\services-page-content.tsx": {"lines":{"total":3,"covered":0,"skipped":0,"pct":0},"functions":{"total":2,"covered":0,"skipped":0,"pct":0},"statements":{"total":3,"covered":0,"skipped":0,"pct":0},"branches":{"total":0,"covered":0,"skipped":0,"pct":100}}
,"C:\\dev\\lumina\\components\\settings\\settings-page-content.tsx": {"lines":{"total":3,"covered":0,"skipped":0,"pct":0},"functions":{"total":2,"covered":0,"skipped":0,"pct":0},"statements":{"total":3,"covered":0,"skipped":0,"pct":0},"branches":{"total":0,"covered":0,"skipped":0,"pct":100}}
,"C:\\dev\\lumina\\components\\staff\\employment-calculation-preview.tsx": {"lines":{"total":23,"covered":0,"skipped":0,"pct":0},"functions":{"total":7,"covered":0,"skipped":0,"pct":0},"statements":{"total":25,"covered":0,"skipped":0,"pct":0},"branches":{"total":37,"covered":0,"skipped":0,"pct":0}}
,"C:\\dev\\lumina\\components\\staff\\employment-configuration-form.tsx": {"lines":{"total":29,"covered":24,"skipped":0,"pct":82.75},"functions":{"total":14,"covered":10,"skipped":0,"pct":71.42},"statements":{"total":29,"covered":24,"skipped":0,"pct":82.75},"branches":{"total":31,"covered":24,"skipped":0,"pct":77.41}}
,"C:\\dev\\lumina\\components\\staff\\employment-management.tsx": {"lines":{"total":36,"covered":0,"skipped":0,"pct":0},"functions":{"total":13,"covered":0,"skipped":0,"pct":0},"statements":{"total":36,"covered":0,"skipped":0,"pct":0},"branches":{"total":24,"covered":0,"skipped":0,"pct":0}}
,"C:\\dev\\lumina\\components\\staff\\employment-transition-dialog.tsx": {"lines":{"total":70,"covered":0,"skipped":0,"pct":0},"functions":{"total":18,"covered":0,"skipped":0,"pct":0},"statements":{"total":71,"covered":0,"skipped":0,"pct":0},"branches":{"total":34,"covered":0,"skipped":0,"pct":0}}
,"C:\\dev\\lumina\\components\\staff\\employment-type-selector.tsx": {"lines":{"total":28,"covered":0,"skipped":0,"pct":0},"functions":{"total":11,"covered":0,"skipped":0,"pct":0},"statements":{"total":28,"covered":0,"skipped":0,"pct":0},"branches":{"total":34,"covered":0,"skipped":0,"pct":0}}
,"C:\\dev\\lumina\\components\\staff\\index.ts": {"lines":{"total":0,"covered":0,"skipped":0,"pct":0},"functions":{"total":0,"covered":0,"skipped":0,"pct":0},"statements":{"total":0,"covered":0,"skipped":0,"pct":0},"branches":{"total":0,"covered":0,"skipped":0,"pct":0}}
,"C:\\dev\\lumina\\components\\staff\\staff-edit-dialog.tsx": {"lines":{"total":71,"covered":0,"skipped":0,"pct":0},"functions":{"total":19,"covered":0,"skipped":0,"pct":0},"statements":{"total":72,"covered":0,"skipped":0,"pct":0},"branches":{"total":89,"covered":0,"skipped":0,"pct":0}}
,"C:\\dev\\lumina\\components\\staff\\staff-invite-dialog.tsx": {"lines":{"total":63,"covered":0,"skipped":0,"pct":0},"functions":{"total":21,"covered":0,"skipped":0,"pct":0},"statements":{"total":63,"covered":0,"skipped":0,"pct":0},"branches":{"total":79,"covered":0,"skipped":0,"pct":0}}
,"C:\\dev\\lumina\\components\\staff\\staff-list.tsx": {"lines":{"total":110,"covered":0,"skipped":0,"pct":0},"functions":{"total":27,"covered":0,"skipped":0,"pct":0},"statements":{"total":111,"covered":0,"skipped":0,"pct":0},"branches":{"total":88,"covered":0,"skipped":0,"pct":0}}
,"C:\\dev\\lumina\\components\\staff\\staff-page-content.tsx": {"lines":{"total":3,"covered":0,"skipped":0,"pct":0},"functions":{"total":2,"covered":0,"skipped":0,"pct":0},"statements":{"total":3,"covered":0,"skipped":0,"pct":0},"branches":{"total":0,"covered":0,"skipped":0,"pct":100}}
,"C:\\dev\\lumina\\components\\ui\\accessible-layout.tsx": {"lines":{"total":20,"covered":4,"skipped":0,"pct":20},"functions":{"total":8,"covered":1,"skipped":0,"pct":12.5},"statements":{"total":20,"covered":4,"skipped":0,"pct":20},"branches":{"total":55,"covered":9,"skipped":0,"pct":16.36}}
,"C:\\dev\\lumina\\components\\ui\\action-card.tsx": {"lines":{"total":11,"covered":0,"skipped":0,"pct":0},"functions":{"total":2,"covered":0,"skipped":0,"pct":0},"statements":{"total":11,"covered":0,"skipped":0,"pct":0},"branches":{"total":19,"covered":0,"skipped":0,"pct":0}}
,"C:\\dev\\lumina\\components\\ui\\alert-dialog.tsx": {"lines":{"total":27,"covered":0,"skipped":0,"pct":0},"functions":{"total":8,"covered":0,"skipped":0,"pct":0},"statements":{"total":27,"covered":0,"skipped":0,"pct":0},"branches":{"total":0,"covered":0,"skipped":0,"pct":100}}
,"C:\\dev\\lumina\\components\\ui\\alert.tsx": {"lines":{"total":7,"covered":7,"skipped":0,"pct":100},"functions":{"total":2,"covered":2,"skipped":0,"pct":100},"statements":{"total":7,"covered":7,"skipped":0,"pct":100},"branches":{"total":0,"covered":0,"skipped":0,"pct":100}}
,"C:\\dev\\lumina\\components\\ui\\animated-counter.tsx": {"lines":{"total":61,"covered":0,"skipped":0,"pct":0},"functions":{"total":10,"covered":0,"skipped":0,"pct":0},"statements":{"total":67,"covered":0,"skipped":0,"pct":0},"branches":{"total":68,"covered":0,"skipped":0,"pct":0}}
,"C:\\dev\\lumina\\components\\ui\\avatar.tsx": {"lines":{"total":9,"covered":6,"skipped":0,"pct":66.66},"functions":{"total":3,"covered":0,"skipped":0,"pct":0},"statements":{"total":9,"covered":6,"skipped":0,"pct":66.66},"branches":{"total":0,"covered":0,"skipped":0,"pct":100}}
,"C:\\dev\\lumina\\components\\ui\\badge.tsx": {"lines":{"total":2,"covered":2,"skipped":0,"pct":100},"functions":{"total":1,"covered":1,"skipped":0,"pct":100},"statements":{"total":2,"covered":2,"skipped":0,"pct":100},"branches":{"total":0,"covered":0,"skipped":0,"pct":100}}
,"C:\\dev\\lumina\\components\\ui\\button-with-monitoring.tsx": {"lines":{"total":6,"covered":0,"skipped":0,"pct":0},"functions":{"total":2,"covered":0,"skipped":0,"pct":0},"statements":{"total":6,"covered":0,"skipped":0,"pct":0},"branches":{"total":0,"covered":0,"skipped":0,"pct":100}}
,"C:\\dev\\lumina\\components\\ui\\button.tsx": {"lines":{"total":33,"covered":32,"skipped":0,"pct":96.96},"functions":{"total":5,"covered":5,"skipped":0,"pct":100},"statements":{"total":33,"covered":32,"skipped":0,"pct":96.96},"branches":{"total":42,"covered":35,"skipped":0,"pct":83.33}}
,"C:\\dev\\lumina\\components\\ui\\calendar.tsx": {"lines":{"total":2,"covered":1,"skipped":0,"pct":50},"functions":{"total":1,"covered":0,"skipped":0,"pct":0},"statements":{"total":2,"covered":1,"skipped":0,"pct":50},"branches":{"total":1,"covered":0,"skipped":0,"pct":0}}
,"C:\\dev\\lumina\\components\\ui\\card.tsx": {"lines":{"total":18,"covered":17,"skipped":0,"pct":94.44},"functions":{"total":6,"covered":5,"skipped":0,"pct":83.33},"statements":{"total":18,"covered":17,"skipped":0,"pct":94.44},"branches":{"total":21,"covered":13,"skipped":0,"pct":61.9}}
,"C:\\dev\\lumina\\components\\ui\\checkbox.tsx": {"lines":{"total":3,"covered":3,"skipped":0,"pct":100},"functions":{"total":1,"covered":1,"skipped":0,"pct":100},"statements":{"total":3,"covered":3,"skipped":0,"pct":100},"branches":{"total":0,"covered":0,"skipped":0,"pct":100}}
,"C:\\dev\\lumina\\components\\ui\\client-only.tsx": {"lines":{"total":6,"covered":0,"skipped":0,"pct":0},"functions":{"total":2,"covered":0,"skipped":0,"pct":0},"statements":{"total":6,"covered":0,"skipped":0,"pct":0},"branches":{"total":3,"covered":0,"skipped":0,"pct":0}}
,"C:\\dev\\lumina\\components\\ui\\client-select.tsx": {"lines":{"total":6,"covered":0,"skipped":0,"pct":0},"functions":{"total":2,"covered":0,"skipped":0,"pct":0},"statements":{"total":6,"covered":0,"skipped":0,"pct":0},"branches":{"total":2,"covered":0,"skipped":0,"pct":0}}
,"C:\\dev\\lumina\\components\\ui\\command.tsx": {"lines":{"total":26,"covered":0,"skipped":0,"pct":0},"functions":{"total":9,"covered":0,"skipped":0,"pct":0},"statements":{"total":26,"covered":0,"skipped":0,"pct":0},"branches":{"total":0,"covered":0,"skipped":0,"pct":100}}
,"C:\\dev\\lumina\\components\\ui\\data-table.tsx": {"lines":{"total":34,"covered":0,"skipped":0,"pct":0},"functions":{"total":17,"covered":0,"skipped":0,"pct":0},"statements":{"total":34,"covered":0,"skipped":0,"pct":0},"branches":{"total":56,"covered":0,"skipped":0,"pct":0}}
,"C:\\dev\\lumina\\components\\ui\\design-system-error-boundary.tsx": {"lines":{"total":38,"covered":32,"skipped":0,"pct":84.21},"functions":{"total":13,"covered":11,"skipped":0,"pct":84.61},"statements":{"total":38,"covered":32,"skipped":0,"pct":84.21},"branches":{"total":37,"covered":21,"skipped":0,"pct":56.75}}
,"C:\\dev\\lumina\\components\\ui\\dialog.tsx": {"lines":{"total":22,"covered":22,"skipped":0,"pct":100},"functions":{"total":6,"covered":6,"skipped":0,"pct":100},"statements":{"total":22,"covered":22,"skipped":0,"pct":100},"branches":{"total":0,"covered":0,"skipped":0,"pct":100}}
,"C:\\dev\\lumina\\components\\ui\\drawer.tsx": {"lines":{"total":24,"covered":0,"skipped":0,"pct":0},"functions":{"total":7,"covered":0,"skipped":0,"pct":0},"statements":{"total":24,"covered":0,"skipped":0,"pct":0},"branches":{"total":1,"covered":0,"skipped":0,"pct":0}}
,"C:\\dev\\lumina\\components\\ui\\dropdown-menu.tsx": {"lines":{"total":33,"covered":27,"skipped":0,"pct":81.81},"functions":{"total":9,"covered":3,"skipped":0,"pct":33.33},"statements":{"total":33,"covered":27,"skipped":0,"pct":81.81},"branches":{"total":7,"covered":2,"skipped":0,"pct":28.57}}
,"C:\\dev\\lumina\\components\\ui\\empty-state.tsx": {"lines":{"total":1,"covered":0,"skipped":0,"pct":0},"functions":{"total":1,"covered":0,"skipped":0,"pct":0},"statements":{"total":1,"covered":0,"skipped":0,"pct":0},"branches":{"total":16,"covered":0,"skipped":0,"pct":0}}
,"C:\\dev\\lumina\\components\\ui\\filter-bar.tsx": {"lines":{"total":30,"covered":0,"skipped":0,"pct":0},"functions":{"total":13,"covered":0,"skipped":0,"pct":0},"statements":{"total":31,"covered":0,"skipped":0,"pct":0},"branches":{"total":34,"covered":0,"skipped":0,"pct":0}}
,"C:\\dev\\lumina\\components\\ui\\form-card.tsx": {"lines":{"total":1,"covered":0,"skipped":0,"pct":0},"functions":{"total":1,"covered":0,"skipped":0,"pct":0},"statements":{"total":1,"covered":0,"skipped":0,"pct":0},"branches":{"total":9,"covered":0,"skipped":0,"pct":0}}
,"C:\\dev\\lumina\\components\\ui\\form-field.tsx": {"lines":{"total":8,"covered":8,"skipped":0,"pct":100},"functions":{"total":1,"covered":1,"skipped":0,"pct":100},"statements":{"total":8,"covered":8,"skipped":0,"pct":100},"branches":{"total":23,"covered":23,"skipped":0,"pct":100}}
,"C:\\dev\\lumina\\components\\ui\\form.tsx": {"lines":{"total":37,"covered":35,"skipped":0,"pct":94.59},"functions":{"total":7,"covered":7,"skipped":0,"pct":100},"statements":{"total":37,"covered":35,"skipped":0,"pct":94.59},"branches":{"total":10,"covered":5,"skipped":0,"pct":50}}
,"C:\\dev\\lumina\\components\\ui\\grid.tsx": {"lines":{"total":20,"covered":0,"skipped":0,"pct":0},"functions":{"total":3,"covered":0,"skipped":0,"pct":0},"statements":{"total":20,"covered":0,"skipped":0,"pct":0},"branches":{"total":25,"covered":0,"skipped":0,"pct":0}}
,"C:\\dev\\lumina\\components\\ui\\hero-background.tsx": {"lines":{"total":20,"covered":0,"skipped":0,"pct":0},"functions":{"total":7,"covered":0,"skipped":0,"pct":0},"statements":{"total":22,"covered":0,"skipped":0,"pct":0},"branches":{"total":40,"covered":0,"skipped":0,"pct":0}}
,"C:\\dev\\lumina\\components\\ui\\icon.tsx": {"lines":{"total":5,"covered":0,"skipped":0,"pct":0},"functions":{"total":1,"covered":0,"skipped":0,"pct":0},"statements":{"total":5,"covered":0,"skipped":0,"pct":0},"branches":{"total":0,"covered":0,"skipped":0,"pct":100}}
,"C:\\dev\\lumina\\components\\ui\\index.ts": {"lines":{"total":30,"covered":0,"skipped":0,"pct":0},"functions":{"total":35,"covered":0,"skipped":0,"pct":0},"statements":{"total":59,"covered":0,"skipped":0,"pct":0},"branches":{"total":2,"covered":0,"skipped":0,"pct":0}}
,"C:\\dev\\lumina\\components\\ui\\input.tsx": {"lines":{"total":6,"covered":6,"skipped":0,"pct":100},"functions":{"total":1,"covered":1,"skipped":0,"pct":100},"statements":{"total":6,"covered":6,"skipped":0,"pct":100},"branches":{"total":9,"covered":9,"skipped":0,"pct":100}}
,"C:\\dev\\lumina\\components\\ui\\label.tsx": {"lines":{"total":4,"covered":4,"skipped":0,"pct":100},"functions":{"total":1,"covered":1,"skipped":0,"pct":100},"statements":{"total":4,"covered":4,"skipped":0,"pct":100},"branches":{"total":0,"covered":0,"skipped":0,"pct":100}}
,"C:\\dev\\lumina\\components\\ui\\layout.tsx": {"lines":{"total":36,"covered":0,"skipped":0,"pct":0},"functions":{"total":6,"covered":0,"skipped":0,"pct":0},"statements":{"total":36,"covered":0,"skipped":0,"pct":0},"branches":{"total":20,"covered":0,"skipped":0,"pct":0}}
,"C:\\dev\\lumina\\components\\ui\\loading-card.tsx": {"lines":{"total":8,"covered":0,"skipped":0,"pct":0},"functions":{"total":8,"covered":0,"skipped":0,"pct":0},"statements":{"total":8,"covered":0,"skipped":0,"pct":0},"branches":{"total":13,"covered":0,"skipped":0,"pct":0}}
,"C:\\dev\\lumina\\components\\ui\\lumina-button.tsx": {"lines":{"total":3,"covered":0,"skipped":0,"pct":0},"functions":{"total":1,"covered":0,"skipped":0,"pct":0},"statements":{"total":3,"covered":0,"skipped":0,"pct":0},"branches":{"total":2,"covered":0,"skipped":0,"pct":0}}
,"C:\\dev\\lumina\\components\\ui\\lumina-link.tsx": {"lines":{"total":3,"covered":0,"skipped":0,"pct":0},"functions":{"total":1,"covered":0,"skipped":0,"pct":0},"statements":{"total":3,"covered":0,"skipped":0,"pct":0},"branches":{"total":2,"covered":0,"skipped":0,"pct":0}}
,"C:\\dev\\lumina\\components\\ui\\lumina-quick-action-card.tsx": {"lines":{"total":3,"covered":0,"skipped":0,"pct":0},"functions":{"total":1,"covered":0,"skipped":0,"pct":0},"statements":{"total":3,"covered":0,"skipped":0,"pct":0},"branches":{"total":3,"covered":0,"skipped":0,"pct":0}}
,"C:\\dev\\lumina\\components\\ui\\lumina-quick-actions.tsx": {"lines":{"total":4,"covered":0,"skipped":0,"pct":0},"functions":{"total":2,"covered":0,"skipped":0,"pct":0},"statements":{"total":4,"covered":0,"skipped":0,"pct":0},"branches":{"total":4,"covered":0,"skipped":0,"pct":0}}
,"C:\\dev\\lumina\\components\\ui\\lumina-stat-card.tsx": {"lines":{"total":13,"covered":0,"skipped":0,"pct":0},"functions":{"total":3,"covered":0,"skipped":0,"pct":0},"statements":{"total":14,"covered":0,"skipped":0,"pct":0},"branches":{"total":17,"covered":0,"skipped":0,"pct":0}}
,"C:\\dev\\lumina\\components\\ui\\metric-card.tsx": {"lines":{"total":3,"covered":0,"skipped":0,"pct":0},"functions":{"total":1,"covered":0,"skipped":0,"pct":0},"statements":{"total":3,"covered":0,"skipped":0,"pct":0},"branches":{"total":23,"covered":0,"skipped":0,"pct":0}}
,"C:\\dev\\lumina\\components\\ui\\navbar.tsx": {"lines":{"total":24,"covered":0,"skipped":0,"pct":0},"functions":{"total":8,"covered":0,"skipped":0,"pct":0},"statements":{"total":24,"covered":0,"skipped":0,"pct":0},"branches":{"total":14,"covered":0,"skipped":0,"pct":0}}
,"C:\\dev\\lumina\\components\\ui\\navigation-menu.tsx": {"lines":{"total":21,"covered":0,"skipped":0,"pct":0},"functions":{"total":6,"covered":0,"skipped":0,"pct":0},"statements":{"total":21,"covered":0,"skipped":0,"pct":0},"branches":{"total":0,"covered":0,"skipped":0,"pct":100}}
,"C:\\dev\\lumina\\components\\ui\\page-header.tsx": {"lines":{"total":7,"covered":7,"skipped":0,"pct":100},"functions":{"total":3,"covered":3,"skipped":0,"pct":100},"statements":{"total":7,"covered":7,"skipped":0,"pct":100},"branches":{"total":33,"covered":29,"skipped":0,"pct":87.87}}
,"C:\\dev\\lumina\\components\\ui\\popover.tsx": {"lines":{"total":5,"covered":0,"skipped":0,"pct":0},"functions":{"total":1,"covered":0,"skipped":0,"pct":0},"statements":{"total":5,"covered":0,"skipped":0,"pct":0},"branches":{"total":2,"covered":0,"skipped":0,"pct":0}}
,"C:\\dev\\lumina\\components\\ui\\progress.tsx": {"lines":{"total":3,"covered":2,"skipped":0,"pct":66.66},"functions":{"total":1,"covered":0,"skipped":0,"pct":0},"statements":{"total":3,"covered":2,"skipped":0,"pct":66.66},"branches":{"total":2,"covered":0,"skipped":0,"pct":0}}
,"C:\\dev\\lumina\\components\\ui\\radio-group.tsx": {"lines":{"total":6,"covered":4,"skipped":0,"pct":66.66},"functions":{"total":2,"covered":0,"skipped":0,"pct":0},"statements":{"total":6,"covered":4,"skipped":0,"pct":66.66},"branches":{"total":0,"covered":0,"skipped":0,"pct":100}}
,"C:\\dev\\lumina\\components\\ui\\safe-component-wrapper.tsx": {"lines":{"total":62,"covered":0,"skipped":0,"pct":0},"functions":{"total":17,"covered":0,"skipped":0,"pct":0},"statements":{"total":63,"covered":0,"skipped":0,"pct":0},"branches":{"total":44,"covered":0,"skipped":0,"pct":0}}
,"C:\\dev\\lumina\\components\\ui\\scroll-area.tsx": {"lines":{"total":6,"covered":6,"skipped":0,"pct":100},"functions":{"total":2,"covered":2,"skipped":0,"pct":100},"statements":{"total":6,"covered":6,"skipped":0,"pct":100},"branches":{"total":5,"covered":4,"skipped":0,"pct":80}}
,"C:\\dev\\lumina\\components\\ui\\select.tsx": {"lines":{"total":24,"covered":22,"skipped":0,"pct":91.66},"functions":{"total":7,"covered":5,"skipped":0,"pct":71.42},"statements":{"total":24,"covered":22,"skipped":0,"pct":91.66},"branches":{"total":9,"covered":7,"skipped":0,"pct":77.77}}
,"C:\\dev\\lumina\\components\\ui\\separator.tsx": {"lines":{"total":3,"covered":3,"skipped":0,"pct":100},"functions":{"total":1,"covered":1,"skipped":0,"pct":100},"statements":{"total":3,"covered":3,"skipped":0,"pct":100},"branches":{"total":4,"covered":3,"skipped":0,"pct":75}}
,"C:\\dev\\lumina\\components\\ui\\skeleton.tsx": {"lines":{"total":1,"covered":1,"skipped":0,"pct":100},"functions":{"total":1,"covered":1,"skipped":0,"pct":100},"statements":{"total":1,"covered":1,"skipped":0,"pct":100},"branches":{"total":0,"covered":0,"skipped":0,"pct":100}}
,"C:\\dev\\lumina\\components\\ui\\skip-links.tsx": {"lines":{"total":8,"covered":4,"skipped":0,"pct":50},"functions":{"total":6,"covered":4,"skipped":0,"pct":66.66},"statements":{"total":8,"covered":4,"skipped":0,"pct":50},"branches":{"total":6,"covered":4,"skipped":0,"pct":66.66}}
,"C:\\dev\\lumina\\components\\ui\\spinner.tsx": {"lines":{"total":9,"covered":7,"skipped":0,"pct":77.77},"functions":{"total":2,"covered":1,"skipped":0,"pct":50},"statements":{"total":9,"covered":7,"skipped":0,"pct":77.77},"branches":{"total":3,"covered":2,"skipped":0,"pct":66.66}}
,"C:\\dev\\lumina\\components\\ui\\stat-card.tsx": {"lines":{"total":39,"covered":32,"skipped":0,"pct":82.05},"functions":{"total":6,"covered":6,"skipped":0,"pct":100},"statements":{"total":41,"covered":34,"skipped":0,"pct":82.92},"branches":{"total":66,"covered":49,"skipped":0,"pct":74.24}}
,"C:\\dev\\lumina\\components\\ui\\status-badge.tsx": {"lines":{"total":2,"covered":0,"skipped":0,"pct":0},"functions":{"total":1,"covered":0,"skipped":0,"pct":0},"statements":{"total":2,"covered":0,"skipped":0,"pct":0},"branches":{"total":0,"covered":0,"skipped":0,"pct":100}}
,"C:\\dev\\lumina\\components\\ui\\switch.tsx": {"lines":{"total":3,"covered":0,"skipped":0,"pct":0},"functions":{"total":1,"covered":0,"skipped":0,"pct":0},"statements":{"total":3,"covered":0,"skipped":0,"pct":0},"branches":{"total":0,"covered":0,"skipped":0,"pct":100}}
,"C:\\dev\\lumina\\components\\ui\\table.tsx": {"lines":{"total":24,"covered":0,"skipped":0,"pct":0},"functions":{"total":8,"covered":0,"skipped":0,"pct":0},"statements":{"total":24,"covered":0,"skipped":0,"pct":0},"branches":{"total":0,"covered":0,"skipped":0,"pct":100}}
,"C:\\dev\\lumina\\components\\ui\\tabs.tsx": {"lines":{"total":10,"covered":10,"skipped":0,"pct":100},"functions":{"total":3,"covered":3,"skipped":0,"pct":100},"statements":{"total":10,"covered":10,"skipped":0,"pct":100},"branches":{"total":0,"covered":0,"skipped":0,"pct":100}}
,"C:\\dev\\lumina\\components\\ui\\testimonial-card.tsx": {"lines":{"total":27,"covered":0,"skipped":0,"pct":0},"functions":{"total":10,"covered":0,"skipped":0,"pct":0},"statements":{"total":29,"covered":0,"skipped":0,"pct":0},"branches":{"total":82,"covered":0,"skipped":0,"pct":0}}
,"C:\\dev\\lumina\\components\\ui\\textarea.tsx": {"lines":{"total":6,"covered":6,"skipped":0,"pct":100},"functions":{"total":1,"covered":1,"skipped":0,"pct":100},"statements":{"total":6,"covered":6,"skipped":0,"pct":100},"branches":{"total":8,"covered":6,"skipped":0,"pct":75}}
,"C:\\dev\\lumina\\components\\ui\\theme-switcher.tsx": {"lines":{"total":8,"covered":8,"skipped":0,"pct":100},"functions":{"total":3,"covered":3,"skipped":0,"pct":100},"statements":{"total":8,"covered":8,"skipped":0,"pct":100},"branches":{"total":48,"covered":48,"skipped":0,"pct":100}}
,"C:\\dev\\lumina\\components\\ui\\theme-toggle.tsx": {"lines":{"total":8,"covered":0,"skipped":0,"pct":0},"functions":{"total":1,"covered":0,"skipped":0,"pct":0},"statements":{"total":8,"covered":0,"skipped":0,"pct":0},"branches":{"total":43,"covered":0,"skipped":0,"pct":0}}
,"C:\\dev\\lumina\\components\\ui\\toast.tsx": {"lines":{"total":20,"covered":0,"skipped":0,"pct":0},"functions":{"total":6,"covered":0,"skipped":0,"pct":0},"statements":{"total":20,"covered":0,"skipped":0,"pct":0},"branches":{"total":0,"covered":0,"skipped":0,"pct":100}}
,"C:\\dev\\lumina\\components\\ui\\tooltip.tsx": {"lines":{"total":6,"covered":6,"skipped":0,"pct":100},"functions":{"total":1,"covered":1,"skipped":0,"pct":100},"statements":{"total":6,"covered":6,"skipped":0,"pct":100},"branches":{"total":1,"covered":1,"skipped":0,"pct":100}}
,"C:\\dev\\lumina\\lib\\accessibility-utils.ts": {"lines":{"total":153,"covered":0,"skipped":0,"pct":0},"functions":{"total":45,"covered":0,"skipped":0,"pct":0},"statements":{"total":162,"covered":0,"skipped":0,"pct":0},"branches":{"total":94,"covered":0,"skipped":0,"pct":0}}
,"C:\\dev\\lumina\\lib\\ai-context-loader.ts": {"lines":{"total":110,"covered":0,"skipped":0,"pct":0},"functions":{"total":31,"covered":0,"skipped":0,"pct":0},"statements":{"total":110,"covered":0,"skipped":0,"pct":0},"branches":{"total":53,"covered":0,"skipped":0,"pct":0}}
,"C:\\dev\\lumina\\lib\\animation-utils.ts": {"lines":{"total":103,"covered":0,"skipped":0,"pct":0},"functions":{"total":32,"covered":0,"skipped":0,"pct":0},"statements":{"total":108,"covered":0,"skipped":0,"pct":0},"branches":{"total":36,"covered":0,"skipped":0,"pct":0}}
,"C:\\dev\\lumina\\lib\\auth.ts": {"lines":{"total":79,"covered":0,"skipped":0,"pct":0},"functions":{"total":32,"covered":0,"skipped":0,"pct":0},"statements":{"total":82,"covered":0,"skipped":0,"pct":0},"branches":{"total":32,"covered":0,"skipped":0,"pct":0}}
,"C:\\dev\\lumina\\lib\\bundle-analyzer.ts": {"lines":{"total":113,"covered":0,"skipped":0,"pct":0},"functions":{"total":52,"covered":0,"skipped":0,"pct":0},"statements":{"total":121,"covered":0,"skipped":0,"pct":0},"branches":{"total":45,"covered":0,"skipped":0,"pct":0}}
,"C:\\dev\\lumina\\lib\\css-optimization.ts": {"lines":{"total":145,"covered":0,"skipped":0,"pct":0},"functions":{"total":42,"covered":0,"skipped":0,"pct":0},"statements":{"total":154,"covered":0,"skipped":0,"pct":0},"branches":{"total":87,"covered":0,"skipped":0,"pct":0}}
,"C:\\dev\\lumina\\lib\\daily-status-blocker-tracker-linear.ts": {"lines":{"total":75,"covered":0,"skipped":0,"pct":0},"functions":{"total":18,"covered":0,"skipped":0,"pct":0},"statements":{"total":79,"covered":0,"skipped":0,"pct":0},"branches":{"total":37,"covered":0,"skipped":0,"pct":0}}
,"C:\\dev\\lumina\\lib\\daily-status-blocker-tracker.ts": {"lines":{"total":208,"covered":44,"skipped":0,"pct":21.15},"functions":{"total":41,"covered":10,"skipped":0,"pct":24.39},"statements":{"total":219,"covered":45,"skipped":0,"pct":20.54},"branches":{"total":98,"covered":26,"skipped":0,"pct":26.53}}
,"C:\\dev\\lumina\\lib\\daily-status-decision-tracker-linear.ts": {"lines":{"total":110,"covered":0,"skipped":0,"pct":0},"functions":{"total":23,"covered":0,"skipped":0,"pct":0},"statements":{"total":112,"covered":0,"skipped":0,"pct":0},"branches":{"total":55,"covered":0,"skipped":0,"pct":0}}
,"C:\\dev\\lumina\\lib\\daily-status-decision-tracker.ts": {"lines":{"total":139,"covered":43,"skipped":0,"pct":30.93},"functions":{"total":26,"covered":10,"skipped":0,"pct":38.46},"statements":{"total":143,"covered":43,"skipped":0,"pct":30.06},"branches":{"total":43,"covered":6,"skipped":0,"pct":13.95}}
,"C:\\dev\\lumina\\lib\\dashboard-data.ts": {"lines":{"total":91,"covered":0,"skipped":0,"pct":0},"functions":{"total":30,"covered":0,"skipped":0,"pct":0},"statements":{"total":93,"covered":0,"skipped":0,"pct":0},"branches":{"total":55,"covered":0,"skipped":0,"pct":0}}
,"C:\\dev\\lumina\\lib\\db-utils.ts": {"lines":{"total":74,"covered":0,"skipped":0,"pct":0},"functions":{"total":31,"covered":0,"skipped":0,"pct":0},"statements":{"total":76,"covered":0,"skipped":0,"pct":0},"branches":{"total":18,"covered":0,"skipped":0,"pct":0}}
,"C:\\dev\\lumina\\lib\\decision-log.ts": {"lines":{"total":86,"covered":0,"skipped":0,"pct":0},"functions":{"total":31,"covered":0,"skipped":0,"pct":0},"statements":{"total":91,"covered":0,"skipped":0,"pct":0},"branches":{"total":37,"covered":0,"skipped":0,"pct":0}}
,"C:\\dev\\lumina\\lib\\design-system-error-handling.ts": {"lines":{"total":100,"covered":78,"skipped":0,"pct":78},"functions":{"total":20,"covered":20,"skipped":0,"pct":100},"statements":{"total":100,"covered":78,"skipped":0,"pct":78},"branches":{"total":64,"covered":43,"skipped":0,"pct":67.18}}
,"C:\\dev\\lumina\\lib\\design-system.ts": {"lines":{"total":14,"covered":0,"skipped":0,"pct":0},"functions":{"total":5,"covered":0,"skipped":0,"pct":0},"statements":{"total":14,"covered":0,"skipped":0,"pct":0},"branches":{"total":8,"covered":0,"skipped":0,"pct":0}}
,"C:\\dev\\lumina\\lib\\development-plan-modernizer.ts": {"lines":{"total":239,"covered":0,"skipped":0,"pct":0},"functions":{"total":40,"covered":0,"skipped":0,"pct":0},"statements":{"total":264,"covered":0,"skipped":0,"pct":0},"branches":{"total":118,"covered":0,"skipped":0,"pct":0}}
,"C:\\dev\\lumina\\lib\\documentation-audit.ts": {"lines":{"total":450,"covered":352,"skipped":0,"pct":78.22},"functions":{"total":87,"covered":74,"skipped":0,"pct":85.05},"statements":{"total":504,"covered":377,"skipped":0,"pct":74.8},"branches":{"total":259,"covered":164,"skipped":0,"pct":63.32}}
,"C:\\dev\\lumina\\lib\\documentation-quality.ts": {"lines":{"total":63,"covered":0,"skipped":0,"pct":0},"functions":{"total":7,"covered":0,"skipped":0,"pct":0},"statements":{"total":66,"covered":0,"skipped":0,"pct":0},"branches":{"total":19,"covered":0,"skipped":0,"pct":0}}
,"C:\\dev\\lumina\\lib\\documentation-sync.ts": {"lines":{"total":36,"covered":0,"skipped":0,"pct":0},"functions":{"total":8,"covered":0,"skipped":0,"pct":0},"statements":{"total":36,"covered":0,"skipped":0,"pct":0},"branches":{"total":26,"covered":0,"skipped":0,"pct":0}}
,"C:\\dev\\lumina\\lib\\documentation-workflow.ts": {"lines":{"total":44,"covered":0,"skipped":0,"pct":0},"functions":{"total":5,"covered":0,"skipped":0,"pct":0},"statements":{"total":44,"covered":0,"skipped":0,"pct":0},"branches":{"total":15,"covered":0,"skipped":0,"pct":0}}
,"C:\\dev\\lumina\\lib\\drag-drop-utils.ts": {"lines":{"total":65,"covered":45,"skipped":0,"pct":69.23},"functions":{"total":11,"covered":9,"skipped":0,"pct":81.81},"statements":{"total":68,"covered":45,"skipped":0,"pct":66.17},"branches":{"total":43,"covered":28,"skipped":0,"pct":65.11}}
,"C:\\dev\\lumina\\lib\\framework-integration.ts": {"lines":{"total":98,"covered":47,"skipped":0,"pct":47.95},"functions":{"total":36,"covered":20,"skipped":0,"pct":55.55},"statements":{"total":99,"covered":47,"skipped":0,"pct":47.47},"branches":{"total":54,"covered":22,"skipped":0,"pct":40.74}}
,"C:\\dev\\lumina\\lib\\hybrid-model-performance-monitor.ts": {"lines":{"total":85,"covered":0,"skipped":0,"pct":0},"functions":{"total":16,"covered":0,"skipped":0,"pct":0},"statements":{"total":88,"covered":0,"skipped":0,"pct":0},"branches":{"total":46,"covered":0,"skipped":0,"pct":0}}
,"C:\\dev\\lumina\\lib\\linear-integration.ts": {"lines":{"total":39,"covered":0,"skipped":0,"pct":0},"functions":{"total":17,"covered":0,"skipped":0,"pct":0},"statements":{"total":40,"covered":0,"skipped":0,"pct":0},"branches":{"total":33,"covered":0,"skipped":0,"pct":0}}
,"C:\\dev\\lumina\\lib\\linear-mcp-service.ts": {"lines":{"total":58,"covered":0,"skipped":0,"pct":0},"functions":{"total":17,"covered":0,"skipped":0,"pct":0},"statements":{"total":59,"covered":0,"skipped":0,"pct":0},"branches":{"total":22,"covered":0,"skipped":0,"pct":0}}
,"C:\\dev\\lumina\\lib\\performance-hooks.ts": {"lines":{"total":38,"covered":13,"skipped":0,"pct":34.21},"functions":{"total":15,"covered":4,"skipped":0,"pct":26.66},"statements":{"total":38,"covered":13,"skipped":0,"pct":34.21},"branches":{"total":9,"covered":0,"skipped":0,"pct":0}}
,"C:\\dev\\lumina\\lib\\performance-monitoring.ts": {"lines":{"total":161,"covered":0,"skipped":0,"pct":0},"functions":{"total":39,"covered":0,"skipped":0,"pct":0},"statements":{"total":172,"covered":0,"skipped":0,"pct":0},"branches":{"total":87,"covered":0,"skipped":0,"pct":0}}
,"C:\\dev\\lumina\\lib\\performance-optimization.ts": {"lines":{"total":124,"covered":0,"skipped":0,"pct":0},"functions":{"total":34,"covered":0,"skipped":0,"pct":0},"statements":{"total":124,"covered":0,"skipped":0,"pct":0},"branches":{"total":58,"covered":0,"skipped":0,"pct":0}}
,"C:\\dev\\lumina\\lib\\performance-utils.ts": {"lines":{"total":94,"covered":25,"skipped":0,"pct":26.59},"functions":{"total":26,"covered":3,"skipped":0,"pct":11.53},"statements":{"total":110,"covered":25,"skipped":0,"pct":22.72},"branches":{"total":76,"covered":19,"skipped":0,"pct":25}}
,"C:\\dev\\lumina\\lib\\prisma.ts": {"lines":{"total":3,"covered":0,"skipped":0,"pct":0},"functions":{"total":0,"covered":0,"skipped":0,"pct":100},"statements":{"total":4,"covered":0,"skipped":0,"pct":0},"branches":{"total":6,"covered":0,"skipped":0,"pct":0}}
,"C:\\dev\\lumina\\lib\\project-state-tracker.ts": {"lines":{"total":118,"covered":0,"skipped":0,"pct":0},"functions":{"total":23,"covered":0,"skipped":0,"pct":0},"statements":{"total":120,"covered":0,"skipped":0,"pct":0},"branches":{"total":27,"covered":0,"skipped":0,"pct":0}}
,"C:\\dev\\lumina\\lib\\quality-automation.ts": {"lines":{"total":0,"covered":0,"skipped":0,"pct":0},"functions":{"total":0,"covered":0,"skipped":0,"pct":0},"statements":{"total":0,"covered":0,"skipped":0,"pct":0},"branches":{"total":0,"covered":0,"skipped":0,"pct":0}}
,"C:\\dev\\lumina\\lib\\quality-linear-integration.ts": {"lines":{"total":53,"covered":0,"skipped":0,"pct":0},"functions":{"total":6,"covered":0,"skipped":0,"pct":0},"statements":{"total":53,"covered":0,"skipped":0,"pct":0},"branches":{"total":21,"covered":0,"skipped":0,"pct":0}}
,"C:\\dev\\lumina\\lib\\search-utils.ts": {"lines":{"total":97,"covered":92,"skipped":0,"pct":94.84},"functions":{"total":26,"covered":25,"skipped":0,"pct":96.15},"statements":{"total":103,"covered":98,"skipped":0,"pct":95.14},"branches":{"total":65,"covered":60,"skipped":0,"pct":92.3}}
,"C:\\dev\\lumina\\lib\\steering-compliance.ts": {"lines":{"total":49,"covered":0,"skipped":0,"pct":0},"functions":{"total":12,"covered":0,"skipped":0,"pct":0},"statements":{"total":51,"covered":0,"skipped":0,"pct":0},"branches":{"total":34,"covered":0,"skipped":0,"pct":0}}
,"C:\\dev\\lumina\\lib\\steering-impact-analysis.ts": {"lines":{"total":236,"covered":0,"skipped":0,"pct":0},"functions":{"total":39,"covered":0,"skipped":0,"pct":0},"statements":{"total":252,"covered":0,"skipped":0,"pct":0},"branches":{"total":137,"covered":0,"skipped":0,"pct":0}}
,"C:\\dev\\lumina\\lib\\stripe.ts": {"lines":{"total":45,"covered":0,"skipped":0,"pct":0},"functions":{"total":12,"covered":0,"skipped":0,"pct":0},"statements":{"total":45,"covered":0,"skipped":0,"pct":0},"branches":{"total":28,"covered":0,"skipped":0,"pct":0}}
,"C:\\dev\\lumina\\lib\\theme-accessibility.ts": {"lines":{"total":109,"covered":0,"skipped":0,"pct":0},"functions":{"total":20,"covered":0,"skipped":0,"pct":0},"statements":{"total":111,"covered":0,"skipped":0,"pct":0},"branches":{"total":45,"covered":0,"skipped":0,"pct":0}}
,"C:\\dev\\lumina\\lib\\theme-utils.ts": {"lines":{"total":92,"covered":3,"skipped":0,"pct":3.26},"functions":{"total":22,"covered":1,"skipped":0,"pct":4.54},"statements":{"total":92,"covered":3,"skipped":0,"pct":3.26},"branches":{"total":64,"covered":1,"skipped":0,"pct":1.56}}
,"C:\\dev\\lumina\\lib\\theme-validation.ts": {"lines":{"total":85,"covered":0,"skipped":0,"pct":0},"functions":{"total":13,"covered":0,"skipped":0,"pct":0},"statements":{"total":87,"covered":0,"skipped":0,"pct":0},"branches":{"total":43,"covered":0,"skipped":0,"pct":0}}
,"C:\\dev\\lumina\\lib\\utils.ts": {"lines":{"total":14,"covered":1,"skipped":0,"pct":7.14},"functions":{"total":8,"covered":1,"skipped":0,"pct":12.5},"statements":{"total":15,"covered":1,"skipped":0,"pct":6.66},"branches":{"total":5,"covered":0,"skipped":0,"pct":0}}
,"C:\\dev\\lumina\\lib\\workflow-alerting-system.ts": {"lines":{"total":122,"covered":0,"skipped":0,"pct":0},"functions":{"total":21,"covered":0,"skipped":0,"pct":0},"statements":{"total":130,"covered":0,"skipped":0,"pct":0},"branches":{"total":74,"covered":0,"skipped":0,"pct":0}}
,"C:\\dev\\lumina\\lib\\workflow-monitoring-dashboard.ts": {"lines":{"total":64,"covered":0,"skipped":0,"pct":0},"functions":{"total":27,"covered":0,"skipped":0,"pct":0},"statements":{"total":71,"covered":0,"skipped":0,"pct":0},"branches":{"total":26,"covered":0,"skipped":0,"pct":0}}
,"C:\\dev\\lumina\\lib\\workflow-quality-monitor.ts": {"lines":{"total":60,"covered":0,"skipped":0,"pct":0},"functions":{"total":13,"covered":0,"skipped":0,"pct":0},"statements":{"total":63,"covered":0,"skipped":0,"pct":0},"branches":{"total":31,"covered":0,"skipped":0,"pct":0}}
,"C:\\dev\\lumina\\lib\\analytics\\appointment-analytics-service.ts": {"lines":{"total":112,"covered":112,"skipped":0,"pct":100},"functions":{"total":26,"covered":26,"skipped":0,"pct":100},"statements":{"total":117,"covered":117,"skipped":0,"pct":100},"branches":{"total":77,"covered":61,"skipped":0,"pct":79.22}}
,"C:\\dev\\lumina\\lib\\analytics\\booking-analytics.ts": {"lines":{"total":52,"covered":0,"skipped":0,"pct":0},"functions":{"total":19,"covered":0,"skipped":0,"pct":0},"statements":{"total":57,"covered":0,"skipped":0,"pct":0},"branches":{"total":31,"covered":0,"skipped":0,"pct":0}}
,"C:\\dev\\lumina\\lib\\availability\\availability-calculator.ts": {"lines":{"total":61,"covered":0,"skipped":0,"pct":0},"functions":{"total":9,"covered":0,"skipped":0,"pct":0},"statements":{"total":65,"covered":0,"skipped":0,"pct":0},"branches":{"total":31,"covered":0,"skipped":0,"pct":0}}
,"C:\\dev\\lumina\\lib\\cache\\appointment-cache.ts": {"lines":{"total":63,"covered":7,"skipped":0,"pct":11.11},"functions":{"total":20,"covered":0,"skipped":0,"pct":0},"statements":{"total":65,"covered":7,"skipped":0,"pct":10.76},"branches":{"total":27,"covered":0,"skipped":0,"pct":0}}
,"C:\\dev\\lumina\\lib\\cache\\cache-warming.ts": {"lines":{"total":181,"covered":0,"skipped":0,"pct":0},"functions":{"total":27,"covered":0,"skipped":0,"pct":0},"statements":{"total":185,"covered":0,"skipped":0,"pct":0},"branches":{"total":30,"covered":0,"skipped":0,"pct":0}}
,"C:\\dev\\lumina\\lib\\cache\\calendar-cache-coordinator.ts": {"lines":{"total":124,"covered":13,"skipped":0,"pct":10.48},"functions":{"total":33,"covered":3,"skipped":0,"pct":9.09},"statements":{"total":126,"covered":13,"skipped":0,"pct":10.31},"branches":{"total":31,"covered":1,"skipped":0,"pct":3.22}}
,"C:\\dev\\lumina\\lib\\db\\connection-pool.ts": {"lines":{"total":73,"covered":0,"skipped":0,"pct":0},"functions":{"total":23,"covered":0,"skipped":0,"pct":0},"statements":{"total":75,"covered":0,"skipped":0,"pct":0},"branches":{"total":34,"covered":0,"skipped":0,"pct":0}}
,"C:\\dev\\lumina\\lib\\db\\query-optimizer.ts": {"lines":{"total":104,"covered":0,"skipped":0,"pct":0},"functions":{"total":19,"covered":0,"skipped":0,"pct":0},"statements":{"total":108,"covered":0,"skipped":0,"pct":0},"branches":{"total":60,"covered":0,"skipped":0,"pct":0}}
,"C:\\dev\\lumina\\lib\\email\\email-service.ts": {"lines":{"total":40,"covered":0,"skipped":0,"pct":0},"functions":{"total":7,"covered":0,"skipped":0,"pct":0},"statements":{"total":40,"covered":0,"skipped":0,"pct":0},"branches":{"total":38,"covered":0,"skipped":0,"pct":0}}
,"C:\\dev\\lumina\\lib\\email\\send-email.ts": {"lines":{"total":41,"covered":0,"skipped":0,"pct":0},"functions":{"total":6,"covered":0,"skipped":0,"pct":0},"statements":{"total":42,"covered":0,"skipped":0,"pct":0},"branches":{"total":33,"covered":0,"skipped":0,"pct":0}}
,"C:\\dev\\lumina\\lib\\email\\templates\\booking-confirmation.tsx": {"lines":{"total":30,"covered":0,"skipped":0,"pct":0},"functions":{"total":3,"covered":0,"skipped":0,"pct":0},"statements":{"total":30,"covered":0,"skipped":0,"pct":0},"branches":{"total":14,"covered":0,"skipped":0,"pct":0}}
,"C:\\dev\\lumina\\lib\\email\\templates\\staff-invitation.tsx": {"lines":{"total":22,"covered":0,"skipped":0,"pct":0},"functions":{"total":2,"covered":0,"skipped":0,"pct":0},"statements":{"total":22,"covered":0,"skipped":0,"pct":0},"branches":{"total":10,"covered":0,"skipped":0,"pct":0}}
,"C:\\dev\\lumina\\lib\\employment\\calculations.ts": {"lines":{"total":61,"covered":37,"skipped":0,"pct":60.65},"functions":{"total":12,"covered":8,"skipped":0,"pct":66.66},"statements":{"total":63,"covered":38,"skipped":0,"pct":60.31},"branches":{"total":39,"covered":11,"skipped":0,"pct":28.2}}
,"C:\\dev\\lumina\\lib\\errors\\appointment-errors.ts": {"lines":{"total":85,"covered":78,"skipped":0,"pct":91.76},"functions":{"total":30,"covered":30,"skipped":0,"pct":100},"statements":{"total":88,"covered":81,"skipped":0,"pct":92.04},"branches":{"total":65,"covered":54,"skipped":0,"pct":83.07}}
,"C:\\dev\\lumina\\lib\\errors\\availability-errors.ts": {"lines":{"total":74,"covered":58,"skipped":0,"pct":78.37},"functions":{"total":26,"covered":19,"skipped":0,"pct":73.07},"statements":{"total":77,"covered":60,"skipped":0,"pct":77.92},"branches":{"total":43,"covered":27,"skipped":0,"pct":62.79}}
,"C:\\dev\\lumina\\lib\\errors\\public-booking-error.ts": {"lines":{"total":7,"covered":0,"skipped":0,"pct":0},"functions":{"total":2,"covered":0,"skipped":0,"pct":0},"statements":{"total":7,"covered":0,"skipped":0,"pct":0},"branches":{"total":0,"covered":0,"skipped":0,"pct":100}}
,"C:\\dev\\lumina\\lib\\financial\\employment-calculator.ts": {"lines":{"total":108,"covered":0,"skipped":0,"pct":0},"functions":{"total":22,"covered":0,"skipped":0,"pct":0},"statements":{"total":112,"covered":0,"skipped":0,"pct":0},"branches":{"total":104,"covered":0,"skipped":0,"pct":0}}
,"C:\\dev\\lumina\\lib\\financial\\transaction-service.ts": {"lines":{"total":68,"covered":0,"skipped":0,"pct":0},"functions":{"total":21,"covered":0,"skipped":0,"pct":0},"statements":{"total":75,"covered":0,"skipped":0,"pct":0},"branches":{"total":241,"covered":0,"skipped":0,"pct":0}}
,"C:\\dev\\lumina\\lib\\jobs\\data-retention-cleanup.ts": {"lines":{"total":77,"covered":0,"skipped":0,"pct":0},"functions":{"total":15,"covered":0,"skipped":0,"pct":0},"statements":{"total":80,"covered":0,"skipped":0,"pct":0},"branches":{"total":15,"covered":0,"skipped":0,"pct":0}}
,"C:\\dev\\lumina\\lib\\middleware\\analytics-middleware.ts": {"lines":{"total":61,"covered":0,"skipped":0,"pct":0},"functions":{"total":5,"covered":0,"skipped":0,"pct":0},"statements":{"total":64,"covered":0,"skipped":0,"pct":0},"branches":{"total":28,"covered":0,"skipped":0,"pct":0}}
,"C:\\dev\\lumina\\lib\\monitoring\\alerting-system.ts": {"lines":{"total":67,"covered":60,"skipped":0,"pct":89.55},"functions":{"total":21,"covered":21,"skipped":0,"pct":100},"statements":{"total":69,"covered":62,"skipped":0,"pct":89.85},"branches":{"total":31,"covered":26,"skipped":0,"pct":83.87}}
,"C:\\dev\\lumina\\lib\\monitoring\\appointment-performance-monitor.ts": {"lines":{"total":152,"covered":8,"skipped":0,"pct":5.26},"functions":{"total":48,"covered":2,"skipped":0,"pct":4.16},"statements":{"total":161,"covered":8,"skipped":0,"pct":4.96},"branches":{"total":58,"covered":2,"skipped":0,"pct":3.44}}
,"C:\\dev\\lumina\\lib\\monitoring\\availability-logger.ts": {"lines":{"total":105,"covered":0,"skipped":0,"pct":0},"functions":{"total":31,"covered":0,"skipped":0,"pct":0},"statements":{"total":105,"covered":0,"skipped":0,"pct":0},"branches":{"total":63,"covered":0,"skipped":0,"pct":0}}
[...]
,"C:\\dev\\lumina\\lib\\monitoring\\booking-performance-monitor.ts": {"lines":{"total":63,"covered":0,"skipped":0,"pct":0},"functions":{"total":23,"covered":0,"skipped":0,"pct":0},"statements":{"total":67,"covered":0,"skipped":0,"pct":0},"branches":{"total":39,"covered":0,"skipped":0,"pct":0}}
,"C:\\dev\\lumina\\lib\\monitoring\\business-metrics-tracker.ts": {"lines":{"total":70,"covered":67,"skipped":0,"pct":95.71},"functions":{"total":24,"covered":24,"skipped":0,"pct":100},"statements":{"total":81,"covered":78,"skipped":0,"pct":96.29},"branches":{"total":46,"covered":42,"skipped":0,"pct":91.3}}
,"C:\\dev\\lumina\\lib\\repositories\\appointment-repository-optimized.ts": {"lines":{"total":114,"covered":8,"skipped":0,"pct":7.01},"functions":{"total":38,"covered":1,"skipped":0,"pct":2.63},"statements":{"total":123,"covered":8,"skipped":0,"pct":6.5},"branches":{"total":127,"covered":1,"skipped":0,"pct":0.78}}
,"C:\\dev\\lumina\\lib\\repositories\\appointment-repository.ts": {"lines":{"total":158,"covered":68,"skipped":0,"pct":43.03},"functions":{"total":41,"covered":22,"skipped":0,"pct":53.65},"statements":{"total":165,"covered":72,"skipped":0,"pct":43.63},"branches":{"total":160,"covered":24,"skipped":0,"pct":15}}
,"C:\\dev\\lumina\\lib\\repositories\\business-hours-repository-enhanced.ts": {"lines":{"total":41,"covered":0,"skipped":0,"pct":0},"functions":{"total":12,"covered":0,"skipped":0,"pct":0},"statements":{"total":43,"covered":0,"skipped":0,"pct":0},"branches":{"total":32,"covered":0,"skipped":0,"pct":0}}
,"C:\\dev\\lumina\\lib\\repositories\\business-hours-repository.ts": {"lines":{"total":64,"covered":27,"skipped":0,"pct":42.18},"functions":{"total":12,"covered":7,"skipped":0,"pct":58.33},"statements":{"total":66,"covered":29,"skipped":0,"pct":43.93},"branches":{"total":62,"covered":21,"skipped":0,"pct":33.87}}
,"C:\\dev\\lumina\\lib\\repositories\\index.ts": {"lines":{"total":0,"covered":0,"skipped":0,"pct":0},"functions":{"total":0,"covered":0,"skipped":0,"pct":0},"statements":{"total":0,"covered":0,"skipped":0,"pct":0},"branches":{"total":0,"covered":0,"skipped":0,"pct":0}}
,"C:\\dev\\lumina\\lib\\repositories\\secure-appointment-repository.ts": {"lines":{"total":100,"covered":0,"skipped":0,"pct":0},"functions":{"total":12,"covered":0,"skipped":0,"pct":0},"statements":{"total":100,"covered":0,"skipped":0,"pct":0},"branches":{"total":80,"covered":0,"skipped":0,"pct":0}}
,"C:\\dev\\lumina\\lib\\repositories\\staff-availability-repository-enhanced.ts": {"lines":{"total":71,"covered":0,"skipped":0,"pct":0},"functions":{"total":20,"covered":0,"skipped":0,"pct":0},"statements":{"total":76,"covered":0,"skipped":0,"pct":0},"branches":{"total":32,"covered":0,"skipped":0,"pct":0}}
,"C:\\dev\\lumina\\lib\\repositories\\staff-availability-repository.ts": {"lines":{"total":111,"covered":60,"skipped":0,"pct":54.05},"functions":{"total":15,"covered":10,"skipped":0,"pct":66.66},"statements":{"total":113,"covered":61,"skipped":0,"pct":53.98},"branches":{"total":72,"covered":16,"skipped":0,"pct":22.22}}
,"C:\\dev\\lumina\\lib\\repositories\\time-off-request-repository.ts": {"lines":{"total":99,"covered":57,"skipped":0,"pct":57.57},"functions":{"total":15,"covered":12,"skipped":0,"pct":80},"statements":{"total":99,"covered":57,"skipped":0,"pct":57.57},"branches":{"total":77,"covered":29,"skipped":0,"pct":37.66}}
,"C:\\dev\\lumina\\lib\\search\\appointment-search-index.ts": {"lines":{"total":144,"covered":0,"skipped":0,"pct":0},"functions":{"total":38,"covered":0,"skipped":0,"pct":0},"statements":{"total":154,"covered":0,"skipped":0,"pct":0},"branches":{"total":83,"covered":0,"skipped":0,"pct":0}}
,"C:\\dev\\lumina\\lib\\security\\business-context-security.ts": {"lines":{"total":93,"covered":0,"skipped":0,"pct":0},"functions":{"total":20,"covered":0,"skipped":0,"pct":0},"statements":{"total":94,"covered":0,"skipped":0,"pct":0},"branches":{"total":49,"covered":0,"skipped":0,"pct":0}}
,"C:\\dev\\lumina\\lib\\security\\data-protection.ts": {"lines":{"total":171,"covered":0,"skipped":0,"pct":0},"functions":{"total":33,"covered":0,"skipped":0,"pct":0},"statements":{"total":178,"covered":0,"skipped":0,"pct":0},"branches":{"total":93,"covered":0,"skipped":0,"pct":0}}
,"C:\\dev\\lumina\\lib\\security\\public-booking-audit.ts": {"lines":{"total":78,"covered":0,"skipped":0,"pct":0},"functions":{"total":27,"covered":0,"skipped":0,"pct":0},"statements":{"total":82,"covered":0,"skipped":0,"pct":0},"branches":{"total":68,"covered":0,"skipped":0,"pct":0}}
,"C:\\dev\\lumina\\lib\\security\\public-booking-csrf.ts": {"lines":{"total":55,"covered":0,"skipped":0,"pct":0},"functions":{"total":12,"covered":0,"skipped":0,"pct":0},"statements":{"total":55,"covered":0,"skipped":0,"pct":0},"branches":{"total":29,"covered":0,"skipped":0,"pct":0}}
,"C:\\dev\\lumina\\lib\\security\\public-booking-rate-limiter.ts": {"lines":{"total":103,"covered":0,"skipped":0,"pct":0},"functions":{"total":25,"covered":0,"skipped":0,"pct":0},"statements":{"total":111,"covered":0,"skipped":0,"pct":0},"branches":{"total":59,"covered":0,"skipped":0,"pct":0}}
,"C:\\dev\\lumina\\lib\\security\\public-booking-sanitizer.ts": {"lines":{"total":155,"covered":0,"skipped":0,"pct":0},"functions":{"total":17,"covered":0,"skipped":0,"pct":0},"statements":{"total":157,"covered":0,"skipped":0,"pct":0},"branches":{"total":66,"covered":0,"skipped":0,"pct":0}}
,"C:\\dev\\lumina\\lib\\security\\public-booking-security-middleware.ts": {"lines":{"total":100,"covered":0,"skipped":0,"pct":0},"functions":{"total":12,"covered":0,"skipped":0,"pct":0},"statements":{"total":101,"covered":0,"skipped":0,"pct":0},"branches":{"total":82,"covered":0,"skipped":0,"pct":0}}
,"C:\\dev\\lumina\\lib\\security\\rate-limiter.ts": {"lines":{"total":97,"covered":78,"skipped":0,"pct":80.41},"functions":{"total":26,"covered":16,"skipped":0,"pct":61.53},"statements":{"total":103,"covered":79,"skipped":0,"pct":76.69},"branches":{"total":54,"covered":40,"skipped":0,"pct":74.07}}
,"C:\\dev\\lumina\\lib\\security\\security-middleware.ts": {"lines":{"total":99,"covered":0,"skipped":0,"pct":0},"functions":{"total":21,"covered":0,"skipped":0,"pct":0},"statements":{"total":103,"covered":0,"skipped":0,"pct":0},"branches":{"total":76,"covered":0,"skipped":0,"pct":0}}
,"C:\\dev\\lumina\\lib\\security\\validation-middleware.ts": {"lines":{"total":104,"covered":97,"skipped":0,"pct":93.26},"functions":{"total":24,"covered":22,"skipped":0,"pct":91.66},"statements":{"total":105,"covered":98,"skipped":0,"pct":93.33},"branches":{"total":81,"covered":73,"skipped":0,"pct":90.12}}
,"C:\\dev\\lumina\\lib\\services\\alternative-slots-service.ts": {"lines":{"total":108,"covered":0,"skipped":0,"pct":0},"functions":{"total":23,"covered":0,"skipped":0,"pct":0},"statements":{"total":128,"covered":0,"skipped":0,"pct":0},"branches":{"total":74,"covered":0,"skipped":0,"pct":0}}
,"C:\\dev\\lumina\\lib\\services\\appointment-error-handler.ts": {"lines":{"total":112,"covered":30,"skipped":0,"pct":26.78},"functions":{"total":22,"covered":8,"skipped":0,"pct":36.36},"statements":{"total":112,"covered":30,"skipped":0,"pct":26.78},"branches":{"total":93,"covered":12,"skipped":0,"pct":12.9}}
,"C:\\dev\\lumina\\lib\\services\\appointment-notification-service.ts": {"lines":{"total":101,"covered":68,"skipped":0,"pct":67.32},"functions":{"total":18,"covered":16,"skipped":0,"pct":88.88},"statements":{"total":102,"covered":69,"skipped":0,"pct":67.64},"branches":{"total":97,"covered":30,"skipped":0,"pct":30.92}}
,"C:\\dev\\lumina\\lib\\services\\appointment-performance-service.ts": {"lines":{"total":115,"covered":0,"skipped":0,"pct":0},"functions":{"total":26,"covered":0,"skipped":0,"pct":0},"statements":{"total":117,"covered":0,"skipped":0,"pct":0},"branches":{"total":62,"covered":0,"skipped":0,"pct":0}}
,"C:\\dev\\lumina\\lib\\services\\appointment-service.ts": {"lines":{"total":294,"covered":107,"skipped":0,"pct":36.39},"functions":{"total":44,"covered":15,"skipped":0,"pct":34.09},"statements":{"total":305,"covered":108,"skipped":0,"pct":35.4},"branches":{"total":187,"covered":44,"skipped":0,"pct":23.52}}
,"C:\\dev\\lumina\\lib\\services\\appointment-status-manager.ts": {"lines":{"total":116,"covered":79,"skipped":0,"pct":68.1},"functions":{"total":21,"covered":16,"skipped":0,"pct":76.19},"statements":{"total":117,"covered":80,"skipped":0,"pct":68.37},"branches":{"total":57,"covered":34,"skipped":0,"pct":59.64}}
,"C:\\dev\\lumina\\lib\\services\\availability-cache-invalidation.ts": {"lines":{"total":93,"covered":0,"skipped":0,"pct":0},"functions":{"total":11,"covered":0,"skipped":0,"pct":0},"statements":{"total":94,"covered":0,"skipped":0,"pct":0},"branches":{"total":40,"covered":0,"skipped":0,"pct":0}}
,"C:\\dev\\lumina\\lib\\services\\availability-cache.ts": {"lines":{"total":102,"covered":94,"skipped":0,"pct":92.15},"functions":{"total":18,"covered":18,"skipped":0,"pct":100},"statements":{"total":102,"covered":94,"skipped":0,"pct":92.15},"branches":{"total":35,"covered":31,"skipped":0,"pct":88.57}}
,"C:\\dev\\lumina\\lib\\services\\availability-calculator.ts": {"lines":{"total":149,"covered":31,"skipped":0,"pct":20.8},"functions":{"total":26,"covered":5,"skipped":0,"pct":19.23},"statements":{"total":154,"covered":31,"skipped":0,"pct":20.12},"branches":{"total":79,"covered":12,"skipped":0,"pct":15.18}}
,"C:\\dev\\lumina\\lib\\services\\backward-compatibility.ts": {"lines":{"total":103,"covered":86,"skipped":0,"pct":83.49},"functions":{"total":23,"covered":20,"skipped":0,"pct":86.95},"statements":{"total":106,"covered":89,"skipped":0,"pct":83.96},"branches":{"total":34,"covered":25,"skipped":0,"pct":73.52}}
,"C:\\dev\\lumina\\lib\\services\\bulk-operations-service.ts": {"lines":{"total":62,"covered":46,"skipped":0,"pct":74.19},"functions":{"total":16,"covered":13,"skipped":0,"pct":81.25},"statements":{"total":67,"covered":49,"skipped":0,"pct":73.13},"branches":{"total":30,"covered":16,"skipped":0,"pct":53.33}}
,"C:\\dev\\lumina\\lib\\services\\business-service.ts": {"lines":{"total":19,"covered":0,"skipped":0,"pct":0},"functions":{"total":5,"covered":0,"skipped":0,"pct":0},"statements":{"total":20,"covered":0,"skipped":0,"pct":0},"branches":{"total":38,"covered":0,"skipped":0,"pct":0}}
,"C:\\dev\\lumina\\lib\\services\\calendar-integration.ts": {"lines":{"total":251,"covered":197,"skipped":0,"pct":78.48},"functions":{"total":39,"covered":35,"skipped":0,"pct":89.74},"statements":{"total":257,"covered":201,"skipped":0,"pct":78.21},"branches":{"total":156,"covered":99,"skipped":0,"pct":63.46}}
,"C:\\dev\\lumina\\lib\\services\\client-service.ts": {"lines":{"total":80,"covered":73,"skipped":0,"pct":91.25},"functions":{"total":7,"covered":7,"skipped":0,"pct":100},"statements":{"total":85,"covered":74,"skipped":0,"pct":87.05},"branches":{"total":75,"covered":57,"skipped":0,"pct":76}}
,"C:\\dev\\lumina\\lib\\services\\conflict-detection-engine.ts": {"lines":{"total":361,"covered":260,"skipped":0,"pct":72.02},"functions":{"total":45,"covered":37,"skipped":0,"pct":82.22},"statements":{"total":375,"covered":271,"skipped":0,"pct":72.26},"branches":{"total":183,"covered":105,"skipped":0,"pct":57.37}}
,"C:\\dev\\lumina\\lib\\services\\dashboard-integration-service.ts": {"lines":{"total":141,"covered":62,"skipped":0,"pct":43.97},"functions":{"total":35,"covered":11,"skipped":0,"pct":31.42},"statements":{"total":145,"covered":64,"skipped":0,"pct":44.13},"branches":{"total":92,"covered":13,"skipped":0,"pct":14.13}}
,"C:\\dev\\lumina\\lib\\services\\data-migration.ts": {"lines":{"total":112,"covered":101,"skipped":0,"pct":90.17},"functions":{"total":16,"covered":15,"skipped":0,"pct":93.75},"statements":{"total":114,"covered":103,"skipped":0,"pct":90.35},"branches":{"total":41,"covered":23,"skipped":0,"pct":56.09}}
,"C:\\dev\\lumina\\lib\\services\\enhanced-error-handler.ts": {"lines":{"total":98,"covered":16,"skipped":0,"pct":16.32},"functions":{"total":27,"covered":3,"skipped":0,"pct":11.11},"statements":{"total":103,"covered":16,"skipped":0,"pct":15.53},"branches":{"total":67,"covered":8,"skipped":0,"pct":11.94}}
,"C:\\dev\\lumina\\lib\\services\\graceful-degradation.ts": {"lines":{"total":100,"covered":39,"skipped":0,"pct":39},"functions":{"total":28,"covered":10,"skipped":0,"pct":35.71},"statements":{"total":103,"covered":40,"skipped":0,"pct":38.83},"branches":{"total":59,"covered":9,"skipped":0,"pct":15.25}}
,"C:\\dev\\lumina\\lib\\services\\index.ts": {"lines":{"total":0,"covered":0,"skipped":0,"pct":0},"functions":{"total":0,"covered":0,"skipped":0,"pct":0},"statements":{"total":0,"covered":0,"skipped":0,"pct":0},"branches":{"total":0,"covered":0,"skipped":0,"pct":0}}
,"C:\\dev\\lumina\\lib\\services\\multi-service-appointment.ts": {"lines":{"total":83,"covered":83,"skipped":0,"pct":100},"functions":{"total":25,"covered":25,"skipped":0,"pct":100},"statements":{"total":100,"covered":99,"skipped":0,"pct":99},"branches":{"total":30,"covered":28,"skipped":0,"pct":93.33}}
,"C:\\dev\\lumina\\lib\\services\\multi-service-coordinator.ts": {"lines":{"total":239,"covered":167,"skipped":0,"pct":69.87},"functions":{"total":58,"covered":37,"skipped":0,"pct":63.79},"statements":{"total":262,"covered":180,"skipped":0,"pct":68.7},"branches":{"total":132,"covered":65,"skipped":0,"pct":49.24}}
,"C:\\dev\\lumina\\lib\\services\\payment-calculation-service.ts": {"lines":{"total":83,"covered":0,"skipped":0,"pct":0},"functions":{"total":26,"covered":0,"skipped":0,"pct":0},"statements":{"total":84,"covered":0,"skipped":0,"pct":0},"branches":{"total":36,"covered":0,"skipped":0,"pct":0}}
,"C:\\dev\\lumina\\lib\\services\\real-time-availability-service.ts": {"lines":{"total":82,"covered":64,"skipped":0,"pct":78.04},"functions":{"total":18,"covered":17,"skipped":0,"pct":94.44},"statements":{"total":89,"covered":69,"skipped":0,"pct":77.52},"branches":{"total":32,"covered":20,"skipped":0,"pct":62.5}}
,"C:\\dev\\lumina\\lib\\services\\real-time-sync-service.ts": {"lines":{"total":165,"covered":81,"skipped":0,"pct":49.09},"functions":{"total":32,"covered":16,"skipped":0,"pct":50},"statements":{"total":174,"covered":85,"skipped":0,"pct":48.85},"branches":{"total":78,"covered":27,"skipped":0,"pct":34.61}}
,"C:\\dev\\lumina\\lib\\services\\service-duration-validator.ts": {"lines":{"total":122,"covered":68,"skipped":0,"pct":55.73},"functions":{"total":9,"covered":7,"skipped":0,"pct":77.77},"statements":{"total":130,"covered":69,"skipped":0,"pct":53.07},"branches":{"total":62,"covered":30,"skipped":0,"pct":48.38}}
,"C:\\dev\\lumina\\lib\\services\\system-integration-manager.ts": {"lines":{"total":126,"covered":80,"skipped":0,"pct":63.49},"functions":{"total":25,"covered":19,"skipped":0,"pct":76},"statements":{"total":127,"covered":81,"skipped":0,"pct":63.77},"branches":{"total":54,"covered":13,"skipped":0,"pct":24.07}}
,"C:\\dev\\lumina\\lib\\services\\time-slot-analysis-engine.ts": {"lines":{"total":205,"covered":134,"skipped":0,"pct":65.36},"functions":{"total":22,"covered":15,"skipped":0,"pct":68.18},"statements":{"total":213,"covered":137,"skipped":0,"pct":64.31},"branches":{"total":92,"covered":44,"skipped":0,"pct":47.82}}
,"C:\\dev\\lumina\\lib\\services\\timezone-aware-availability.ts": {"lines":{"total":126,"covered":25,"skipped":0,"pct":19.84},"functions":{"total":15,"covered":3,"skipped":0,"pct":20},"statements":{"total":127,"covered":25,"skipped":0,"pct":19.68},"branches":{"total":88,"covered":11,"skipped":0,"pct":12.5}}
,"C:\\dev\\lumina\\lib\\services\\timezone-handler.ts": {"lines":{"total":90,"covered":81,"skipped":0,"pct":90},"functions":{"total":19,"covered":19,"skipped":0,"pct":100},"statements":{"total":96,"covered":87,"skipped":0,"pct":90.62},"branches":{"total":64,"covered":55,"skipped":0,"pct":85.93}}
,"C:\\dev\\lumina\\lib\\services\\websocket-service.ts": {"lines":{"total":86,"covered":69,"skipped":0,"pct":80.23},"functions":{"total":18,"covered":14,"skipped":0,"pct":77.77},"statements":{"total":88,"covered":71,"skipped":0,"pct":80.68},"branches":{"total":50,"covered":39,"skipped":0,"pct":78}}
,"C:\\dev\\lumina\\lib\\validations\\appointment.ts": {"lines":{"total":24,"covered":0,"skipped":0,"pct":0},"functions":{"total":8,"covered":0,"skipped":0,"pct":0},"statements":{"total":24,"covered":0,"skipped":0,"pct":0},"branches":{"total":12,"covered":0,"skipped":0,"pct":0}}
,"C:\\dev\\lumina\\lib\\validations\\business.ts": {"lines":{"total":9,"covered":0,"skipped":0,"pct":0},"functions":{"total":0,"covered":0,"skipped":0,"pct":100},"statements":{"total":9,"covered":0,"skipped":0,"pct":0},"branches":{"total":0,"covered":0,"skipped":0,"pct":100}}
,"C:\\dev\\lumina\\lib\\validations\\employment.ts": {"lines":{"total":16,"covered":15,"skipped":0,"pct":93.75},"functions":{"total":1,"covered":1,"skipped":0,"pct":100},"statements":{"total":16,"covered":15,"skipped":0,"pct":93.75},"branches":{"total":4,"covered":3,"skipped":0,"pct":75}}
,"C:\\dev\\lumina\\types\\appointment-filters.ts": {"lines":{"total":0,"covered":0,"skipped":0,"pct":0},"functions":{"total":0,"covered":0,"skipped":0,"pct":0},"statements":{"total":0,"covered":0,"skipped":0,"pct":0},"branches":{"total":0,"covered":0,"skipped":0,"pct":0}}
,"C:\\dev\\lumina\\types\\auth.ts": {"lines":{"total":4,"covered":0,"skipped":0,"pct":0},"functions":{"total":0,"covered":0,"skipped":0,"pct":100},"statements":{"total":4,"covered":0,"skipped":0,"pct":0},"branches":{"total":0,"covered":0,"skipped":0,"pct":100}}
,"C:\\dev\\lumina\\types\\booking.ts": {"lines":{"total":0,"covered":0,"skipped":0,"pct":0},"functions":{"total":0,"covered":0,"skipped":0,"pct":0},"statements":{"total":0,"covered":0,"skipped":0,"pct":0},"branches":{"total":0,"covered":0,"skipped":0,"pct":0}}
,"C:\\dev\\lumina\\types\\dashboard-appointments.ts": {"lines":{"total":0,"covered":0,"skipped":0,"pct":0},"functions":{"total":0,"covered":0,"skipped":0,"pct":0},"statements":{"total":0,"covered":0,"skipped":0,"pct":0},"branches":{"total":0,"covered":0,"skipped":0,"pct":0}}
,"C:\\dev\\lumina\\types\\dashboard-integration.ts": {"lines":{"total":0,"covered":0,"skipped":0,"pct":0},"functions":{"total":0,"covered":0,"skipped":0,"pct":0},"statements":{"total":0,"covered":0,"skipped":0,"pct":0},"branches":{"total":0,"covered":0,"skipped":0,"pct":0}}
,"C:\\dev\\lumina\\types\\dashboard.ts": {"lines":{"total":0,"covered":0,"skipped":0,"pct":0},"functions":{"total":0,"covered":0,"skipped":0,"pct":0},"statements":{"total":0,"covered":0,"skipped":0,"pct":0},"branches":{"total":0,"covered":0,"skipped":0,"pct":0}}
,"C:\\dev\\lumina\\types\\database.ts": {"lines":{"total":0,"covered":0,"skipped":0,"pct":0},"functions":{"total":0,"covered":0,"skipped":0,"pct":0},"statements":{"total":0,"covered":0,"skipped":0,"pct":0},"branches":{"total":0,"covered":0,"skipped":0,"pct":0}}
,"C:\\dev\\lumina\\types\\employment.ts": {"lines":{"total":0,"covered":0,"skipped":0,"pct":0},"functions":{"total":0,"covered":0,"skipped":0,"pct":0},"statements":{"total":0,"covered":0,"skipped":0,"pct":0},"branches":{"total":0,"covered":0,"skipped":0,"pct":0}}
,"C:\\dev\\lumina\\types\\index.ts": {"lines":{"total":0,"covered":0,"skipped":0,"pct":0},"functions":{"total":0,"covered":0,"skipped":0,"pct":0},"statements":{"total":0,"covered":0,"skipped":0,"pct":0},"branches":{"total":0,"covered":0,"skipped":0,"pct":0}}
,"C:\\dev\\lumina\\types\\linear-integration.ts": {"lines":{"total":1,"covered":0,"skipped":0,"pct":0},"functions":{"total":0,"covered":0,"skipped":0,"pct":100},"statements":{"total":1,"covered":0,"skipped":0,"pct":0},"branches":{"total":0,"covered":0,"skipped":0,"pct":100}}
,"C:\\dev\\lumina\\types\\service-selection.ts": {"lines":{"total":0,"covered":0,"skipped":0,"pct":0},"functions":{"total":0,"covered":0,"skipped":0,"pct":0},"statements":{"total":0,"covered":0,"skipped":0,"pct":0},"branches":{"total":0,"covered":0,"skipped":0,"pct":0}}
}
