TN:
SF:app\page.tsx
FN:22,HomePage
FNF:1
FNH:0
FNDA:0,HomePage
DA:54,0
LF:1
LH:0
BRF:0
BRH:0
end_of_record
TN:
SF:app\api\analytics\appointments\route.ts
FN:13,GET
FNF:1
FNH:0
FNDA:0,GET
DA:6,0
DA:14,0
DA:15,0
DA:16,0
DA:17,0
DA:20,0
DA:21,0
DA:30,0
DA:37,0
DA:42,0
DA:44,0
DA:45,0
DA:51,0
LF:13
LH:0
BRDA:16,0,0,0
BRDA:16,0,1,0
BRDA:44,1,0,0
BRDA:44,1,1,0
BRF:4
BRH:0
end_of_record
TN:
SF:app\api\analytics\booking-metrics\route.ts
FN:6,POST
FNF:1
FNH:0
FNDA:0,POST
DA:7,0
DA:8,0
DA:10,0
DA:11,0
DA:17,0
DA:18,0
DA:21,0
DA:22,0
DA:28,0
DA:29,0
DA:32,0
DA:33,0
DA:40,0
DA:46,0
DA:47,0
DA:53,0
DA:59,0
DA:60,0
LF:18
LH:0
BRDA:10,0,0,0
BRDA:10,0,1,0
BRDA:21,1,0,0
BRDA:21,1,1,0
BRDA:32,2,0,0
BRDA:32,2,1,0
BRDA:32,3,0,0
BRDA:32,3,1,0
BRF:8
BRH:0
end_of_record
TN:
SF:app\api\analytics\business-metrics\route.ts
FN:12,GET
FNF:1
FNH:0
FNDA:0,GET
DA:6,0
DA:13,0
DA:14,0
DA:15,0
DA:16,0
DA:19,0
DA:20,0
DA:28,0
DA:41,0
DA:49,0
DA:51,0
DA:52,0
DA:58,0
LF:13
LH:0
BRDA:15,0,0,0
BRDA:15,0,1,0
BRDA:51,1,0,0
BRDA:51,1,1,0
BRF:4
BRH:0
end_of_record
TN:
SF:app\api\analytics\performance\route.ts
FN:42,POST
FN:93,analyzePerformanceIssues
FN:116,(anonymous_2)
FN:137,getApiThreshold
FN:148,storePerformanceMetrics
FN:177,GET
FN:204,getPerformanceAnalytics
FNF:7
FNH:0
FNDA:0,POST
FNDA:0,analyzePerformanceIssues
FNDA:0,(anonymous_2)
FNDA:0,getApiThreshold
FNDA:0,storePerformanceMetrics
FNDA:0,GET
FNDA:0,getPerformanceAnalytics
DA:5,0
DA:12,0
DA:43,0
DA:44,0
DA:45,0
DA:54,0
DA:62,0
DA:63,0
DA:64,0
DA:68,0
DA:70,0
DA:77,0
DA:79,0
DA:80,0
DA:86,0
DA:94,0
DA:95,0
DA:98,0
DA:99,0
DA:102,0
DA:103,0
DA:106,0
DA:107,0
DA:111,0
DA:112,0
DA:116,0
DA:117,0
DA:118,0
DA:119,0
DA:124,0
DA:125,0
DA:129,0
DA:131,0
DA:134,0
DA:138,0
DA:145,0
DA:152,0
DA:169,0
DA:171,0
DA:178,0
DA:179,0
DA:180,0
DA:181,0
DA:183,0
DA:184,0
DA:191,0
DA:193,0
DA:196,0
DA:197,0
DA:208,0
LF:50
LH:0
BRDA:63,0,0,0
BRDA:63,0,1,0
BRDA:73,1,0,0
BRDA:73,1,1,0
BRDA:79,2,0,0
BRDA:79,2,1,0
BRDA:98,3,0,0
BRDA:98,3,1,0
BRDA:102,4,0,0
BRDA:102,4,1,0
BRDA:106,5,0,0
BRDA:106,5,1,0
BRDA:111,6,0,0
BRDA:111,6,1,0
BRDA:118,7,0,0
BRDA:118,7,1,0
BRDA:124,8,0,0
BRDA:124,8,1,0
BRDA:129,9,0,0
BRDA:129,9,1,0
BRDA:129,10,0,0
BRDA:129,10,1,0
BRDA:145,11,0,0
BRDA:145,11,1,0
BRDA:181,12,0,0
BRDA:181,12,1,0
BRDA:183,13,0,0
BRDA:183,13,1,0
BRF:28
BRH:0
end_of_record
TN:
SF:app\api\analytics\staff-efficiency\route.ts
FN:12,GET
FNF:1
FNH:0
FNDA:0,GET
DA:6,0
DA:13,0
DA:14,0
DA:15,0
DA:16,0
DA:19,0
DA:20,0
DA:28,0
DA:34,0
DA:39,0
DA:41,0
DA:42,0
DA:48,0
LF:13
LH:0
BRDA:15,0,0,0
BRDA:15,0,1,0
BRDA:41,1,0,0
BRDA:41,1,1,0
BRF:4
BRH:0
end_of_record
TN:
SF:app\api\analytics\track-error\route.ts
FN:16,POST
FNF:1
FNH:0
FNDA:0,POST
DA:5,0
DA:17,0
DA:18,0
DA:19,0
DA:21,0
DA:26,0
DA:28,0
DA:30,0
DA:31,0
DA:37,0
LF:10
LH:0
BRDA:30,0,0,0
BRDA:30,0,1,0
BRF:2
BRH:0
end_of_record
TN:
SF:app\api\analytics\track-event\route.ts
FN:14,POST
FNF:1
FNH:0
FNDA:0,POST
DA:5,0
DA:15,0
DA:16,0
DA:17,0
DA:19,0
DA:24,0
DA:26,0
DA:28,0
DA:29,0
DA:35,0
LF:10
LH:0
BRDA:28,0,0,0
BRDA:28,0,1,0
BRF:2
BRH:0
end_of_record
TN:
SF:app\api\analytics\track-performance\route.ts
FN:17,POST
FNF:1
FNH:0
FNDA:0,POST
DA:5,0
DA:18,0
DA:19,0
DA:20,0
DA:22,0
DA:24,0
DA:29,0
DA:31,0
DA:33,0
DA:34,0
DA:40,0
LF:11
LH:0
BRDA:33,0,0,0
BRDA:33,0,1,0
BRF:2
BRH:0
end_of_record
TN:
SF:app\api\appointments\route.ts
FN:30,GET
FN:88,(anonymous_1)
FN:109,POST
FN:165,(anonymous_3)
FN:233,(anonymous_4)
FNF:5
FNH:0
FNDA:0,GET
FNDA:0,(anonymous_1)
FNDA:0,POST
FNDA:0,(anonymous_3)
FNDA:0,(anonymous_4)
DA:24,0
DA:31,0
DA:32,0
DA:33,0
DA:34,0
DA:37,0
DA:38,0
DA:40,0
DA:41,0
DA:45,0
DA:52,0
DA:53,0
DA:57,0
DA:60,0
DA:61,0
DA:62,0
DA:67,0
DA:70,0
DA:72,0
DA:84,0
DA:85,0
DA:88,0
DA:97,0
DA:98,0
DA:110,0
DA:111,0
DA:112,0
DA:113,0
DA:116,0
DA:119,0
DA:122,0
DA:129,0
DA:130,0
DA:134,0
DA:142,0
DA:143,0
DA:149,0
DA:150,0
DA:157,0
DA:158,0
DA:165,0
DA:166,0
DA:174,0
DA:175,0
DA:181,0
DA:198,0
DA:199,0
DA:207,0
DA:208,0
DA:219,0
DA:223,0
DA:229,0
DA:230,0
DA:233,0
DA:242,0
DA:243,0
LF:56
LH:0
BRDA:33,0,0,0
BRDA:33,0,1,0
BRDA:40,1,0,0
BRDA:40,1,1,0
BRDA:52,2,0,0
BRDA:52,2,1,0
BRDA:61,3,0,0
BRDA:61,3,1,0
BRDA:84,4,0,0
BRDA:84,4,1,0
BRDA:112,5,0,0
BRDA:112,5,1,0
BRDA:129,6,0,0
BRDA:129,6,1,0
BRDA:142,7,0,0
BRDA:142,7,1,0
BRDA:149,8,0,0
BRDA:149,8,1,0
BRDA:157,9,0,0
BRDA:157,9,1,0
BRDA:174,10,0,0
BRDA:174,10,1,0
BRDA:185,11,0,0
BRDA:185,11,1,0
BRDA:198,12,0,0
BRDA:198,12,1,0
BRDA:229,13,0,0
BRDA:229,13,1,0
BRF:28
BRH:0
end_of_record
TN:
SF:app\api\appointments\[id]\route.ts
FN:31,GET
FN:88,PUT
FN:122,(anonymous_2)
FN:181,(anonymous_3)
FN:202,DELETE
FN:290,(anonymous_5)
FNF:6
FNH:0
FNDA:0,GET
FNDA:0,PUT
FNDA:0,(anonymous_2)
FNDA:0,(anonymous_3)
FNDA:0,DELETE
FNDA:0,(anonymous_5)
DA:25,0
DA:35,0
DA:36,0
DA:37,0
DA:38,0
DA:41,0
DA:42,0
DA:43,0
DA:44,0
DA:46,0
DA:47,0
DA:51,0
DA:58,0
DA:59,0
DA:63,0
DA:69,0
DA:70,0
DA:73,0
DA:76,0
DA:77,0
DA:92,0
DA:93,0
DA:94,0
DA:95,0
DA:98,0
DA:99,0
DA:101,0
DA:102,0
DA:106,0
DA:109,0
DA:116,0
DA:117,0
DA:121,0
DA:122,0
DA:123,0
DA:131,0
DA:132,0
DA:139,0
DA:145,0
DA:146,0
DA:154,0
DA:155,0
DA:167,0
DA:171,0
DA:177,0
DA:178,0
DA:181,0
DA:190,0
DA:191,0
DA:206,0
DA:207,0
DA:208,0
DA:209,0
DA:212,0
DA:213,0
DA:215,0
DA:216,0
DA:220,0
DA:222,0
DA:223,0
DA:224,0
DA:225,0
DA:226,0
DA:233,0
DA:240,0
DA:241,0
DA:245,0
DA:254,0
DA:255,0
DA:263,0
DA:264,0
DA:275,0
DA:279,0
DA:286,0
DA:287,0
DA:290,0
DA:299,0
DA:300,0
LF:78
LH:0
BRDA:37,0,0,0
BRDA:37,0,1,0
BRDA:46,1,0,0
BRDA:46,1,1,0
BRDA:58,2,0,0
BRDA:58,2,1,0
BRDA:69,3,0,0
BRDA:69,3,1,0
BRDA:94,4,0,0
BRDA:94,4,1,0
BRDA:101,5,0,0
BRDA:101,5,1,0
BRDA:116,6,0,0
BRDA:116,6,1,0
BRDA:121,7,0,0
BRDA:121,7,1,0
BRDA:131,8,0,0
BRDA:131,8,1,0
BRDA:145,9,0,0
BRDA:145,9,1,0
BRDA:177,10,0,0
BRDA:177,10,1,0
BRDA:208,11,0,0
BRDA:208,11,1,0
BRDA:215,12,0,0
BRDA:215,12,1,0
BRDA:224,13,0,0
BRDA:224,13,1,0
BRDA:240,14,0,0
BRDA:240,14,1,0
BRDA:250,15,0,0
BRDA:250,15,1,0
BRDA:254,16,0,0
BRDA:254,16,1,0
BRDA:286,17,0,0
BRDA:286,17,1,0
BRF:36
BRH:0
end_of_record
TN:
SF:app\api\appointments\[id]\services\route.ts
FN:31,POST
FN:71,(anonymous_1)
FN:93,(anonymous_2)
FN:128,(anonymous_3)
FN:149,DELETE
FN:200,(anonymous_5)
FN:214,(anonymous_6)
FN:246,(anonymous_7)
FN:267,GET
FN:303,(anonymous_9)
FN:304,(anonymous_10)
FN:308,(anonymous_11)
FNF:12
FNH:0
FNDA:0,POST
FNDA:0,(anonymous_1)
FNDA:0,(anonymous_2)
FNDA:0,(anonymous_3)
FNDA:0,DELETE
FNDA:0,(anonymous_5)
FNDA:0,(anonymous_6)
FNDA:0,(anonymous_7)
FNDA:0,GET
FNDA:0,(anonymous_9)
FNDA:0,(anonymous_10)
FNDA:0,(anonymous_11)
DA:25,0
DA:35,0
DA:36,0
DA:37,0
DA:38,0
DA:41,0
DA:42,0
DA:44,0
DA:45,0
DA:49,0
DA:50,0
DA:53,0
DA:60,0
DA:61,0
DA:65,0
DA:66,0
DA:67,0
DA:71,0
DA:72,0
DA:80,0
DA:81,0
DA:87,0
DA:93,0
DA:108,0
DA:109,0
DA:116,0
DA:124,0
DA:125,0
DA:128,0
DA:137,0
DA:138,0
DA:153,0
DA:154,0
DA:155,0
DA:156,0
DA:159,0
DA:160,0
DA:162,0
DA:163,0
DA:168,0
DA:169,0
DA:170,0
DA:171,0
DA:172,0
DA:174,0
DA:177,0
DA:181,0
DA:188,0
DA:189,0
DA:193,0
DA:194,0
DA:195,0
DA:199,0
DA:200,0
DA:203,0
DA:204,0
DA:210,0
DA:214,0
DA:226,0
DA:227,0
DA:234,0
DA:242,0
DA:243,0
DA:246,0
DA:255,0
DA:256,0
DA:271,0
DA:272,0
DA:273,0
DA:274,0
DA:277,0
DA:278,0
DA:280,0
DA:281,0
DA:285,0
DA:292,0
DA:293,0
DA:297,0
DA:298,0
DA:299,0
DA:303,0
DA:304,0
DA:306,0
DA:308,0
DA:326,0
DA:327,0
LF:86
LH:0
BRDA:37,0,0,0
BRDA:37,0,1,0
BRDA:44,1,0,0
BRDA:44,1,1,0
BRDA:60,2,0,0
BRDA:60,2,1,0
BRDA:66,3,0,0
BRDA:66,3,1,0
BRDA:80,4,0,0
BRDA:80,4,1,0
BRDA:100,5,0,0
BRDA:100,5,1,0
BRDA:108,6,0,0
BRDA:108,6,1,0
BRDA:124,7,0,0
BRDA:124,7,1,0
BRDA:155,8,0,0
BRDA:155,8,1,0
BRDA:162,9,0,0
BRDA:162,9,1,0
BRDA:170,10,0,0
BRDA:170,10,1,0
BRDA:188,11,0,0
BRDA:188,11,1,0
BRDA:194,12,0,0
BRDA:194,12,1,0
BRDA:203,13,0,0
BRDA:203,13,1,0
BRDA:221,14,0,0
BRDA:221,14,1,0
BRDA:226,15,0,0
BRDA:226,15,1,0
BRDA:242,16,0,0
BRDA:242,16,1,0
BRDA:273,17,0,0
BRDA:273,17,1,0
BRDA:280,18,0,0
BRDA:280,18,1,0
BRDA:292,19,0,0
BRDA:292,19,1,0
BRDA:298,20,0,0
BRDA:298,20,1,0
BRF:42
BRH:0
end_of_record
TN:
SF:app\api\appointments\[id]\status\route.ts
FN:31,PUT
FN:104,(anonymous_1)
FN:125,GET
FNF:3
FNH:0
FNDA:0,PUT
FNDA:0,(anonymous_1)
FNDA:0,GET
DA:24,0
DA:25,0
DA:35,0
DA:36,0
DA:37,0
DA:38,0
DA:41,0
DA:42,0
DA:44,0
DA:45,0
DA:49,0
DA:50,0
DA:53,0
DA:60,0
DA:61,0
DA:65,0
DA:66,0
DA:67,0
DA:71,0
DA:81,0
DA:82,0
DA:90,0
DA:92,0
DA:100,0
DA:101,0
DA:104,0
DA:113,0
DA:114,0
DA:129,0
DA:130,0
DA:131,0
DA:132,0
DA:135,0
DA:136,0
DA:138,0
DA:139,0
DA:143,0
DA:150,0
DA:151,0
DA:155,0
DA:156,0
DA:157,0
DA:161,0
DA:163,0
DA:170,0
DA:171,0
LF:46
LH:0
BRDA:37,0,0,0
BRDA:37,0,1,0
BRDA:44,1,0,0
BRDA:44,1,1,0
BRDA:60,2,0,0
BRDA:60,2,1,0
BRDA:66,3,0,0
BRDA:66,3,1,0
BRDA:76,4,0,0
BRDA:76,4,1,0
BRDA:81,5,0,0
BRDA:81,5,1,0
BRDA:84,6,0,0
BRDA:84,6,1,0
BRDA:100,7,0,0
BRDA:100,7,1,0
BRDA:131,8,0,0
BRDA:131,8,1,0
BRDA:138,9,0,0
BRDA:138,9,1,0
BRDA:150,10,0,0
BRDA:150,10,1,0
BRDA:156,11,0,0
BRDA:156,11,1,0
BRF:24
BRH:0
end_of_record
TN:
SF:app\api\appointments\conflicts\route.ts
FN:26,GET
FN:90,(anonymous_1)
FN:103,(anonymous_2)
FN:126,(anonymous_3)
FN:147,POST
FN:242,(anonymous_5)
FN:254,(anonymous_6)
FN:269,(anonymous_7)
FN:298,(anonymous_8)
FNF:9
FNH:0
FNDA:0,GET
FNDA:0,(anonymous_1)
FNDA:0,(anonymous_2)
FNDA:0,(anonymous_3)
FNDA:0,POST
FNDA:0,(anonymous_5)
FNDA:0,(anonymous_6)
FNDA:0,(anonymous_7)
FNDA:0,(anonymous_8)
DA:27,0
DA:28,0
DA:29,0
DA:30,0
DA:33,0
DA:34,0
DA:36,0
DA:37,0
DA:41,0
DA:48,0
DA:49,0
DA:53,0
DA:56,0
DA:57,0
DA:58,0
DA:63,0
DA:64,0
DA:66,0
DA:67,0
DA:71,0
DA:77,0
DA:87,0
DA:90,0
DA:103,0
DA:119,0
DA:122,0
DA:123,0
DA:126,0
DA:135,0
DA:136,0
DA:148,0
DA:149,0
DA:150,0
DA:151,0
DA:155,0
DA:156,0
DA:158,0
DA:159,0
DA:163,0
DA:170,0
DA:171,0
DA:175,0
DA:176,0
DA:182,0
DA:190,0
DA:191,0
DA:197,0
DA:198,0
DA:206,0
DA:207,0
DA:214,0
DA:224,0
DA:234,0
DA:242,0
DA:254,0
DA:269,0
DA:291,0
DA:294,0
DA:295,0
DA:298,0
DA:307,0
DA:308,0
LF:62
LH:0
BRDA:29,0,0,0
BRDA:29,0,1,0
BRDA:36,1,0,0
BRDA:36,1,1,0
BRDA:48,2,0,0
BRDA:48,2,1,0
BRDA:57,3,0,0
BRDA:57,3,1,0
BRDA:63,4,0,0
BRDA:63,4,1,0
BRDA:66,5,0,0
BRDA:66,5,1,0
BRDA:122,6,0,0
BRDA:122,6,1,0
BRDA:150,7,0,0
BRDA:150,7,1,0
BRDA:158,8,0,0
BRDA:158,8,1,0
BRDA:170,9,0,0
BRDA:170,9,1,0
BRDA:175,10,0,0
BRDA:175,10,1,0
BRDA:175,11,0,0
BRDA:175,11,1,0
BRDA:175,11,2,0
BRDA:190,12,0,0
BRDA:190,12,1,0
BRDA:197,13,0,0
BRDA:197,13,1,0
BRDA:197,14,0,0
BRDA:197,14,1,0
BRDA:206,15,0,0
BRDA:206,15,1,0
BRDA:219,16,0,0
BRDA:219,16,1,0
BRDA:229,17,0,0
BRDA:229,17,1,0
BRDA:242,18,0,0
BRDA:242,18,1,0
BRDA:285,19,0,0
BRDA:285,19,1,0
BRDA:294,20,0,0
BRDA:294,20,1,0
BRF:43
BRH:0
end_of_record
TN:
SF:app\api\appointments\validate\route.ts
FN:30,POST
FN:149,(anonymous_1)
FN:162,(anonymous_2)
FN:217,(anonymous_3)
FN:258,(anonymous_4)
FN:274,(anonymous_5)
FN:352,(anonymous_6)
FNF:7
FNH:0
FNDA:0,POST
FNDA:0,(anonymous_1)
FNDA:0,(anonymous_2)
FNDA:0,(anonymous_3)
FNDA:0,(anonymous_4)
FNDA:0,(anonymous_5)
FNDA:0,(anonymous_6)
DA:24,0
DA:31,0
DA:32,0
DA:33,0
DA:34,0
DA:38,0
DA:39,0
DA:42,0
DA:49,0
DA:50,0
DA:54,0
DA:67,0
DA:68,0
DA:74,0
DA:75,0
DA:76,0
DA:90,0
DA:91,0
DA:98,0
DA:113,0
DA:114,0
DA:120,0
DA:149,0
DA:161,0
DA:162,0
DA:172,0
DA:179,0
DA:185,0
DA:186,0
DA:187,0
DA:190,0
DA:191,0
DA:194,0
DA:195,0
DA:196,0
DA:204,0
DA:205,0
DA:214,0
DA:217,0
DA:225,0
DA:226,0
DA:227,0
DA:229,0
DA:230,0
DA:234,0
DA:235,0
DA:236,0
DA:244,0
DA:245,0
DA:255,0
DA:258,0
DA:268,0
DA:269,0
DA:270,0
DA:273,0
DA:274,0
DA:277,0
DA:278,0
DA:279,0
DA:287,0
DA:288,0
DA:295,0
DA:300,0
DA:301,0
DA:302,0
DA:305,0
DA:306,0
DA:307,0
DA:314,0
DA:316,0
DA:317,0
DA:318,0
DA:323,0
DA:328,0
DA:335,0
DA:336,0
DA:338,0
DA:341,0
DA:342,0
DA:345,0
DA:348,0
DA:349,0
DA:352,0
DA:361,0
DA:362,0
LF:85
LH:0
BRDA:33,0,0,0
BRDA:33,0,1,0
BRDA:49,1,0,0
BRDA:49,1,1,0
BRDA:67,2,0,0
BRDA:67,2,1,0
BRDA:75,3,0,0
BRDA:75,3,1,0
BRDA:90,4,0,0
BRDA:90,4,1,0
BRDA:113,5,0,0
BRDA:113,5,1,0
BRDA:143,6,0,0
BRDA:143,6,1,0
BRDA:181,7,0,0
BRDA:181,7,1,0
BRDA:182,8,0,0
BRDA:182,8,1,0
BRDA:185,9,0,0
BRDA:185,9,1,0
BRDA:190,10,0,0
BRDA:190,10,1,0
BRDA:198,11,0,0
BRDA:198,11,1,0
BRDA:216,12,0,0
BRDA:216,12,1,0
BRDA:216,13,0,0
BRDA:216,13,1,0
BRDA:217,14,0,0
BRDA:217,14,1,0
BRDA:225,15,0,0
BRDA:225,15,1,0
BRDA:229,16,0,0
BRDA:229,16,1,0
BRDA:229,17,0,0
BRDA:229,17,1,0
BRDA:238,18,0,0
BRDA:238,18,1,0
BRDA:257,19,0,0
BRDA:257,19,1,0
BRDA:268,20,0,0
BRDA:268,20,1,0
BRDA:273,21,0,0
BRDA:273,21,1,0
BRDA:281,22,0,0
BRDA:281,22,1,0
BRDA:297,23,0,0
BRDA:297,23,1,0
BRDA:297,24,0,0
BRDA:297,24,1,0
BRDA:300,25,0,0
BRDA:300,25,1,0
BRDA:309,26,0,0
BRDA:309,26,1,0
BRDA:316,27,0,0
BRDA:316,27,1,0
BRDA:325,28,0,0
BRDA:325,28,1,0
BRDA:330,29,0,0
BRDA:330,29,1,0
BRDA:335,30,0,0
BRDA:335,30,1,0
BRDA:341,31,0,0
BRDA:341,31,1,0
BRDA:348,32,0,0
BRDA:348,32,1,0
BRF:66
BRH:0
end_of_record
TN:
SF:app\api\auth\[...nextauth]\route.ts
FNF:0
FNH:0
DA:4,0
LF:1
LH:0
BRF:0
BRH:0
end_of_record
TN:
SF:app\api\auth\register\route.ts
FN:18,POST
FNF:1
FNH:0
FNDA:0,POST
DA:7,0
DA:19,0
DA:20,0
DA:21,0
DA:24,0
DA:28,0
DA:29,0
DA:36,0
DA:39,0
DA:51,0
DA:64,0
DA:66,0
DA:67,0
DA:77,0
LF:14
LH:0
BRDA:28,0,0,0
BRDA:28,0,1,0
BRDA:66,1,0,0
BRDA:66,1,1,0
BRF:4
BRH:0
end_of_record
TN:
SF:app\api\auth\reset-password\route.ts
FN:17,POST
FN:79,PUT
FNF:2
FNH:0
FNDA:0,POST
FNDA:0,PUT
DA:7,0
DA:11,0
DA:18,0
DA:19,0
DA:20,0
DA:23,0
DA:27,0
DA:29,0
DA:36,0
DA:37,0
DA:40,0
DA:50,0
DA:51,0
DA:53,0
DA:58,0
DA:60,0
DA:61,0
DA:71,0
DA:80,0
DA:81,0
DA:82,0
DA:85,0
DA:89,0
DA:90,0
DA:97,0
DA:101,0
DA:102,0
DA:109,0
DA:112,0
DA:118,0
DA:122,0
DA:127,0
DA:129,0
DA:130,0
DA:140,0
LF:35
LH:0
BRDA:27,0,0,0
BRDA:27,0,1,0
BRDA:60,1,0,0
BRDA:60,1,1,0
BRDA:89,2,0,0
BRDA:89,2,1,0
BRDA:89,3,0,0
BRDA:89,3,1,0
BRDA:101,4,0,0
BRDA:101,4,1,0
BRDA:129,5,0,0
BRDA:129,5,1,0
BRF:12
BRH:0
end_of_record
TN:
SF:app\api\auth\signout\route.ts
FN:4,POST
FN:13,GET
FNF:2
FNH:0
FNDA:0,POST
FNDA:0,GET
DA:5,0
DA:6,0
DA:7,0
DA:9,0
DA:14,0
DA:15,0
DA:16,0
DA:20,0
LF:8
LH:0
BRDA:17,0,0,0
BRDA:17,0,1,0
BRDA:21,1,0,0
BRDA:21,1,1,0
BRF:4
BRH:0
end_of_record
TN:
SF:app\api\availability\business-hours\route.ts
FN:19,GET
FN:49,(anonymous_1)
FN:76,POST
FN:119,(anonymous_3)
FNF:4
FNH:0
FNDA:0,GET
FNDA:0,(anonymous_1)
FNDA:0,POST
FNDA:0,(anonymous_3)
DA:7,0
DA:14,0
DA:20,0
DA:21,0
DA:22,0
DA:23,0
DA:29,0
DA:32,0
DA:38,0
DA:39,0
DA:44,0
DA:46,0
DA:47,0
DA:49,0
DA:50,0
DA:51,0
DA:65,0
DA:67,0
DA:68,0
DA:77,0
DA:78,0
DA:79,0
DA:80,0
DA:86,0
DA:87,0
DA:90,0
DA:91,0
DA:92,0
DA:98,0
DA:101,0
DA:102,0
DA:103,0
DA:109,0
DA:110,0
DA:118,0
DA:120,0
DA:144,0
DA:149,0
DA:150,0
LF:39
LH:0
BRDA:22,0,0,0
BRDA:22,0,1,0
BRDA:38,1,0,0
BRDA:38,1,1,0
BRDA:44,2,0,0
BRDA:44,2,1,0
BRDA:55,3,0,0
BRDA:55,3,1,0
BRDA:56,4,0,0
BRDA:56,4,1,0
BRDA:79,5,0,0
BRDA:79,5,1,0
BRDA:91,6,0,0
BRDA:91,6,1,0
BRDA:102,7,0,0
BRDA:102,7,1,0
BRDA:102,8,0,0
BRDA:102,8,1,0
BRDA:102,8,2,0
BRDA:109,9,0,0
BRDA:109,9,1,0
BRDA:109,10,0,0
BRDA:109,10,1,0
BRDA:109,10,2,0
BRDA:109,10,3,0
BRF:25
BRH:0
end_of_record
TN:
SF:app\api\availability\business-hours\validate\route.ts
FN:13,GET
FNF:1
FNH:0
FNDA:0,GET
DA:7,0
DA:14,0
DA:15,0
DA:16,0
DA:17,0
DA:23,0
DA:24,0
DA:26,0
DA:27,0
DA:29,0
DA:30,0
DA:37,0
DA:38,0
DA:39,0
DA:45,0
DA:46,0
DA:48,0
DA:49,0
DA:56,0
DA:58,0
DA:68,0
DA:69,0
DA:74,0
DA:75,0
DA:76,0
DA:77,0
DA:79,0
DA:80,0
DA:94,0
DA:95,0
DA:102,0
DA:103,0
DA:111,0
DA:112,0
DA:114,0
DA:115,0
DA:117,0
DA:118,0
DA:134,0
DA:135,0
DA:144,0
DA:145,0
DA:160,0
DA:167,0
DA:168,0
LF:45
LH:0
BRDA:16,0,0,0
BRDA:16,0,1,0
BRDA:29,1,0,0
BRDA:29,1,1,0
BRDA:29,2,0,0
BRDA:29,2,1,0
BRDA:38,3,0,0
BRDA:38,3,1,0
BRDA:48,4,0,0
BRDA:48,4,1,0
BRDA:68,5,0,0
BRDA:68,5,1,0
BRDA:74,6,0,0
BRDA:74,6,1,0
BRDA:79,7,0,0
BRDA:79,7,1,0
BRDA:84,8,0,0
BRDA:84,8,1,0
BRDA:85,9,0,0
BRDA:85,9,1,0
BRDA:94,10,0,0
BRDA:94,10,1,0
BRDA:102,11,0,0
BRDA:102,11,1,0
BRDA:102,12,0,0
BRDA:102,12,1,0
BRDA:102,12,2,0
BRDA:117,13,0,0
BRDA:117,13,1,0
BRDA:117,14,0,0
BRDA:117,14,1,0
BRDA:144,15,0,0
BRDA:144,15,1,0
BRDA:147,16,0,0
BRDA:147,16,1,0
BRDA:150,17,0,0
BRDA:150,17,1,0
BRF:37
BRH:0
end_of_record
TN:
SF:app\api\availability\conflicts\route.ts
FN:17,GET
FN:110,(anonymous_1)
FN:115,(anonymous_2)
FN:118,(anonymous_3)
FN:124,(anonymous_4)
FN:127,(anonymous_5)
FNF:6
FNH:0
FNDA:0,GET
FNDA:0,(anonymous_1)
FNDA:0,(anonymous_2)
FNDA:0,(anonymous_3)
FNDA:0,(anonymous_4)
FNDA:0,(anonymous_5)
DA:8,0
DA:18,0
DA:19,0
DA:20,0
DA:21,0
DA:27,0
DA:28,0
DA:31,0
DA:40,0
DA:41,0
DA:47,0
DA:48,0
DA:49,0
DA:55,0
DA:58,0
DA:69,0
DA:70,0
DA:77,0
DA:78,0
DA:85,0
DA:86,0
DA:94,0
DA:104,0
DA:107,0
DA:110,0
DA:115,0
DA:118,0
DA:124,0
DA:127,0
DA:146,0
DA:148,0
DA:149,0
LF:32
LH:0
BRDA:20,0,0,0
BRDA:20,0,1,0
BRDA:35,1,0,0
BRDA:35,1,1,0
BRDA:40,2,0,0
BRDA:40,2,1,0
BRDA:40,3,0,0
BRDA:40,3,1,0
BRDA:40,3,2,0
BRDA:48,4,0,0
BRDA:48,4,1,0
BRDA:69,5,0,0
BRDA:69,5,1,0
BRDA:77,6,0,0
BRDA:77,6,1,0
BRDA:85,7,0,0
BRDA:85,7,1,0
BRDA:152,8,0,0
BRDA:152,8,1,0
BRF:19
BRH:0
end_of_record
TN:
SF:app\api\availability\slots\route.ts
FN:22,GET
FN:153,(anonymous_1)
FN:200,(anonymous_2)
FN:201,(anonymous_3)
FN:202,(anonymous_4)
FNF:5
FNH:0
FNDA:0,GET
FNDA:0,(anonymous_1)
FNDA:0,(anonymous_2)
FNDA:0,(anonymous_3)
FNDA:0,(anonymous_4)
DA:11,0
DA:23,0
DA:24,0
DA:25,0
DA:26,0
DA:32,0
DA:33,0
DA:36,0
DA:47,0
DA:48,0
DA:54,0
DA:55,0
DA:56,0
DA:62,0
DA:65,0
DA:66,0
DA:73,0
DA:74,0
DA:81,0
DA:82,0
DA:90,0
DA:91,0
DA:98,0
DA:99,0
DA:107,0
DA:111,0
DA:114,0
DA:116,0
DA:117,0
DA:120,0
DA:130,0
DA:136,0
DA:146,0
DA:153,0
DA:180,0
DA:183,0
DA:192,0
DA:195,0
DA:200,0
DA:201,0
DA:202,0
DA:220,0
DA:223,0
DA:225,0
DA:226,0
LF:45
LH:0
BRDA:25,0,0,0
BRDA:25,0,1,0
BRDA:40,1,0,0
BRDA:40,1,1,0
BRDA:47,2,0,0
BRDA:47,2,1,0
BRDA:55,3,0,0
BRDA:55,3,1,0
BRDA:65,4,0,0
BRDA:65,4,1,0
BRDA:65,5,0,0
BRDA:65,5,1,0
BRDA:73,6,0,0
BRDA:73,6,1,0
BRDA:81,7,0,0
BRDA:81,7,1,0
BRDA:90,8,0,0
BRDA:90,8,1,0
BRDA:98,9,0,0
BRDA:98,9,1,0
BRDA:111,10,0,0
BRDA:111,10,1,0
BRDA:114,11,0,0
BRDA:114,11,1,0
BRDA:229,12,0,0
BRDA:229,12,1,0
BRF:26
BRH:0
end_of_record
TN:
SF:app\api\availability\staff\route.ts
FN:22,POST
FN:81,(anonymous_1)
FNF:2
FNH:0
FNDA:0,POST
FNDA:0,(anonymous_1)
DA:7,0
DA:16,0
DA:23,0
DA:24,0
DA:25,0
DA:26,0
DA:32,0
DA:33,0
DA:36,0
DA:37,0
DA:38,0
DA:44,0
DA:47,0
DA:54,0
DA:55,0
DA:62,0
DA:63,0
DA:64,0
DA:72,0
DA:80,0
DA:82,0
DA:97,0
DA:102,0
DA:103,0
LF:24
LH:0
BRDA:25,0,0,0
BRDA:25,0,1,0
BRDA:37,1,0,0
BRDA:37,1,1,0
BRDA:54,2,0,0
BRDA:54,2,1,0
BRDA:63,3,0,0
BRDA:63,3,1,0
BRDA:90,4,0,0
BRDA:90,4,1,0
BRDA:91,5,0,0
BRDA:91,5,1,0
BRF:12
BRH:0
end_of_record
TN:
SF:app\api\availability\staff\[staffId]\route.ts
FN:12,GET
FN:82,(anonymous_1)
FNF:2
FNH:0
FNDA:0,GET
FNDA:0,(anonymous_1)
DA:13,0
DA:14,0
DA:15,0
DA:16,0
DA:22,0
DA:23,0
DA:24,0
DA:26,0
DA:27,0
DA:30,0
DA:42,0
DA:43,0
DA:50,0
DA:78,0
DA:79,0
DA:80,0
DA:82,0
DA:83,0
DA:84,0
DA:85,0
DA:88,0
DA:105,0
DA:106,0
DA:107,0
DA:120,0
DA:129,0
DA:130,0
LF:27
LH:0
BRDA:15,0,0,0
BRDA:15,0,1,0
BRDA:42,1,0,0
BRDA:42,1,1,0
BRDA:54,2,0,0
BRDA:54,2,1,0
BRDA:54,3,0,0
BRDA:54,3,1,0
BRDA:78,4,0,0
BRDA:78,4,1,0
BRDA:78,5,0,0
BRDA:78,5,1,0
BRDA:84,6,0,0
BRDA:84,6,1,0
BRDA:84,7,0,0
BRDA:84,7,1,0
BRDA:84,7,2,0
BRDA:106,8,0,0
BRDA:106,8,1,0
BRDA:106,9,0,0
BRDA:106,9,1,0
BRF:21
BRH:0
end_of_record
TN:
SF:app\api\availability\staff\[staffId]\override\route.ts
FN:22,PUT
FN:173,DELETE
FNF:2
FNH:0
FNDA:0,PUT
FNDA:0,DELETE
DA:13,0
DA:23,0
DA:24,0
DA:25,0
DA:26,0
DA:32,0
DA:33,0
DA:34,0
DA:37,0
DA:38,0
DA:39,0
DA:45,0
DA:48,0
DA:55,0
DA:56,0
DA:63,0
DA:64,0
DA:70,0
DA:71,0
DA:78,0
DA:79,0
DA:104,0
DA:105,0
DA:106,0
DA:107,0
DA:108,0
DA:110,0
DA:111,0
DA:117,0
DA:119,0
DA:120,0
DA:132,0
DA:157,0
DA:164,0
DA:165,0
DA:174,0
DA:175,0
DA:176,0
DA:177,0
DA:183,0
DA:184,0
DA:185,0
DA:186,0
DA:188,0
DA:189,0
DA:196,0
DA:203,0
DA:204,0
DA:211,0
DA:220,0
DA:224,0
DA:225,0
LF:52
LH:0
BRDA:25,0,0,0
BRDA:25,0,1,0
BRDA:38,1,0,0
BRDA:38,1,1,0
BRDA:55,2,0,0
BRDA:55,2,1,0
BRDA:63,3,0,0
BRDA:63,3,1,0
BRDA:63,4,0,0
BRDA:63,4,1,0
BRDA:63,4,2,0
BRDA:70,5,0,0
BRDA:70,5,1,0
BRDA:70,6,0,0
BRDA:70,6,1,0
BRDA:70,6,2,0
BRDA:70,6,3,0
BRDA:105,7,0,0
BRDA:105,7,1,0
BRDA:105,8,0,0
BRDA:105,8,1,0
BRDA:105,8,2,0
BRDA:105,8,3,0
BRDA:110,9,0,0
BRDA:110,9,1,0
BRDA:117,10,0,0
BRDA:117,10,1,0
BRDA:117,11,0,0
BRDA:117,11,1,0
BRDA:119,12,0,0
BRDA:119,12,1,0
BRDA:119,13,0,0
BRDA:119,13,1,0
BRDA:160,14,0,0
BRDA:160,14,1,0
BRDA:161,15,0,0
BRDA:161,15,1,0
BRDA:176,16,0,0
BRDA:176,16,1,0
BRDA:188,17,0,0
BRDA:188,17,1,0
BRDA:203,18,0,0
BRDA:203,18,1,0
BRF:43
BRH:0
end_of_record
TN:
SF:app\api\availability\time-off\route.ts
FN:15,POST
FN:95,(anonymous_1)
FN:158,(anonymous_2)
FN:177,GET
FNF:4
FNH:0
FNDA:0,POST
FNDA:0,(anonymous_1)
FNDA:0,(anonymous_2)
FNDA:0,GET
DA:7,0
DA:16,0
DA:17,0
DA:18,0
DA:19,0
DA:25,0
DA:26,0
DA:29,0
DA:30,0
DA:31,0
DA:37,0
DA:40,0
DA:47,0
DA:48,0
DA:55,0
DA:56,0
DA:58,0
DA:59,0
DA:65,0
DA:66,0
DA:73,0
DA:91,0
DA:92,0
DA:95,0
DA:107,0
DA:137,0
DA:155,0
DA:158,0
DA:168,0
DA:169,0
DA:178,0
DA:179,0
DA:180,0
DA:181,0
DA:187,0
DA:188,0
DA:190,0
DA:191,0
DA:192,0
DA:193,0
DA:196,0
DA:198,0
DA:199,0
DA:202,0
DA:204,0
DA:211,0
DA:212,0
DA:218,0
DA:221,0
DA:222,0
DA:232,0
DA:253,0
DA:255,0
DA:256,0
LF:54
LH:0
BRDA:18,0,0,0
BRDA:18,0,1,0
BRDA:30,1,0,0
BRDA:30,1,1,0
BRDA:47,2,0,0
BRDA:47,2,1,0
BRDA:58,3,0,0
BRDA:58,3,1,0
BRDA:65,4,0,0
BRDA:65,4,1,0
BRDA:91,5,0,0
BRDA:91,5,1,0
BRDA:158,6,0,0
BRDA:158,6,1,0
BRDA:165,7,0,0
BRDA:165,7,1,0
BRDA:180,8,0,0
BRDA:180,8,1,0
BRDA:198,9,0,0
BRDA:198,9,1,0
BRDA:202,10,0,0
BRDA:202,10,1,0
BRDA:211,11,0,0
BRDA:211,11,1,0
BRDA:221,12,0,0
BRDA:221,12,1,0
BRDA:221,13,0,0
BRDA:221,13,1,0
BRF:28
BRH:0
end_of_record
TN:
SF:app\api\availability\time-off\[id]\approve\route.ts
FN:19,PUT
FN:129,(anonymous_1)
FNF:2
FNH:0
FNDA:0,PUT
FNDA:0,(anonymous_1)
DA:13,0
DA:20,0
DA:21,0
DA:22,0
DA:23,0
DA:29,0
DA:30,0
DA:31,0
DA:34,0
DA:35,0
DA:36,0
DA:42,0
DA:45,0
DA:60,0
DA:61,0
DA:67,0
DA:68,0
DA:75,0
DA:82,0
DA:83,0
DA:89,0
DA:90,0
DA:96,0
DA:98,0
DA:100,0
DA:129,0
DA:139,0
DA:163,0
DA:165,0
DA:166,0
DA:167,0
DA:169,0
DA:170,0
DA:189,0
DA:193,0
DA:200,0
DA:201,0
LF:37
LH:0
BRDA:22,0,0,0
BRDA:22,0,1,0
BRDA:35,1,0,0
BRDA:35,1,1,0
BRDA:60,2,0,0
BRDA:60,2,1,0
BRDA:67,3,0,0
BRDA:67,3,1,0
BRDA:82,4,0,0
BRDA:82,4,1,0
BRDA:82,5,0,0
BRDA:82,5,1,0
BRDA:82,5,2,0
BRDA:89,6,0,0
BRDA:89,6,1,0
BRDA:89,7,0,0
BRDA:89,7,1,0
BRDA:98,8,0,0
BRDA:98,8,1,0
BRDA:142,9,0,0
BRDA:142,9,1,0
BRDA:145,10,0,0
BRDA:145,10,1,0
BRDA:163,11,0,0
BRDA:163,11,1,0
BRDA:179,12,0,0
BRDA:179,12,1,0
BRDA:186,13,0,0
BRDA:186,13,1,0
BRDA:196,14,0,0
BRDA:196,14,1,0
BRDA:197,15,0,0
BRDA:197,15,1,0
BRF:33
BRH:0
end_of_record
TN:
SF:app\api\availability\timezone\convert\route.ts
FN:27,POST
FN:53,handleSingleTimeConversion
FN:128,handleTimeSlotConversion
FN:218,handleBatchConversion
FN:229,(anonymous_4)
FN:250,(anonymous_5)
FN:251,(anonymous_6)
FN:263,GET
FNF:8
FNH:0
FNDA:0,POST
FNDA:0,handleSingleTimeConversion
FNDA:0,handleTimeSlotConversion
FNDA:0,handleBatchConversion
FNDA:0,(anonymous_4)
FNDA:0,(anonymous_5)
FNDA:0,(anonymous_6)
FNDA:0,GET
DA:28,0
DA:29,0
DA:30,0
DA:32,0
DA:33,0
DA:34,0
DA:35,0
DA:36,0
DA:37,0
DA:39,0
DA:45,0
DA:46,0
DA:54,0
DA:57,0
DA:58,0
DA:65,0
DA:66,0
DA:72,0
DA:73,0
DA:79,0
DA:81,0
DA:84,0
DA:87,0
DA:88,0
DA:95,0
DA:121,0
DA:129,0
DA:132,0
DA:133,0
DA:140,0
DA:141,0
DA:147,0
DA:148,0
DA:154,0
DA:156,0
DA:159,0
DA:162,0
DA:163,0
DA:171,0
DA:174,0
DA:176,0
DA:211,0
DA:219,0
DA:221,0
DA:222,0
DA:228,0
DA:230,0
DA:231,0
DA:232,0
DA:234,0
DA:241,0
DA:250,0
DA:251,0
DA:253,0
DA:264,0
DA:265,0
DA:266,0
DA:268,0
DA:269,0
DA:270,0
DA:273,0
DA:274,0
DA:276,0
DA:277,0
DA:283,0
DA:284,0
DA:290,0
DA:291,0
DA:293,0
DA:305,0
DA:310,0
DA:311,0
LF:72
LH:0
BRDA:32,0,0,0
BRDA:32,0,1,0
BRDA:34,1,0,0
BRDA:34,1,1,0
BRDA:36,2,0,0
BRDA:36,2,1,0
BRDA:57,3,0,0
BRDA:57,3,1,0
BRDA:57,4,0,0
BRDA:57,4,1,0
BRDA:57,4,2,0
BRDA:57,4,3,0
BRDA:65,5,0,0
BRDA:65,5,1,0
BRDA:72,6,0,0
BRDA:72,6,1,0
BRDA:115,7,0,0
BRDA:115,7,1,0
BRDA:116,8,0,0
BRDA:116,8,1,0
BRDA:122,9,0,0
BRDA:122,9,1,0
BRDA:132,10,0,0
BRDA:132,10,1,0
BRDA:132,11,0,0
BRDA:132,11,1,0
BRDA:132,11,2,0
BRDA:132,11,3,0
BRDA:132,11,4,0
BRDA:140,12,0,0
BRDA:140,12,1,0
BRDA:147,13,0,0
BRDA:147,13,1,0
BRDA:204,14,0,0
BRDA:204,14,1,0
BRDA:205,15,0,0
BRDA:205,15,1,0
BRDA:206,16,0,0
BRDA:206,16,1,0
BRDA:212,17,0,0
BRDA:212,17,1,0
BRDA:221,18,0,0
BRDA:221,18,1,0
BRDA:237,19,0,0
BRDA:237,19,1,0
BRDA:238,20,0,0
BRDA:238,20,1,0
BRDA:244,21,0,0
BRDA:244,21,1,0
BRDA:268,22,0,0
BRDA:268,22,1,0
BRDA:273,23,0,0
BRDA:273,23,1,0
BRDA:276,24,0,0
BRDA:276,24,1,0
BRDA:283,25,0,0
BRDA:283,25,1,0
BRF:57
BRH:0
end_of_record
TN:
SF:app\api\availability\timezone\validate\route.ts
FN:11,GET
FN:49,POST
FN:61,(anonymous_2)
FNF:3
FNH:0
FNDA:0,GET
FNDA:0,POST
FNDA:0,(anonymous_2)
DA:12,0
DA:13,0
DA:14,0
DA:16,0
DA:17,0
DA:23,0
DA:25,0
DA:26,0
DA:33,0
DA:35,0
DA:41,0
DA:42,0
DA:50,0
DA:51,0
DA:52,0
DA:54,0
DA:55,0
DA:61,0
DA:62,0
DA:63,0
DA:65,0
DA:66,0
DA:73,0
DA:74,0
DA:80,0
DA:88,0
DA:90,0
DA:91,0
LF:28
LH:0
BRDA:16,0,0,0
BRDA:16,0,1,0
BRDA:25,1,0,0
BRDA:25,1,1,0
BRDA:54,2,0,0
BRDA:54,2,1,0
BRDA:65,3,0,0
BRDA:65,3,1,0
BRDA:83,4,0,0
BRDA:83,4,1,0
BRF:10
BRH:0
end_of_record
TN:
SF:app\api\availability\validate\route.ts
FN:17,POST
FN:96,(anonymous_1)
FN:101,(anonymous_2)
FN:118,(anonymous_3)
FN:132,(anonymous_4)
FN:137,(anonymous_5)
FN:140,(anonymous_6)
FN:146,(anonymous_7)
FN:149,(anonymous_8)
FN:158,(anonymous_9)
FNF:10
FNH:0
FNDA:0,POST
FNDA:0,(anonymous_1)
FNDA:0,(anonymous_2)
FNDA:0,(anonymous_3)
FNDA:0,(anonymous_4)
FNDA:0,(anonymous_5)
FNDA:0,(anonymous_6)
FNDA:0,(anonymous_7)
FNDA:0,(anonymous_8)
FNDA:0,(anonymous_9)
DA:8,0
DA:18,0
DA:19,0
DA:20,0
DA:21,0
DA:27,0
DA:28,0
DA:31,0
DA:32,0
DA:33,0
DA:39,0
DA:42,0
DA:53,0
DA:54,0
DA:61,0
DA:62,0
DA:63,0
DA:75,0
DA:76,0
DA:84,0
DA:94,0
DA:95,0
DA:96,0
DA:97,0
DA:101,0
DA:109,0
DA:110,0
DA:118,0
DA:122,0
DA:127,0
DA:132,0
DA:137,0
DA:140,0
DA:146,0
DA:149,0
DA:158,0
DA:176,0
DA:178,0
DA:179,0
LF:39
LH:0
BRDA:20,0,0,0
BRDA:20,0,1,0
BRDA:32,1,0,0
BRDA:32,1,1,0
BRDA:53,2,0,0
BRDA:53,2,1,0
BRDA:62,3,0,0
BRDA:62,3,1,0
BRDA:75,4,0,0
BRDA:75,4,1,0
BRDA:95,5,0,0
BRDA:95,5,1,0
BRDA:109,6,0,0
BRDA:109,6,1,0
BRDA:182,7,0,0
BRDA:182,7,1,0
BRF:16
BRH:0
end_of_record
TN:
SF:app\api\booking\[id]\route.ts
FN:15,GET
FN:97,PUT
FN:295,DELETE
FNF:3
FNH:0
FNDA:0,GET
FNDA:0,PUT
FNDA:0,DELETE
DA:7,0
DA:19,0
DA:20,0
DA:22,0
DA:51,0
DA:52,0
DA:58,0
DA:88,0
DA:89,0
DA:101,0
DA:102,0
DA:103,0
DA:104,0
DA:106,0
DA:107,0
DA:113,0
DA:116,0
DA:126,0
DA:127,0
DA:134,0
DA:135,0
DA:165,0
DA:166,0
DA:174,0
DA:175,0
DA:176,0
DA:177,0
DA:178,0
DA:180,0
DA:207,0
DA:208,0
DA:209,0
DA:210,0
DA:212,0
DA:213,0
DA:214,0
DA:215,0
DA:216,0
DA:217,0
DA:221,0
DA:222,0
DA:245,0
DA:246,0
DA:253,0
DA:257,0
DA:286,0
DA:287,0
DA:299,0
DA:300,0
DA:303,0
DA:328,0
DA:329,0
DA:336,0
DA:342,0
DA:343,0
DA:345,0
DA:350,0
DA:354,0
DA:359,0
DA:360,0
LF:60
LH:0
BRDA:51,0,0,0
BRDA:51,0,1,0
BRDA:72,1,0,0
BRDA:72,1,1,0
BRDA:106,2,0,0
BRDA:106,2,1,0
BRDA:126,3,0,0
BRDA:126,3,1,0
BRDA:134,4,0,0
BRDA:134,4,1,0
BRDA:134,5,0,0
BRDA:134,5,1,0
BRDA:165,6,0,0
BRDA:165,6,1,0
BRDA:175,7,0,0
BRDA:175,7,1,0
BRDA:176,8,0,0
BRDA:176,8,1,0
BRDA:177,9,0,0
BRDA:177,9,1,0
BRDA:178,10,0,0
BRDA:178,10,1,0
BRDA:207,11,0,0
BRDA:207,11,1,0
BRDA:207,12,0,0
BRDA:207,12,1,0
BRDA:212,13,0,0
BRDA:212,13,1,0
BRDA:215,14,0,0
BRDA:215,14,1,0
BRDA:221,15,0,0
BRDA:221,15,1,0
BRDA:221,16,0,0
BRDA:221,16,1,0
BRDA:228,17,0,0
BRDA:228,17,1,0
BRDA:228,17,2,0
BRDA:238,18,0,0
BRDA:238,18,1,0
BRDA:239,19,0,0
BRDA:239,19,1,0
BRDA:240,20,0,0
BRDA:240,20,1,0
BRDA:242,21,0,0
BRDA:242,21,1,0
BRDA:245,22,0,0
BRDA:245,22,1,0
BRDA:272,23,0,0
BRDA:272,23,1,0
BRDA:328,24,0,0
BRDA:328,24,1,0
BRDA:342,25,0,0
BRDA:342,25,1,0
BRF:53
BRH:0
end_of_record
TN:
SF:app\api\booking\availability\route.ts
FN:12,GET
FN:143,calculateAvailableSlots
FN:212,generateTimeSlots
FN:236,(anonymous_3)
FNF:4
FNH:0
FNDA:0,GET
FNDA:0,calculateAvailableSlots
FNDA:0,generateTimeSlots
FNDA:0,(anonymous_3)
DA:5,0
DA:13,0
DA:14,0
DA:15,0
DA:22,0
DA:23,0
DA:24,0
DA:30,0
DA:33,0
DA:41,0
DA:42,0
DA:49,0
DA:57,0
DA:58,0
DA:66,0
DA:67,0
DA:88,0
DA:109,0
DA:110,0
DA:117,0
DA:125,0
DA:135,0
DA:136,0
DA:150,0
DA:151,0
DA:152,0
DA:155,0
DA:165,0
DA:166,0
DA:168,0
DA:169,0
DA:172,0
DA:174,0
DA:192,0
DA:200,0
DA:201,0
DA:209,0
DA:219,0
DA:220,0
DA:221,0
DA:223,0
DA:224,0
DA:227,0
DA:228,0
DA:230,0
DA:231,0
DA:234,0
DA:236,0
DA:237,0
DA:238,0
DA:240,0
DA:247,0
DA:248,0
DA:261,0
DA:264,0
LF:55
LH:0
BRDA:23,0,0,0
BRDA:23,0,1,0
BRDA:41,1,0,0
BRDA:41,1,1,0
BRDA:57,2,0,0
BRDA:57,2,1,0
BRDA:66,3,0,0
BRDA:66,3,1,0
BRDA:109,4,0,0
BRDA:109,4,1,0
BRDA:165,5,0,0
BRDA:165,5,1,0
BRDA:168,6,0,0
BRDA:168,6,1,0
BRDA:200,7,0,0
BRDA:200,7,1,0
BRDA:203,8,0,0
BRDA:203,8,1,0
BRDA:234,9,0,0
BRDA:234,9,1,0
BRDA:241,10,0,0
BRDA:241,10,1,0
BRDA:241,10,2,0
BRDA:241,10,3,0
BRDA:241,10,4,0
BRDA:241,10,5,0
BRDA:247,11,0,0
BRDA:247,11,1,0
BRF:28
BRH:0
end_of_record
TN:
SF:app\api\booking\create\route.ts
FN:22,POST
FNF:1
FNH:0
FNDA:0,POST
DA:7,0
DA:23,0
DA:24,0
DA:25,0
DA:27,0
DA:28,0
DA:34,0
DA:37,0
DA:47,0
DA:48,0
DA:55,0
DA:64,0
DA:65,0
DA:72,0
DA:86,0
DA:87,0
DA:94,0
DA:123,0
DA:124,0
DA:131,0
DA:138,0
DA:139,0
DA:151,0
DA:197,0
DA:198,0
DA:215,0
DA:216,0
DA:219,0
DA:220,0
DA:221,0
DA:225,0
DA:229,0
DA:255,0
DA:256,0
LF:34
LH:0
BRDA:27,0,0,0
BRDA:27,0,1,0
BRDA:47,1,0,0
BRDA:47,1,1,0
BRDA:47,2,0,0
BRDA:47,2,1,0
BRDA:47,2,2,0
BRDA:64,3,0,0
BRDA:64,3,1,0
BRDA:86,4,0,0
BRDA:86,4,1,0
BRDA:123,5,0,0
BRDA:123,5,1,0
BRDA:138,6,0,0
BRDA:138,6,1,0
BRDA:200,7,0,0
BRDA:200,7,1,0
BRDA:203,8,0,0
BRDA:203,8,1,0
BRDA:203,8,2,0
BRDA:208,9,0,0
BRDA:208,9,1,0
BRDA:209,10,0,0
BRDA:209,10,1,0
BRDA:210,11,0,0
BRDA:210,11,1,0
BRDA:212,12,0,0
BRDA:212,12,1,0
BRDA:215,13,0,0
BRDA:215,13,1,0
BRDA:220,14,0,0
BRDA:220,14,1,0
BRDA:242,15,0,0
BRDA:242,15,1,0
BRF:34
BRH:0
end_of_record
TN:
SF:app\api\booking\services\route.ts
FN:9,GET
FN:61,(anonymous_1)
FNF:2
FNH:0
FNDA:0,GET
FNDA:0,(anonymous_1)
DA:5,0
DA:10,0
DA:11,0
DA:12,0
DA:14,0
DA:15,0
DA:22,0
DA:32,0
DA:33,0
DA:40,0
DA:61,0
DA:62,0
DA:63,0
DA:64,0
DA:66,0
DA:67,0
DA:70,0
DA:78,0
DA:79,0
LF:19
LH:0
BRDA:14,0,0,0
BRDA:14,0,1,0
BRDA:32,1,0,0
BRDA:32,1,1,0
BRDA:32,2,0,0
BRDA:32,2,1,0
BRDA:32,2,2,0
BRDA:62,3,0,0
BRDA:62,3,1,0
BRDA:63,4,0,0
BRDA:63,4,1,0
BRF:11
BRH:0
end_of_record
TN:
SF:app\api\business\route.ts
FN:32,POST
FN:106,GET
FNF:2
FNH:0
FNDA:0,POST
FNDA:0,GET
DA:7,0
DA:33,0
DA:34,0
DA:35,0
DA:36,0
DA:39,0
DA:42,0
DA:45,0
DA:50,0
DA:51,0
DA:54,0
DA:55,0
DA:56,0
DA:60,0
DA:80,0
DA:88,0
DA:90,0
DA:91,0
DA:97,0
DA:98,0
DA:107,0
DA:108,0
DA:109,0
DA:110,0
DA:113,0
DA:122,0
DA:124,0
DA:125,0
LF:28
LH:0
BRDA:35,0,0,0
BRDA:35,0,1,0
BRDA:65,1,0,0
BRDA:65,1,1,0
BRDA:66,2,0,0
BRDA:66,2,1,0
BRDA:67,3,0,0
BRDA:67,3,1,0
BRDA:68,4,0,0
BRDA:68,4,1,0
BRDA:69,5,0,0
BRDA:69,5,1,0
BRDA:70,6,0,0
BRDA:70,6,1,0
BRDA:71,7,0,0
BRDA:71,7,1,0
BRDA:72,8,0,0
BRDA:72,8,1,0
BRDA:73,9,0,0
BRDA:73,9,1,0
BRDA:74,10,0,0
BRDA:74,10,1,0
BRDA:75,11,0,0
BRDA:75,11,1,0
BRDA:90,12,0,0
BRDA:90,12,1,0
BRDA:109,13,0,0
BRDA:109,13,1,0
BRF:28
BRH:0
end_of_record
TN:
SF:app\api\business\[businessId]\route.ts
FN:12,GET
FN:67,PUT
FN:95,(anonymous_2)
FN:124,DELETE
FNF:4
FNH:0
FNDA:0,GET
FNDA:0,PUT
FNDA:0,(anonymous_2)
FNDA:0,DELETE
DA:13,0
DA:14,0
DA:16,0
DA:17,0
DA:20,0
DA:49,0
DA:50,0
DA:56,0
DA:59,0
DA:60,0
DA:68,0
DA:69,0
DA:71,0
DA:72,0
DA:76,0
DA:86,0
DA:87,0
DA:90,0
DA:91,0
DA:94,0
DA:95,0
DA:98,0
DA:105,0
DA:108,0
DA:110,0
DA:111,0
DA:117,0
DA:125,0
DA:126,0
DA:128,0
DA:129,0
DA:133,0
DA:141,0
DA:142,0
DA:146,0
DA:152,0
DA:155,0
DA:156,0
LF:38
LH:0
BRDA:16,0,0,0
BRDA:16,0,1,0
BRDA:49,1,0,0
BRDA:49,1,1,0
BRDA:71,2,0,0
BRDA:71,2,1,0
BRDA:86,3,0,0
BRDA:86,3,1,0
BRDA:110,4,0,0
BRDA:110,4,1,0
BRDA:110,5,0,0
BRDA:110,5,1,0
BRDA:128,6,0,0
BRDA:128,6,1,0
BRDA:141,7,0,0
BRDA:141,7,1,0
BRF:16
BRH:0
end_of_record
TN:
SF:app\api\businesses\[businessId]\stats\route.ts
FN:5,GET
FNF:1
FNH:0
FNDA:0,GET
DA:9,0
DA:10,0
DA:11,0
DA:12,0
DA:15,0
DA:18,0
DA:28,0
DA:29,0
DA:37,0
DA:59,0
DA:64,0
DA:77,0
DA:86,0
DA:87,0
LF:14
LH:0
BRDA:11,0,0,0
BRDA:11,0,1,0
BRDA:28,1,0,0
BRDA:28,1,1,0
BRDA:82,2,0,0
BRDA:82,2,1,0
BRF:6
BRH:0
end_of_record
TN:
SF:app\api\clients\route.ts
FN:22,(anonymous_0)
FN:32,(anonymous_1)
FN:49,GET
FN:160,(anonymous_3)
FN:192,POST
FNF:5
FNH:0
FNDA:0,(anonymous_0)
FNDA:0,(anonymous_1)
FNDA:0,GET
FNDA:0,(anonymous_3)
FNDA:0,POST
DA:7,0
DA:23,0
DA:24,0
DA:32,0
DA:50,0
DA:51,0
DA:52,0
DA:53,0
DA:56,0
DA:57,0
DA:58,0
DA:59,0
DA:60,0
DA:61,0
DA:62,0
DA:63,0
DA:65,0
DA:66,0
DA:73,0
DA:80,0
DA:81,0
DA:94,0
DA:98,0
DA:99,0
DA:107,0
DA:108,0
DA:112,0
DA:113,0
DA:118,0
DA:122,0
DA:125,0
DA:160,0
DA:172,0
DA:174,0
DA:184,0
DA:193,0
DA:194,0
DA:195,0
DA:196,0
DA:199,0
DA:200,0
DA:203,0
DA:211,0
DA:212,0
DA:216,0
DA:227,0
DA:229,0
DA:230,0
DA:236,0
LF:49
LH:0
BRDA:23,0,0,0
BRDA:23,0,1,0
BRDA:23,1,0,0
BRDA:23,1,1,0
BRDA:23,1,2,0
BRDA:34,2,0,0
BRDA:34,2,1,0
BRDA:36,3,0,0
BRDA:36,3,1,0
BRDA:36,4,0,0
BRDA:36,4,1,0
BRDA:36,4,2,0
BRDA:41,5,0,0
BRDA:41,5,1,0
BRDA:42,6,0,0
BRDA:42,6,1,0
BRDA:43,7,0,0
BRDA:43,7,1,0
BRDA:44,8,0,0
BRDA:44,8,1,0
BRDA:45,9,0,0
BRDA:45,9,1,0
BRDA:52,10,0,0
BRDA:52,10,1,0
BRDA:60,11,0,0
BRDA:60,11,1,0
BRDA:61,12,0,0
BRDA:61,12,1,0
BRDA:62,13,0,0
BRDA:62,13,1,0
BRDA:63,14,0,0
BRDA:63,14,1,0
BRDA:65,15,0,0
BRDA:65,15,1,0
BRDA:80,16,0,0
BRDA:80,16,1,0
BRDA:98,17,0,0
BRDA:98,17,1,0
BRDA:107,18,0,0
BRDA:107,18,1,0
BRDA:107,19,0,0
BRDA:107,19,1,0
BRDA:113,20,0,0
BRDA:113,20,1,0
BRDA:114,21,0,0
BRDA:114,21,1,0
BRDA:114,21,2,0
BRDA:168,22,0,0
BRDA:168,22,1,0
BRDA:195,23,0,0
BRDA:195,23,1,0
BRDA:211,24,0,0
BRDA:211,24,1,0
BRDA:229,25,0,0
BRDA:229,25,1,0
BRF:55
BRH:0
end_of_record
TN:
SF:app\api\clients\[clientId]\route.ts
FN:21,GET
FN:101,PUT
FN:207,DELETE
FNF:3
FNH:0
FNDA:0,GET
FNDA:0,PUT
FNDA:0,DELETE
DA:6,0
DA:25,0
DA:26,0
DA:27,0
DA:28,0
DA:32,0
DA:37,0
DA:38,0
DA:42,0
DA:84,0
DA:85,0
DA:88,0
DA:93,0
DA:94,0
DA:105,0
DA:106,0
DA:107,0
DA:108,0
DA:112,0
DA:117,0
DA:118,0
DA:122,0
DA:129,0
DA:130,0
DA:133,0
DA:134,0
DA:137,0
DA:138,0
DA:146,0
DA:147,0
DA:154,0
DA:155,0
DA:163,0
DA:164,0
DA:172,0
DA:187,0
DA:192,0
DA:193,0
DA:199,0
DA:200,0
DA:211,0
DA:212,0
DA:213,0
DA:214,0
DA:218,0
DA:223,0
DA:224,0
DA:228,0
DA:242,0
DA:243,0
DA:247,0
DA:248,0
DA:255,0
DA:259,0
DA:261,0
DA:262,0
LF:56
LH:0
BRDA:27,0,0,0
BRDA:27,0,1,0
BRDA:37,1,0,0
BRDA:37,1,1,0
BRDA:84,2,0,0
BRDA:84,2,1,0
BRDA:107,3,0,0
BRDA:107,3,1,0
BRDA:117,4,0,0
BRDA:117,4,1,0
BRDA:129,5,0,0
BRDA:129,5,1,0
BRDA:137,6,0,0
BRDA:137,6,1,0
BRDA:146,7,0,0
BRDA:146,7,1,0
BRDA:154,8,0,0
BRDA:154,8,1,0
BRDA:163,9,0,0
BRDA:163,9,1,0
BRDA:176,10,0,0
BRDA:176,10,1,0
BRDA:192,11,0,0
BRDA:192,11,1,0
BRDA:213,12,0,0
BRDA:213,12,1,0
BRDA:223,13,0,0
BRDA:223,13,1,0
BRDA:242,14,0,0
BRDA:242,14,1,0
BRDA:247,15,0,0
BRDA:247,15,1,0
BRF:32
BRH:0
end_of_record
TN:
SF:app\api\clients\import\route.ts
FN:37,POST
FN:136,parseCSV
FN:137,(anonymous_2)
FN:165,(anonymous_3)
FN:171,(anonymous_4)
FN:178,(anonymous_5)
FN:180,(anonymous_6)
FN:203,(anonymous_7)
FN:232,parseCSVLine
FN:251,(anonymous_9)
FN:255,importClients
FN:269,(anonymous_11)
FNF:12
FNH:0
FNDA:0,POST
FNDA:0,parseCSV
FNDA:0,(anonymous_2)
FNDA:0,(anonymous_3)
FNDA:0,(anonymous_4)
FNDA:0,(anonymous_5)
FNDA:0,(anonymous_6)
FNDA:0,(anonymous_7)
FNDA:0,parseCSVLine
FNDA:0,(anonymous_9)
FNDA:0,importClients
FNDA:0,(anonymous_11)
DA:7,0
DA:38,0
DA:39,0
DA:40,0
DA:41,0
DA:44,0
DA:45,0
DA:46,0
DA:47,0
DA:48,0
DA:52,0
DA:53,0
DA:56,0
DA:57,0
DA:64,0
DA:72,0
DA:73,0
DA:77,0
DA:78,0
DA:85,0
DA:86,0
DA:88,0
DA:90,0
DA:102,0
DA:103,0
DA:108,0
DA:119,0
DA:127,0
DA:128,0
DA:137,0
DA:139,0
DA:140,0
DA:144,0
DA:145,0
DA:147,0
DA:148,0
DA:149,0
DA:152,0
DA:165,0
DA:166,0
DA:168,0
DA:169,0
DA:171,0
DA:172,0
DA:176,0
DA:178,0
DA:179,0
DA:180,0
DA:183,0
DA:184,0
DA:189,0
DA:190,0
DA:198,0
DA:200,0
DA:201,0
DA:203,0
DA:204,0
DA:213,0
DA:220,0
DA:233,0
DA:234,0
DA:235,0
DA:237,0
DA:238,0
DA:240,0
DA:241,0
DA:242,0
DA:243,0
DA:244,0
DA:246,0
DA:250,0
DA:251,0
DA:256,0
DA:257,0
DA:258,0
DA:260,0
DA:261,0
DA:263,0
DA:269,0
DA:273,0
DA:274,0
DA:275,0
DA:279,0
DA:294,0
DA:296,0
DA:304,0
LF:86
LH:0
BRDA:40,0,0,0
BRDA:40,0,1,0
BRDA:48,1,0,0
BRDA:48,1,1,0
BRDA:52,2,0,0
BRDA:52,2,1,0
BRDA:56,3,0,0
BRDA:56,3,1,0
BRDA:72,4,0,0
BRDA:72,4,1,0
BRDA:77,5,0,0
BRDA:77,5,1,0
BRDA:88,6,0,0
BRDA:88,6,1,0
BRDA:102,7,0,0
BRDA:102,7,1,0
BRDA:102,8,0,0
BRDA:102,8,1,0
BRDA:139,9,0,0
BRDA:139,9,1,0
BRDA:152,10,0,0
BRDA:152,10,1,0
BRDA:171,11,0,0
BRDA:171,11,1,0
BRDA:171,12,0,0
BRDA:171,12,1,0
BRDA:183,13,0,0
BRDA:183,13,1,0
BRDA:183,14,0,0
BRDA:183,14,1,0
BRDA:184,15,0,0
BRDA:184,15,1,0
BRDA:189,16,0,0
BRDA:189,16,1,0
BRDA:200,17,0,0
BRDA:200,17,1,0
BRDA:215,18,0,0
BRDA:215,18,1,0
BRDA:240,19,0,0
BRDA:240,19,1,0
BRDA:242,20,0,0
BRDA:242,20,1,0
BRDA:242,21,0,0
BRDA:242,21,1,0
BRDA:267,22,0,0
BRDA:267,22,1,0
BRDA:268,23,0,0
BRDA:268,23,1,0
BRDA:273,24,0,0
BRDA:273,24,1,0
BRDA:284,25,0,0
BRDA:284,25,1,0
BRDA:285,26,0,0
BRDA:285,26,1,0
BRDA:286,27,0,0
BRDA:286,27,1,0
BRDA:287,28,0,0
BRDA:287,28,1,0
BRDA:288,29,0,0
BRDA:288,29,1,0
BRDA:289,30,0,0
BRDA:289,30,1,0
BRDA:290,31,0,0
BRDA:290,31,1,0
BRDA:298,32,0,0
BRDA:298,32,1,0
BRF:66
BRH:0
end_of_record
TN:
SF:app\api\dashboard\appointments\route.ts
FN:5,GET
FNF:1
FNH:0
FNDA:0,GET
DA:6,0
DA:7,0
DA:8,0
DA:9,0
DA:12,0
DA:13,0
DA:14,0
DA:16,0
DA:17,0
DA:23,0
DA:24,0
DA:28,0
DA:32,0
LF:13
LH:0
BRDA:8,0,0,0
BRDA:8,0,1,0
BRDA:16,1,0,0
BRDA:16,1,1,0
BRDA:25,2,0,0
BRDA:25,2,1,0
BRF:6
BRH:0
end_of_record
TN:
SF:app\api\dashboard\charts\route.ts
FN:37,verifyBusinessAccess
FN:48,generateRevenueData
FN:84,generateAppointmentData
FN:136,generateServiceData
FN:149,(anonymous_4)
FN:175,(anonymous_5)
FN:176,(anonymous_6)
FN:180,generateStaffData
FN:191,(anonymous_8)
FN:236,(anonymous_9)
FN:239,GET
FNF:11
FNH:0
FNDA:0,verifyBusinessAccess
FNDA:0,generateRevenueData
FNDA:0,generateAppointmentData
FNDA:0,generateServiceData
FNDA:0,(anonymous_4)
FNDA:0,(anonymous_5)
FNDA:0,(anonymous_6)
FNDA:0,generateStaffData
FNDA:0,(anonymous_8)
FNDA:0,(anonymous_9)
FNDA:0,GET
DA:38,0
DA:45,0
DA:49,0
DA:50,0
DA:52,0
DA:53,0
DA:54,0
DA:55,0
DA:58,0
DA:70,0
DA:71,0
DA:73,0
DA:81,0
DA:85,0
DA:86,0
DA:88,0
DA:89,0
DA:90,0
DA:91,0
DA:93,0
DA:124,0
DA:133,0
DA:138,0
DA:145,0
DA:148,0
DA:150,0
DA:165,0
DA:174,0
DA:175,0
DA:176,0
DA:181,0
DA:190,0
DA:192,0
DA:204,0
DA:207,0
DA:208,0
DA:211,0
DA:212,0
DA:213,0
DA:214,0
DA:216,0
DA:217,0
DA:218,0
DA:219,0
DA:220,0
DA:221,0
DA:224,0
DA:236,0
DA:240,0
DA:241,0
DA:242,0
DA:243,0
DA:246,0
DA:247,0
DA:248,0
DA:250,0
DA:251,0
DA:255,0
DA:256,0
DA:257,0
DA:261,0
DA:264,0
DA:271,0
DA:278,0
DA:281,0
DA:282,0
LF:66
LH:0
BRDA:48,0,0,0
BRDA:84,1,0,0
BRDA:212,2,0,0
BRDA:212,2,1,0
BRDA:213,3,0,0
BRDA:213,3,1,0
BRDA:214,4,0,0
BRDA:214,4,1,0
BRDA:216,5,0,0
BRDA:216,5,1,0
BRDA:218,6,0,0
BRDA:218,6,1,0
BRDA:220,7,0,0
BRDA:220,7,1,0
BRDA:242,8,0,0
BRDA:242,8,1,0
BRDA:248,9,0,0
BRDA:248,9,1,0
BRDA:250,10,0,0
BRDA:250,10,1,0
BRDA:256,11,0,0
BRDA:256,11,1,0
BRDA:261,12,0,0
BRDA:261,12,1,0
BRDA:261,13,0,0
BRDA:261,13,1,0
BRF:26
BRH:0
end_of_record
TN:
SF:app\api\dashboard\clients\route.ts
FN:5,GET
FNF:1
FNH:0
FNDA:0,GET
DA:6,0
DA:7,0
DA:8,0
DA:9,0
DA:12,0
DA:13,0
DA:14,0
DA:15,0
DA:17,0
DA:18,0
DA:24,0
DA:25,0
DA:30,0
DA:32,0
DA:36,0
LF:15
LH:0
BRDA:8,0,0,0
BRDA:8,0,1,0
BRDA:17,1,0,0
BRDA:17,1,1,0
BRDA:17,2,0,0
BRDA:17,2,1,0
BRDA:17,2,2,0
BRF:7
BRH:0
end_of_record
TN:
SF:app\api\dashboard\metrics\route.ts
FN:41,verifyBusinessAccess
FN:52,calculateRevenue
FN:70,calculateGrowth
FN:75,generateTrend
FN:100,GET
FN:268,(anonymous_5)
FNF:6
FNH:0
FNDA:0,verifyBusinessAccess
FNDA:0,calculateRevenue
FNDA:0,calculateGrowth
FNDA:0,generateTrend
FNDA:0,GET
FNDA:0,(anonymous_5)
DA:42,0
DA:49,0
DA:55,0
DA:67,0
DA:71,0
DA:72,0
DA:76,0
DA:77,0
DA:79,0
DA:80,0
DA:81,0
DA:82,0
DA:84,0
DA:94,0
DA:97,0
DA:101,0
DA:102,0
DA:103,0
DA:104,0
DA:107,0
DA:108,0
DA:110,0
DA:111,0
DA:115,0
DA:116,0
DA:117,0
DA:120,0
DA:121,0
DA:122,0
DA:123,0
DA:124,0
DA:125,0
DA:126,0
DA:127,0
DA:130,0
DA:131,0
DA:132,0
DA:133,0
DA:134,0
DA:135,0
DA:136,0
DA:137,0
DA:140,0
DA:150,0
DA:160,0
DA:170,0
DA:181,0
DA:191,0
DA:192,0
DA:195,0
DA:199,0
DA:208,0
DA:222,0
DA:225,0
DA:226,0
DA:227,0
DA:228,0
DA:229,0
DA:231,0
DA:241,0
DA:245,0
DA:253,0
DA:254,0
DA:255,0
DA:257,0
DA:268,0
DA:292,0
DA:294,0
DA:295,0
LF:69
LH:0
BRDA:71,0,0,0
BRDA:71,0,1,0
BRDA:71,1,0,0
BRDA:71,1,1,0
BRDA:103,2,0,0
BRDA:103,2,1,0
BRDA:110,3,0,0
BRDA:110,3,1,0
BRDA:116,4,0,0
BRDA:116,4,1,0
BRDA:191,5,0,0
BRDA:191,5,1,0
BRDA:222,6,0,0
BRDA:222,6,1,0
BRF:14
BRH:0
end_of_record
TN:
SF:app\api\dashboard\revenue\route.ts
FN:5,GET
FNF:1
FNH:0
FNDA:0,GET
DA:6,0
DA:7,0
DA:8,0
DA:9,0
DA:12,0
DA:13,0
DA:14,0
DA:15,0
DA:17,0
DA:18,0
DA:24,0
DA:25,0
DA:30,0
DA:31,0
DA:33,0
DA:40,0
LF:16
LH:0
BRDA:8,0,0,0
BRDA:8,0,1,0
BRDA:17,1,0,0
BRDA:17,1,1,0
BRDA:17,2,0,0
BRDA:17,2,1,0
BRDA:17,2,2,0
BRF:7
BRH:0
end_of_record
TN:
SF:app\api\gdpr\delete\route.ts
FN:17,(anonymous_0)
FN:28,POST
FN:133,(anonymous_2)
FN:150,GET
FN:244,generateConfirmationCode
FNF:5
FNH:0
FNDA:0,(anonymous_0)
FNDA:0,POST
FNDA:0,(anonymous_2)
FNDA:0,GET
FNDA:0,generateConfirmationCode
DA:12,0
DA:17,0
DA:29,0
DA:31,0
DA:33,0
DA:35,0
DA:38,0
DA:39,0
DA:40,0
DA:47,0
DA:58,0
DA:59,0
DA:66,0
DA:73,0
DA:74,0
DA:81,0
DA:82,0
DA:84,0
DA:98,0
DA:105,0
DA:113,0
DA:127,0
DA:129,0
DA:130,0
DA:133,0
DA:139,0
DA:151,0
DA:153,0
DA:154,0
DA:155,0
DA:156,0
DA:158,0
DA:159,0
DA:166,0
DA:167,0
DA:168,0
DA:175,0
DA:182,0
DA:183,0
DA:190,0
DA:197,0
DA:198,0
DA:205,0
DA:208,0
DA:220,0
DA:228,0
DA:229,0
DA:245,0
DA:246,0
DA:247,0
DA:249,0
LF:51
LH:0
BRDA:39,0,0,0
BRDA:39,0,1,0
BRDA:58,1,0,0
BRDA:58,1,1,0
BRDA:73,2,0,0
BRDA:73,2,1,0
BRDA:82,3,0,0
BRDA:82,3,1,0
BRDA:129,4,0,0
BRDA:129,4,1,0
BRDA:158,5,0,0
BRDA:158,5,1,0
BRDA:158,6,0,0
BRDA:158,6,1,0
BRDA:167,7,0,0
BRDA:167,7,1,0
BRDA:182,8,0,0
BRDA:182,8,1,0
BRDA:197,9,0,0
BRDA:197,9,1,0
BRF:20
BRH:0
end_of_record
TN:
SF:app\api\gdpr\export\route.ts
FN:28,POST
FN:121,(anonymous_1)
FN:141,convertToCSV
FN:147,(anonymous_3)
FN:155,(anonymous_4)
FN:156,(anonymous_5)
FN:173,(anonymous_6)
FN:190,(anonymous_7)
FNF:8
FNH:0
FNDA:0,POST
FNDA:0,(anonymous_1)
FNDA:0,convertToCSV
FNDA:0,(anonymous_3)
FNDA:0,(anonymous_4)
FNDA:0,(anonymous_5)
FNDA:0,(anonymous_6)
FNDA:0,(anonymous_7)
DA:12,0
DA:29,0
DA:31,0
DA:33,0
DA:35,0
DA:38,0
DA:39,0
DA:40,0
DA:47,0
DA:54,0
DA:55,0
DA:62,0
DA:69,0
DA:70,0
DA:77,0
DA:80,0
DA:81,0
DA:84,0
DA:85,0
DA:89,0
DA:91,0
DA:93,0
DA:103,0
DA:115,0
DA:117,0
DA:118,0
DA:121,0
DA:127,0
DA:142,0
DA:145,0
DA:146,0
DA:147,0
DA:148,0
DA:150,0
DA:153,0
DA:154,0
DA:155,0
DA:156,0
DA:157,0
DA:167,0
DA:170,0
DA:171,0
DA:172,0
DA:173,0
DA:174,0
DA:183,0
DA:187,0
DA:188,0
DA:189,0
DA:190,0
DA:191,0
DA:203,0
LF:52
LH:0
BRDA:39,0,0,0
BRDA:39,0,1,0
BRDA:54,1,0,0
BRDA:54,1,1,0
BRDA:69,2,0,0
BRDA:69,2,1,0
BRDA:80,3,0,0
BRDA:80,3,1,0
BRDA:84,4,0,0
BRDA:84,4,1,0
BRDA:89,5,0,0
BRDA:89,5,1,0
BRDA:117,6,0,0
BRDA:117,6,1,0
BRDA:163,7,0,0
BRDA:163,7,1,0
BRDA:170,8,0,0
BRDA:170,8,1,0
BRDA:187,9,0,0
BRDA:187,9,1,0
BRDA:196,10,0,0
BRDA:196,10,1,0
BRF:22
BRH:0
end_of_record
TN:
SF:app\api\health\route.ts
FN:4,GET
FN:107,HEAD
FNF:2
FNH:0
FNDA:0,GET
FNDA:0,HEAD
DA:5,0
DA:7,0
DA:9,0
DA:22,0
DA:23,0
DA:24,0
DA:27,0
DA:28,0
DA:29,0
DA:33,0
DA:34,0
DA:35,0
DA:42,0
DA:45,0
DA:47,0
DA:51,0
DA:52,0
DA:53,0
DA:57,0
DA:58,0
DA:59,0
DA:63,0
DA:65,0
DA:69,0
DA:75,0
DA:85,0
DA:87,0
DA:108,0
DA:110,0
DA:111,0
DA:113,0
LF:31
LH:0
BRDA:12,0,0,0
BRDA:12,0,1,0
BRDA:13,1,0,0
BRDA:13,1,1,0
BRDA:45,2,0,0
BRDA:45,2,1,0
BRDA:51,3,0,0
BRDA:51,3,1,0
BRDA:69,4,0,0
BRDA:69,4,1,0
BRDA:71,5,0,0
BRDA:71,5,1,0
BRF:12
BRH:0
end_of_record
TN:
SF:app\api\monitoring\alerts\route.ts
FN:10,GET
FN:50,PUT
FNF:2
FNH:0
FNDA:0,GET
FNDA:0,PUT
DA:6,0
DA:11,0
DA:12,0
DA:13,0
DA:14,0
DA:17,0
DA:18,0
DA:23,0
DA:25,0
DA:30,0
DA:32,0
DA:33,0
DA:39,0
DA:46,0
DA:51,0
DA:52,0
DA:53,0
DA:54,0
DA:57,0
DA:58,0
DA:61,0
DA:63,0
DA:68,0
DA:70,0
DA:71,0
DA:77,0
LF:26
LH:0
BRDA:13,0,0,0
BRDA:13,0,1,0
BRDA:32,1,0,0
BRDA:32,1,1,0
BRDA:53,2,0,0
BRDA:53,2,1,0
BRDA:70,3,0,0
BRDA:70,3,1,0
BRF:8
BRH:0
end_of_record
TN:
SF:app\api\monitoring\availability\route.ts
FN:12,GET
FN:29,(anonymous_1)
FN:41,(anonymous_2)
FN:45,(anonymous_3)
FN:51,(anonymous_4)
FN:54,(anonymous_5)
FN:57,(anonymous_6)
FN:58,(anonymous_7)
FN:60,(anonymous_8)
FN:67,(anonymous_9)
FN:90,(anonymous_10)
FN:99,(anonymous_11)
FN:153,POST
FN:206,parseTimeRange
FN:219,calculateSystemHealth
FN:221,(anonymous_15)
FN:230,(anonymous_16)
FN:237,(anonymous_17)
FNF:18
FNH:0
FNDA:0,GET
FNDA:0,(anonymous_1)
FNDA:0,(anonymous_2)
FNDA:0,(anonymous_3)
FNDA:0,(anonymous_4)
FNDA:0,(anonymous_5)
FNDA:0,(anonymous_6)
FNDA:0,(anonymous_7)
FNDA:0,(anonymous_8)
FNDA:0,(anonymous_9)
FNDA:0,(anonymous_10)
FNDA:0,(anonymous_11)
FNDA:0,POST
FNDA:0,parseTimeRange
FNDA:0,calculateSystemHealth
FNDA:0,(anonymous_15)
FNDA:0,(anonymous_16)
FNDA:0,(anonymous_17)
DA:13,0
DA:14,0
DA:15,0
DA:16,0
DA:17,0
DA:20,0
DA:23,0
DA:28,0
DA:29,0
DA:33,0
DA:36,0
DA:37,0
DA:38,0
DA:40,0
DA:41,0
DA:44,0
DA:45,0
DA:48,0
DA:51,0
DA:54,0
DA:57,0
DA:58,0
DA:61,0
DA:67,0
DA:68,0
DA:69,0
DA:77,0
DA:78,0
DA:80,0
DA:81,0
DA:83,0
DA:86,0
DA:90,0
DA:99,0
DA:100,0
DA:101,0
DA:109,0
DA:111,0
DA:114,0
DA:115,0
DA:117,0
DA:118,0
DA:120,0
DA:121,0
DA:124,0
DA:127,0
DA:141,0
DA:145,0
DA:154,0
DA:155,0
DA:156,0
DA:158,0
DA:160,0
DA:162,0
DA:166,0
DA:172,0
DA:173,0
DA:175,0
DA:180,0
DA:187,0
DA:194,0
DA:198,0
DA:207,0
DA:216,0
DA:221,0
DA:222,0
DA:225,0
DA:226,0
DA:230,0
DA:232,0
DA:233,0
DA:237,0
DA:239,0
DA:240,0
DA:243,0
LF:75
LH:0
BRDA:16,0,0,0
BRDA:16,0,1,0
BRDA:23,1,0,0
BRDA:23,1,1,0
BRDA:28,2,0,0
BRDA:28,2,1,0
BRDA:50,3,0,0
BRDA:50,3,1,0
BRDA:53,4,0,0
BRDA:53,4,1,0
BRDA:56,5,0,0
BRDA:56,5,1,0
BRDA:58,6,0,0
BRDA:58,6,1,0
BRDA:61,7,0,0
BRDA:61,7,1,0
BRDA:68,8,0,0
BRDA:68,8,1,0
BRDA:80,9,0,0
BRDA:80,9,1,0
BRDA:100,10,0,0
BRDA:100,10,1,0
BRDA:111,11,0,0
BRDA:111,11,1,0
BRDA:111,11,2,0
BRDA:111,11,3,0
BRDA:143,12,0,0
BRDA:143,12,1,0
BRDA:158,13,0,0
BRDA:158,13,1,0
BRDA:158,13,2,0
BRDA:172,14,0,0
BRDA:172,14,1,0
BRDA:196,15,0,0
BRDA:196,15,1,0
BRDA:216,16,0,0
BRDA:216,16,1,0
BRDA:222,17,0,0
BRDA:222,17,1,0
BRDA:225,18,0,0
BRDA:225,18,1,0
BRDA:232,19,0,0
BRDA:232,19,1,0
BRDA:239,20,0,0
BRDA:239,20,1,0
BRF:45
BRH:0
end_of_record
TN:
SF:app\api\monitoring\performance\route.ts
FN:11,GET
FN:57,PUT
FNF:2
FNH:0
FNDA:0,GET
FNDA:0,PUT
DA:6,0
DA:12,0
DA:13,0
DA:14,0
DA:15,0
DA:18,0
DA:19,0
DA:25,0
DA:30,0
DA:35,0
DA:37,0
DA:38,0
DA:44,0
DA:51,0
DA:58,0
DA:59,0
DA:60,0
DA:61,0
DA:67,0
DA:68,0
DA:71,0
DA:73,0
DA:78,0
DA:80,0
DA:81,0
DA:87,0
LF:26
LH:0
BRDA:14,0,0,0
BRDA:14,0,1,0
BRDA:37,1,0,0
BRDA:37,1,1,0
BRDA:60,2,0,0
BRDA:60,2,1,0
BRDA:80,3,0,0
BRDA:80,3,1,0
BRF:8
BRH:0
end_of_record
TN:
SF:app\api\payments\route.ts
FN:29,POST
FN:118,(anonymous_1)
FN:171,GET
FNF:3
FNH:0
FNDA:0,POST
FNDA:0,(anonymous_1)
FNDA:0,GET
DA:15,0
DA:30,0
DA:31,0
DA:32,0
DA:33,0
DA:36,0
DA:37,0
DA:40,0
DA:73,0
DA:74,0
DA:78,0
DA:85,0
DA:86,0
DA:90,0
DA:93,0
DA:105,0
DA:118,0
DA:128,0
DA:151,0
DA:153,0
DA:154,0
DA:160,0
DA:172,0
DA:173,0
DA:174,0
DA:175,0
DA:178,0
DA:179,0
DA:181,0
DA:182,0
DA:186,0
DA:189,0
DA:222,0
DA:223,0
DA:227,0
DA:234,0
DA:235,0
DA:238,0
DA:258,0
DA:259,0
LF:40
LH:0
BRDA:32,0,0,0
BRDA:32,0,1,0
BRDA:73,1,0,0
BRDA:73,1,1,0
BRDA:85,2,0,0
BRDA:85,2,1,0
BRDA:98,3,0,0
BRDA:98,3,1,0
BRDA:101,4,0,0
BRDA:101,4,1,0
BRDA:114,5,0,0
BRDA:114,5,1,0
BRDA:122,6,0,0
BRDA:122,6,1,0
BRDA:145,7,0,0
BRDA:145,7,1,0
BRDA:153,8,0,0
BRDA:153,8,1,0
BRDA:174,9,0,0
BRDA:174,9,1,0
BRDA:181,10,0,0
BRDA:181,10,1,0
BRDA:222,11,0,0
BRDA:222,11,1,0
BRDA:234,12,0,0
BRDA:234,12,1,0
BRF:26
BRH:0
end_of_record
TN:
SF:app\api\payments\cash\route.ts
FN:24,POST
FN:100,(anonymous_1)
FN:220,(anonymous_2)
FNF:3
FNH:0
FNDA:0,POST
FNDA:0,(anonymous_1)
FNDA:0,(anonymous_2)
DA:13,0
DA:25,0
DA:26,0
DA:27,0
DA:28,0
DA:31,0
DA:32,0
DA:35,0
DA:68,0
DA:69,0
DA:73,0
DA:80,0
DA:81,0
DA:85,0
DA:88,0
DA:100,0
DA:113,0
DA:126,0
DA:127,0
DA:128,0
DA:144,0
DA:158,0
DA:159,0
DA:160,0
DA:176,0
DA:183,0
DA:188,0
DA:220,0
DA:232,0
DA:234,0
DA:235,0
DA:241,0
LF:32
LH:0
BRDA:27,0,0,0
BRDA:27,0,1,0
BRDA:68,1,0,0
BRDA:68,1,1,0
BRDA:80,2,0,0
BRDA:80,2,1,0
BRDA:96,3,0,0
BRDA:96,3,1,0
BRDA:104,4,0,0
BRDA:104,4,1,0
BRDA:118,5,0,0
BRDA:118,5,1,0
BRDA:127,6,0,0
BRDA:127,6,1,0
BRDA:149,7,0,0
BRDA:149,7,1,0
BRDA:159,8,0,0
BRDA:159,8,1,0
BRDA:159,9,0,0
BRDA:159,9,1,0
BRDA:197,10,0,0
BRDA:197,10,1,0
BRDA:202,11,0,0
BRDA:202,11,1,0
BRDA:212,12,0,0
BRDA:212,12,1,0
BRDA:234,13,0,0
BRDA:234,13,1,0
BRF:28
BRH:0
end_of_record
TN:
SF:app\api\payments\refund\route.ts
FN:25,POST
FNF:1
FNH:0
FNDA:0,POST
DA:14,0
DA:26,0
DA:27,0
DA:28,0
DA:29,0
DA:32,0
DA:33,0
DA:36,0
DA:38,0
DA:39,0
DA:43,0
DA:50,0
DA:51,0
DA:55,0
DA:56,0
DA:63,0
DA:64,0
DA:67,0
DA:68,0
DA:75,0
DA:88,0
DA:102,0
DA:111,0
DA:112,0
DA:118,0
DA:139,0
DA:141,0
DA:142,0
DA:148,0
LF:29
LH:0
BRDA:28,0,0,0
BRDA:28,0,1,0
BRDA:38,1,0,0
BRDA:38,1,1,0
BRDA:50,2,0,0
BRDA:50,2,1,0
BRDA:55,3,0,0
BRDA:55,3,1,0
BRDA:63,4,0,0
BRDA:63,4,1,0
BRDA:67,5,0,0
BRDA:67,5,1,0
BRDA:81,6,0,0
BRDA:81,6,1,0
BRDA:82,7,0,0
BRDA:82,7,1,0
BRDA:91,8,0,0
BRDA:91,8,1,0
BRDA:111,9,0,0
BRDA:111,9,1,0
BRDA:111,10,0,0
BRDA:111,10,1,0
BRDA:141,11,0,0
BRDA:141,11,1,0
BRF:24
BRH:0
end_of_record
TN:
SF:app\api\payments\webhook\route.ts
FN:23,POST
FN:91,handlePaymentSucceeded
FN:159,handlePaymentFailed
FN:193,handlePaymentCanceled
FN:228,handlePaymentRequiresAction
FN:264,handleChargeDispute
FNF:6
FNH:0
FNDA:0,POST
FNDA:0,handlePaymentSucceeded
FNDA:0,handlePaymentFailed
FNDA:0,handlePaymentCanceled
FNDA:0,handlePaymentRequiresAction
FNDA:0,handleChargeDispute
DA:17,0
DA:24,0
DA:26,0
DA:27,0
DA:28,0
DA:34,0
DA:35,0
DA:37,0
DA:38,0
DA:39,0
DA:43,0
DA:45,0
DA:48,0
DA:50,0
DA:51,0
DA:54,0
DA:55,0
DA:58,0
DA:59,0
DA:62,0
DA:63,0
DA:66,0
DA:67,0
DA:71,0
DA:72,0
DA:75,0
DA:78,0
DA:80,0
DA:81,0
DA:92,0
DA:93,0
DA:95,0
DA:97,0
DA:99,0
DA:101,0
DA:102,0
DA:105,0
DA:108,0
DA:118,0
DA:119,0
DA:126,0
DA:127,0
DA:147,0
DA:149,0
DA:160,0
DA:162,0
DA:164,0
DA:165,0
DA:167,0
DA:168,0
DA:171,0
DA:174,0
DA:181,0
DA:183,0
DA:194,0
DA:196,0
DA:198,0
DA:199,0
DA:201,0
DA:202,0
DA:205,0
DA:208,0
DA:214,0
DA:218,0
DA:229,0
DA:231,0
DA:233,0
DA:234,0
DA:236,0
DA:237,0
DA:240,0
DA:243,0
DA:250,0
DA:254,0
DA:265,0
DA:267,0
DA:271,0
DA:273,0
DA:282,0
DA:283,0
DA:284,0
DA:288,0
DA:296,0
DA:298,0
DA:303,0
DA:304,0
LF:86
LH:0
BRDA:26,0,0,0
BRDA:26,0,1,0
BRDA:37,1,0,0
BRDA:37,1,1,0
BRDA:48,2,0,0
BRDA:48,2,1,0
BRDA:48,2,2,0
BRDA:48,2,3,0
BRDA:48,2,4,0
BRDA:48,2,5,0
BRDA:48,2,6,0
BRDA:101,3,0,0
BRDA:101,3,1,0
BRDA:113,4,0,0
BRDA:113,4,1,0
BRDA:118,5,0,0
BRDA:118,5,1,0
BRDA:126,6,0,0
BRDA:126,6,1,0
BRDA:126,7,0,0
BRDA:126,7,1,0
BRDA:167,8,0,0
BRDA:167,8,1,0
BRDA:201,9,0,0
BRDA:201,9,1,0
BRDA:236,10,0,0
BRDA:236,10,1,0
BRDA:282,11,0,0
BRDA:282,11,1,0
BRF:29
BRH:0
end_of_record
TN:
SF:app\api\public\booking\[businessId]\route.ts
FN:30,(anonymous_0)
FN:45,validateBusinessContext
FN:143,GET
FN:226,(anonymous_3)
FN:243,(anonymous_4)
FN:244,(anonymous_5)
FN:259,(anonymous_6)
FNF:7
FNH:0
FNDA:0,(anonymous_0)
FNDA:0,validateBusinessContext
FNDA:0,GET
FNDA:0,(anonymous_3)
FNDA:0,(anonymous_4)
FNDA:0,(anonymous_5)
FNDA:0,(anonymous_6)
DA:14,0
DA:36,0
DA:37,0
DA:38,0
DA:39,0
DA:40,0
DA:46,0
DA:47,0
DA:49,0
DA:79,0
DA:80,0
DA:91,0
DA:92,0
DA:103,0
DA:104,0
DA:112,0
DA:114,0
DA:115,0
DA:118,0
DA:119,0
DA:130,0
DA:147,0
DA:149,0
DA:154,0
DA:155,0
DA:179,0
DA:182,0
DA:226,0
DA:243,0
DA:244,0
DA:258,0
DA:260,0
DA:261,0
DA:262,0
DA:264,0
DA:265,0
DA:270,0
DA:310,0
DA:318,0
DA:320,0
DA:321,0
DA:333,0
LF:42
LH:0
BRDA:79,0,0,0
BRDA:79,0,1,0
BRDA:91,1,0,0
BRDA:91,1,1,0
BRDA:103,2,0,0
BRDA:103,2,1,0
BRDA:114,3,0,0
BRDA:114,3,1,0
BRDA:118,4,0,0
BRDA:118,4,1,0
BRDA:154,5,0,0
BRDA:154,5,1,0
BRDA:229,6,0,0
BRDA:229,6,1,0
BRDA:232,7,0,0
BRDA:232,7,1,0
BRDA:237,8,0,0
BRDA:237,8,1,0
BRDA:240,9,0,0
BRDA:240,9,1,0
BRDA:247,10,0,0
BRDA:247,10,1,0
BRDA:250,11,0,0
BRDA:250,11,1,0
BRDA:260,12,0,0
BRDA:260,12,1,0
BRDA:261,13,0,0
BRDA:261,13,1,0
BRDA:277,14,0,0
BRDA:277,14,1,0
BRDA:280,15,0,0
BRDA:280,15,1,0
BRDA:283,16,0,0
BRDA:283,16,1,0
BRDA:291,17,0,0
BRDA:291,17,1,0
BRDA:320,18,0,0
BRDA:320,18,1,0
BRDA:325,19,0,0
BRDA:325,19,1,0
BRF:40
BRH:0
end_of_record
TN:
SF:app\api\public\booking\[businessId]\availability\route.ts
FN:15,(anonymous_0)
FN:22,(anonymous_1)
FN:41,(anonymous_2)
FN:72,validateBusinessForAvailability
FN:122,GET
FNF:5
FNH:0
FNDA:0,(anonymous_0)
FNDA:0,(anonymous_1)
FNDA:0,(anonymous_2)
FNDA:0,validateBusinessForAvailability
FNDA:0,GET
DA:14,0
DA:15,0
DA:22,0
DA:47,0
DA:48,0
DA:49,0
DA:50,0
DA:51,0
DA:73,0
DA:74,0
DA:85,0
DA:86,0
DA:94,0
DA:95,0
DA:103,0
DA:105,0
DA:106,0
DA:109,0
DA:126,0
DA:128,0
DA:133,0
DA:134,0
DA:156,0
DA:159,0
DA:160,0
DA:167,0
DA:171,0
DA:179,0
DA:191,0
DA:202,0
DA:204,0
DA:205,0
DA:215,0
DA:216,0
DA:236,0
LF:35
LH:0
BRDA:85,0,0,0
BRDA:85,0,1,0
BRDA:94,1,0,0
BRDA:94,1,1,0
BRDA:94,2,0,0
BRDA:94,2,1,0
BRDA:105,3,0,0
BRDA:105,3,1,0
BRDA:133,4,0,0
BRDA:133,4,1,0
BRDA:161,5,0,0
BRDA:161,5,1,0
BRDA:162,6,0,0
BRDA:162,6,1,0
BRDA:163,7,0,0
BRDA:163,7,1,0
BRDA:164,8,0,0
BRDA:164,8,1,0
BRDA:204,9,0,0
BRDA:204,9,1,0
BRDA:209,10,0,0
BRDA:209,10,1,0
BRDA:215,11,0,0
BRDA:215,11,1,0
BRF:24
BRH:0
end_of_record
TN:
SF:app\api\public\booking\[businessId]\book\route.ts
FN:61,(anonymous_0)
FN:110,generateConfirmationNumber
FN:117,validateBusinessForBooking
FN:172,validateServicesAndCalculateTotals
FN:218,(anonymous_4)
FN:219,(anonymous_5)
FN:233,(anonymous_6)
FN:236,(anonymous_7)
FN:237,(anonymous_8)
FN:254,(anonymous_9)
FN:265,(anonymous_10)
FN:270,(anonymous_11)
FN:281,validateTimeSlotAvailability
FN:386,createOrFindClient
FN:416,createAppointmentWithServices
FN:430,(anonymous_15)
FN:464,(anonymous_16)
FN:474,sendStaffNotification
FN:493,(anonymous_18)
FN:498,(anonymous_19)
FN:516,POST
FN:597,(anonymous_21)
FN:643,(anonymous_22)
FNF:23
FNH:0
FNDA:0,(anonymous_0)
FNDA:0,generateConfirmationNumber
FNDA:0,validateBusinessForBooking
FNDA:0,validateServicesAndCalculateTotals
FNDA:0,(anonymous_4)
FNDA:0,(anonymous_5)
FNDA:0,(anonymous_6)
FNDA:0,(anonymous_7)
FNDA:0,(anonymous_8)
FNDA:0,(anonymous_9)
FNDA:0,(anonymous_10)
FNDA:0,(anonymous_11)
FNDA:0,validateTimeSlotAvailability
FNDA:0,createOrFindClient
FNDA:0,createAppointmentWithServices
FNDA:0,(anonymous_15)
FNDA:0,(anonymous_16)
FNDA:0,sendStaffNotification
FNDA:0,(anonymous_18)
FNDA:0,(anonymous_19)
FNDA:0,POST
FNDA:0,(anonymous_21)
FNDA:0,(anonymous_22)
DA:12,0
DA:20,0
DA:33,0
DA:68,0
DA:69,0
DA:70,0
DA:71,0
DA:72,0
DA:73,0
DA:111,0
DA:112,0
DA:113,0
DA:118,0
DA:119,0
DA:135,0
DA:136,0
DA:147,0
DA:148,0
DA:156,0
DA:158,0
DA:159,0
DA:162,0
DA:179,0
DA:208,0
DA:209,0
DA:218,0
DA:219,0
DA:222,0
DA:223,0
DA:232,0
DA:233,0
DA:236,0
DA:237,0
DA:238,0
DA:242,0
DA:246,0
DA:254,0
DA:255,0
DA:256,0
DA:264,0
DA:265,0
DA:270,0
DA:289,0
DA:329,0
DA:331,0
DA:332,0
DA:333,0
DA:334,0
DA:342,0
DA:344,0
DA:347,0
DA:360,0
DA:361,0
DA:362,0
DA:371,0
DA:372,0
DA:373,0
DA:391,0
DA:403,0
DA:427,0
DA:430,0
DA:432,0
DA:450,0
DA:451,0
DA:452,0
DA:464,0
DA:469,0
DA:485,0
DA:487,0
DA:493,0
DA:498,0
DA:508,0
DA:510,0
DA:511,0
DA:520,0
DA:522,0
DA:524,0
DA:533,0
DA:534,0
DA:538,0
DA:541,0
DA:544,0
DA:545,0
DA:548,0
DA:558,0
DA:567,0
DA:573,0
DA:586,0
DA:587,0
DA:597,0
DA:601,0
DA:609,0
DA:637,0
DA:638,0
DA:639,0
DA:643,0
DA:656,0
DA:658,0
DA:659,0
DA:662,0
DA:667,0
DA:668,0
DA:675,0
DA:680,0
DA:681,0
DA:695,0
DA:708,0
DA:711,0
DA:712,0
DA:725,0
DA:726,0
DA:735,0
DA:736,0
DA:756,0
LF:114
LH:0
BRDA:135,0,0,0
BRDA:135,0,1,0
BRDA:147,1,0,0
BRDA:147,1,1,0
BRDA:147,2,0,0
BRDA:147,2,1,0
BRDA:158,3,0,0
BRDA:158,3,1,0
BRDA:208,4,0,0
BRDA:208,4,1,0
BRDA:222,5,0,0
BRDA:222,5,1,0
BRDA:238,6,0,0
BRDA:238,6,1,0
BRDA:242,7,0,0
BRDA:242,7,1,0
BRDA:243,8,0,0
BRDA:243,8,1,0
BRDA:255,9,0,0
BRDA:255,9,1,0
BRDA:270,10,0,0
BRDA:270,10,1,0
BRDA:329,11,0,0
BRDA:329,11,1,0
BRDA:361,12,0,0
BRDA:361,12,1,0
BRDA:372,13,0,0
BRDA:372,13,1,0
BRDA:396,14,0,0
BRDA:396,14,1,0
BRDA:462,15,0,0
BRDA:462,15,1,0
BRDA:533,16,0,0
BRDA:533,16,1,0
BRDA:538,17,0,0
BRDA:538,17,1,0
BRDA:617,18,0,0
BRDA:617,18,1,0
BRDA:622,19,0,0
BRDA:622,19,1,0
BRDA:623,20,0,0
BRDA:623,20,1,0
BRDA:630,21,0,0
BRDA:630,21,1,0
BRDA:631,22,0,0
BRDA:631,22,1,0
BRDA:632,23,0,0
BRDA:632,23,1,0
BRDA:641,24,0,0
BRDA:641,24,1,0
BRDA:649,25,0,0
BRDA:649,25,1,0
BRDA:650,26,0,0
BRDA:650,26,1,0
BRDA:651,27,0,0
BRDA:651,27,1,0
BRDA:658,28,0,0
BRDA:658,28,1,0
BRDA:716,29,0,0
BRDA:716,29,1,0
BRDA:719,30,0,0
BRDA:719,30,1,0
BRDA:721,31,0,0
BRDA:721,31,1,0
BRDA:725,32,0,0
BRDA:725,32,1,0
BRDA:730,33,0,0
BRDA:730,33,1,0
BRDA:735,34,0,0
BRDA:735,34,1,0
BRF:70
BRH:0
end_of_record
TN:
SF:app\api\public\booking\[businessId]\client-lookup\route.ts
FN:22,(anonymous_0)
FN:40,(anonymous_1)
FN:65,validateBusinessForClientLookup
FN:110,lookupClient
FN:155,POST
FNF:5
FNH:0
FNDA:0,(anonymous_0)
FNDA:0,(anonymous_1)
FNDA:0,validateBusinessForClientLookup
FNDA:0,lookupClient
FNDA:0,POST
DA:14,0
DA:22,0
DA:46,0
DA:47,0
DA:48,0
DA:49,0
DA:50,0
DA:66,0
DA:67,0
DA:76,0
DA:77,0
DA:85,0
DA:86,0
DA:94,0
DA:96,0
DA:97,0
DA:100,0
DA:115,0
DA:116,0
DA:122,0
DA:123,0
DA:129,0
DA:141,0
DA:142,0
DA:159,0
DA:161,0
DA:166,0
DA:167,0
DA:189,0
DA:192,0
DA:195,0
DA:202,0
DA:205,0
DA:211,0
DA:219,0
DA:221,0
DA:222,0
DA:232,0
DA:233,0
DA:254,0
LF:40
LH:0
BRDA:22,0,0,0
BRDA:22,0,1,0
BRDA:76,1,0,0
BRDA:76,1,1,0
BRDA:85,2,0,0
BRDA:85,2,1,0
BRDA:85,3,0,0
BRDA:85,3,1,0
BRDA:96,4,0,0
BRDA:96,4,1,0
BRDA:122,5,0,0
BRDA:122,5,1,0
BRDA:122,6,0,0
BRDA:122,6,1,0
BRDA:166,7,0,0
BRDA:166,7,1,0
BRDA:196,8,0,0
BRDA:196,8,1,0
BRDA:197,9,0,0
BRDA:197,9,1,0
BRDA:221,10,0,0
BRDA:221,10,1,0
BRDA:226,11,0,0
BRDA:226,11,1,0
BRDA:232,12,0,0
BRDA:232,12,1,0
BRF:26
BRH:0
end_of_record
TN:
SF:app\api\public\booking\[businessId]\staff\route.ts
FN:12,(anonymous_0)
FN:29,(anonymous_1)
FN:44,validateBusinessForStaff
FN:90,getQualifiedStaff
FN:141,(anonymous_4)
FN:142,(anonymous_5)
FN:143,(anonymous_6)
FN:147,(anonymous_7)
FN:153,(anonymous_8)
FN:171,GET
FNF:10
FNH:0
FNDA:0,(anonymous_0)
FNDA:0,(anonymous_1)
FNDA:0,validateBusinessForStaff
FNDA:0,getQualifiedStaff
FNDA:0,(anonymous_4)
FNDA:0,(anonymous_5)
FNDA:0,(anonymous_6)
FNDA:0,(anonymous_7)
FNDA:0,(anonymous_8)
FNDA:0,GET
DA:11,0
DA:12,0
DA:35,0
DA:36,0
DA:37,0
DA:38,0
DA:39,0
DA:45,0
DA:46,0
DA:56,0
DA:57,0
DA:65,0
DA:66,0
DA:74,0
DA:76,0
DA:77,0
DA:80,0
DA:91,0
DA:93,0
DA:102,0
DA:103,0
DA:112,0
DA:141,0
DA:142,0
DA:143,0
DA:147,0
DA:153,0
DA:157,0
DA:158,0
DA:161,0
DA:175,0
DA:177,0
DA:182,0
DA:183,0
DA:205,0
DA:208,0
DA:209,0
DA:213,0
DA:215,0
DA:216,0
DA:225,0
DA:230,0
DA:241,0
DA:254,0
DA:255,0
DA:264,0
DA:265,0
DA:285,0
LF:48
LH:0
BRDA:56,0,0,0
BRDA:56,0,1,0
BRDA:65,1,0,0
BRDA:65,1,1,0
BRDA:65,2,0,0
BRDA:65,2,1,0
BRDA:76,3,0,0
BRDA:76,3,1,0
BRDA:102,4,0,0
BRDA:102,4,1,0
BRDA:157,5,0,0
BRDA:157,5,1,0
BRDA:182,6,0,0
BRDA:182,6,1,0
BRDA:210,7,0,0
BRDA:210,7,1,0
BRDA:215,8,0,0
BRDA:215,8,1,0
BRDA:254,9,0,0
BRDA:254,9,1,0
BRDA:258,10,0,0
BRDA:258,10,1,0
BRDA:264,11,0,0
BRDA:264,11,1,0
BRF:24
BRH:0
end_of_record
TN:
SF:app\api\reports\financial\route.ts
FN:30,GET
FN:126,generateRevenueReport
FN:157,generateStaffReport
FN:198,generateEmploymentReport
FN:228,(anonymous_4)
FN:232,(anonymous_5)
FN:233,(anonymous_6)
FN:237,(anonymous_7)
FN:241,(anonymous_8)
FN:242,(anonymous_9)
FN:246,(anonymous_10)
FN:250,(anonymous_11)
FN:251,(anonymous_12)
FN:255,(anonymous_13)
FN:269,generateDetailedReport
FN:293,(anonymous_15)
FN:327,getDailyRevenueBreakdown
FN:347,(anonymous_17)
FN:353,(anonymous_18)
FN:356,(anonymous_19)
FNF:20
FNH:0
FNDA:0,GET
FNDA:0,generateRevenueReport
FNDA:0,generateStaffReport
FNDA:0,generateEmploymentReport
FNDA:0,(anonymous_4)
FNDA:0,(anonymous_5)
FNDA:0,(anonymous_6)
FNDA:0,(anonymous_7)
FNDA:0,(anonymous_8)
FNDA:0,(anonymous_9)
FNDA:0,(anonymous_10)
FNDA:0,(anonymous_11)
FNDA:0,(anonymous_12)
FNDA:0,(anonymous_13)
FNDA:0,generateDetailedReport
FNDA:0,(anonymous_15)
FNDA:0,getDailyRevenueBreakdown
FNDA:0,(anonymous_17)
FNDA:0,(anonymous_18)
FNDA:0,(anonymous_19)
DA:17,0
DA:31,0
DA:32,0
DA:33,0
DA:34,0
DA:37,0
DA:38,0
DA:40,0
DA:43,0
DA:50,0
DA:51,0
DA:54,0
DA:55,0
DA:58,0
DA:68,0
DA:69,0
DA:72,0
DA:83,0
DA:85,0
DA:86,0
DA:89,0
DA:90,0
DA:92,0
DA:93,0
DA:96,0
DA:97,0
DA:101,0
DA:102,0
DA:105,0
DA:107,0
DA:109,0
DA:110,0
DA:116,0
DA:132,0
DA:140,0
DA:142,0
DA:158,0
DA:161,0
DA:173,0
DA:174,0
DA:177,0
DA:200,0
DA:217,0
DA:223,0
DA:225,0
DA:228,0
DA:232,0
DA:233,0
DA:237,0
DA:241,0
DA:242,0
DA:246,0
DA:250,0
DA:251,0
DA:255,0
DA:277,0
DA:283,0
DA:293,0
DA:305,0
DA:328,0
DA:345,0
DA:347,0
DA:348,0
DA:349,0
DA:350,0
DA:353,0
DA:356,0
LF:67
LH:0
BRDA:33,0,0,0
BRDA:33,0,1,0
BRDA:50,1,0,0
BRDA:50,1,1,0
BRDA:68,2,0,0
BRDA:68,2,1,0
BRDA:83,3,0,0
BRDA:83,3,1,0
BRDA:83,3,2,0
BRDA:83,3,3,0
BRDA:83,3,4,0
BRDA:89,4,0,0
BRDA:89,4,1,0
BRDA:109,5,0,0
BRDA:109,5,1,0
BRDA:136,6,0,0
BRDA:136,6,1,0
BRDA:173,7,0,0
BRDA:173,7,1,0
BRDA:232,8,0,0
BRDA:232,8,1,0
BRDA:241,9,0,0
BRDA:241,9,1,0
BRDA:250,10,0,0
BRDA:250,10,1,0
BRDA:288,11,0,0
BRDA:288,11,1,0
BRDA:289,12,0,0
BRDA:289,12,1,0
BRDA:312,13,0,0
BRDA:312,13,1,0
BRDA:313,14,0,0
BRDA:313,14,1,0
BRDA:314,15,0,0
BRDA:314,15,1,0
BRDA:349,16,0,0
BRDA:349,16,1,0
BRF:37
BRH:0
end_of_record
TN:
SF:app\api\services\route.ts
FN:18,GET
FN:107,POST
FNF:2
FNH:0
FNDA:0,GET
FNDA:0,POST
DA:7,0
DA:19,0
DA:20,0
DA:21,0
DA:22,0
DA:25,0
DA:26,0
DA:27,0
DA:28,0
DA:29,0
DA:30,0
DA:31,0
DA:33,0
DA:34,0
DA:38,0
DA:45,0
DA:46,0
DA:50,0
DA:54,0
DA:55,0
DA:62,0
DA:63,0
DA:66,0
DA:67,0
DA:71,0
DA:72,0
DA:74,0
DA:96,0
DA:98,0
DA:99,0
DA:108,0
DA:109,0
DA:110,0
DA:111,0
DA:114,0
DA:115,0
DA:117,0
DA:118,0
DA:122,0
DA:130,0
DA:131,0
DA:135,0
DA:138,0
DA:162,0
DA:164,0
DA:165,0
DA:171,0
DA:172,0
LF:48
LH:0
BRDA:21,0,0,0
BRDA:21,0,1,0
BRDA:30,1,0,0
BRDA:30,1,1,0
BRDA:31,2,0,0
BRDA:31,2,1,0
BRDA:33,3,0,0
BRDA:33,3,1,0
BRDA:45,4,0,0
BRDA:45,4,1,0
BRDA:54,5,0,0
BRDA:54,5,1,0
BRDA:62,6,0,0
BRDA:62,6,1,0
BRDA:66,7,0,0
BRDA:66,7,1,0
BRDA:110,8,0,0
BRDA:110,8,1,0
BRDA:117,9,0,0
BRDA:117,9,1,0
BRDA:130,10,0,0
BRDA:130,10,1,0
BRDA:164,11,0,0
BRDA:164,11,1,0
BRF:24
BRH:0
end_of_record
TN:
SF:app\api\services\[id]\route.ts
FN:18,GET
FN:85,PUT
FN:166,DELETE
FNF:3
FNH:0
FNDA:0,GET
FNDA:0,PUT
FNDA:0,DELETE
DA:7,0
DA:22,0
DA:23,0
DA:24,0
DA:25,0
DA:28,0
DA:30,0
DA:58,0
DA:59,0
DA:63,0
DA:70,0
DA:71,0
DA:74,0
DA:76,0
DA:77,0
DA:89,0
DA:90,0
DA:91,0
DA:92,0
DA:95,0
DA:96,0
DA:99,0
DA:104,0
DA:105,0
DA:109,0
DA:117,0
DA:118,0
DA:122,0
DA:125,0
DA:148,0
DA:150,0
DA:151,0
DA:157,0
DA:158,0
DA:170,0
DA:171,0
DA:172,0
DA:173,0
DA:176,0
DA:179,0
DA:197,0
DA:198,0
DA:202,0
DA:210,0
DA:211,0
DA:215,0
DA:219,0
DA:230,0
DA:238,0
DA:243,0
DA:244,0
LF:51
LH:0
BRDA:24,0,0,0
BRDA:24,0,1,0
BRDA:58,1,0,0
BRDA:58,1,1,0
BRDA:70,2,0,0
BRDA:70,2,1,0
BRDA:91,3,0,0
BRDA:91,3,1,0
BRDA:104,4,0,0
BRDA:104,4,1,0
BRDA:117,5,0,0
BRDA:117,5,1,0
BRDA:150,6,0,0
BRDA:150,6,1,0
BRDA:172,7,0,0
BRDA:172,7,1,0
BRDA:197,8,0,0
BRDA:197,8,1,0
BRDA:210,9,0,0
BRDA:210,9,1,0
BRDA:215,10,0,0
BRDA:215,10,1,0
BRDA:216,11,0,0
BRDA:216,11,1,0
BRF:24
BRH:0
end_of_record
TN:
SF:app\api\staff\route.ts
FN:11,(anonymous_0)
FN:15,GET
FN:107,(anonymous_2)
FNF:3
FNH:0
FNDA:0,(anonymous_0)
FNDA:0,GET
FNDA:0,(anonymous_2)
DA:6,0
DA:11,0
DA:16,0
DA:17,0
DA:19,0
DA:20,0
DA:23,0
DA:24,0
DA:27,0
DA:30,0
DA:37,0
DA:38,0
DA:42,0
DA:46,0
DA:47,0
DA:50,0
DA:51,0
DA:55,0
DA:103,0
DA:107,0
DA:114,0
DA:116,0
DA:118,0
DA:119,0
DA:125,0
LF:25
LH:0
BRDA:19,0,0,0
BRDA:19,0,1,0
BRDA:37,1,0,0
BRDA:37,1,1,0
BRDA:46,2,0,0
BRDA:46,2,1,0
BRDA:50,3,0,0
BRDA:50,3,1,0
BRDA:118,4,0,0
BRDA:118,4,1,0
BRF:10
BRH:0
end_of_record
TN:
SF:app\api\staff\[staffId]\route.ts
FN:11,DELETE
FN:78,PUT
FNF:2
FNH:0
FNDA:0,DELETE
FNDA:0,PUT
DA:12,0
DA:13,0
DA:15,0
DA:16,0
DA:19,0
DA:22,0
DA:36,0
DA:37,0
DA:43,0
DA:44,0
DA:48,0
DA:49,0
DA:50,0
DA:57,0
DA:65,0
DA:70,0
DA:71,0
DA:79,0
DA:80,0
DA:82,0
DA:83,0
DA:86,0
DA:87,0
DA:90,0
DA:104,0
DA:105,0
DA:111,0
DA:112,0
DA:116,0
DA:119,0
DA:138,0
DA:139,0
DA:150,0
DA:152,0
DA:153,0
LF:35
LH:0
BRDA:15,0,0,0
BRDA:15,0,1,0
BRDA:36,1,0,0
BRDA:36,1,1,0
BRDA:43,2,0,0
BRDA:43,2,1,0
BRDA:49,3,0,0
BRDA:49,3,1,0
BRDA:82,4,0,0
BRDA:82,4,1,0
BRDA:104,5,0,0
BRDA:104,5,1,0
BRDA:111,6,0,0
BRDA:111,6,1,0
BRDA:138,7,0,0
BRDA:138,7,1,0
BRF:16
BRH:0
end_of_record
TN:
SF:app\api\staff\invitations\route.ts
FN:10,GET
FN:65,DELETE
FNF:2
FNH:0
FNDA:0,GET
FNDA:0,DELETE
DA:6,0
DA:11,0
DA:12,0
DA:14,0
DA:15,0
DA:18,0
DA:19,0
DA:21,0
DA:24,0
DA:31,0
DA:32,0
DA:36,0
DA:46,0
DA:49,0
DA:51,0
DA:52,0
DA:58,0
DA:66,0
DA:67,0
DA:69,0
DA:70,0
DA:73,0
DA:76,0
DA:90,0
DA:91,0
DA:94,0
DA:95,0
DA:99,0
DA:100,0
DA:101,0
DA:105,0
DA:109,0
DA:112,0
DA:113,0
LF:34
LH:0
BRDA:14,0,0,0
BRDA:14,0,1,0
BRDA:31,1,0,0
BRDA:31,1,1,0
BRDA:51,2,0,0
BRDA:51,2,1,0
BRDA:69,3,0,0
BRDA:69,3,1,0
BRDA:90,4,0,0
BRDA:90,4,1,0
BRDA:94,5,0,0
BRDA:94,5,1,0
BRDA:100,6,0,0
BRDA:100,6,1,0
BRF:14
BRH:0
end_of_record
TN:
SF:app\api\staff\invite\route.ts
FN:21,POST
FNF:1
FNH:0
FNDA:0,POST
DA:7,0
DA:22,0
DA:23,0
DA:25,0
DA:26,0
DA:29,0
DA:30,0
DA:33,0
DA:44,0
DA:45,0
DA:49,0
DA:53,0
DA:55,0
DA:62,0
DA:63,0
DA:71,0
DA:79,0
DA:80,0
DA:87,0
DA:88,0
DA:91,0
DA:102,0
DA:117,0
DA:124,0
DA:135,0
DA:137,0
DA:138,0
DA:145,0
DA:146,0
DA:148,0
DA:149,0
DA:150,0
DA:158,0
LF:33
LH:0
BRDA:25,0,0,0
BRDA:25,0,1,0
BRDA:44,1,0,0
BRDA:44,1,1,0
BRDA:53,2,0,0
BRDA:53,2,1,0
BRDA:62,3,0,0
BRDA:62,3,1,0
BRDA:79,4,0,0
BRDA:79,4,1,0
BRDA:137,5,0,0
BRDA:137,5,1,0
BRDA:145,6,0,0
BRDA:145,6,1,0
BRDA:145,7,0,0
BRDA:145,7,1,0
BRDA:145,7,2,0
BRDA:146,8,0,0
BRDA:146,8,1,0
BRDA:149,9,0,0
BRDA:149,9,1,0
BRF:21
BRH:0
end_of_record
TN:
SF:app\api\staff\invite\accept\route.ts
FN:11,POST
FNF:1
FNH:0
FNDA:0,POST
DA:5,0
DA:12,0
DA:13,0
DA:14,0
DA:16,0
DA:17,0
DA:23,0
DA:25,0
DA:27,0
DA:37,0
DA:39,0
DA:40,0
DA:42,0
DA:43,0
DA:46,0
LF:15
LH:0
BRDA:16,0,0,0
BRDA:16,0,1,0
BRDA:39,1,0,0
BRDA:39,1,1,0
BRDA:42,2,0,0
BRDA:42,2,1,0
BRDA:42,3,0,0
BRDA:42,3,1,0
BRDA:42,3,2,0
BRF:9
BRH:0
end_of_record
TN:
SF:app\api\staff\invite\verify\route.ts
FN:4,GET
FNF:1
FNH:0
FNDA:0,GET
DA:5,0
DA:6,0
DA:7,0
DA:9,0
DA:10,0
DA:16,0
DA:18,0
DA:20,0
DA:22,0
DA:23,0
DA:25,0
LF:11
LH:0
BRDA:9,0,0,0
BRDA:9,0,1,0
BRDA:22,1,0,0
BRDA:22,1,1,0
BRDA:23,2,0,0
BRDA:23,2,1,0
BRF:6
BRH:0
end_of_record
TN:
SF:app\api\transactions\route.ts
FN:31,GET
FN:60,(anonymous_1)
FN:126,(anonymous_2)
FN:178,getTransactionById
FN:186,(anonymous_4)
FNF:5
FNH:0
FNDA:0,GET
FNDA:0,(anonymous_1)
FNDA:0,(anonymous_2)
FNDA:0,getTransactionById
FNDA:0,(anonymous_4)
DA:15,0
DA:32,0
DA:33,0
DA:34,0
DA:35,0
DA:38,0
DA:39,0
DA:42,0
DA:43,0
DA:46,0
DA:47,0
DA:48,0
DA:51,0
DA:56,0
DA:57,0
DA:60,0
DA:64,0
DA:65,0
DA:66,0
DA:68,0
DA:72,0
DA:80,0
DA:81,0
DA:82,0
DA:83,0
DA:86,0
DA:126,0
DA:150,0
DA:158,0
DA:160,0
DA:161,0
DA:167,0
DA:179,0
DA:181,0
DA:186,0
DA:189,0
DA:196,0
DA:197,0
DA:201,0
DA:203,0
DA:212,0
DA:213,0
LF:42
LH:0
BRDA:34,0,0,0
BRDA:34,0,1,0
BRDA:42,1,0,0
BRDA:42,1,1,0
BRDA:43,2,0,0
BRDA:43,2,1,0
BRDA:46,3,0,0
BRDA:46,3,1,0
BRDA:47,4,0,0
BRDA:47,4,1,0
BRDA:56,5,0,0
BRDA:56,5,1,0
BRDA:64,6,0,0
BRDA:64,6,1,0
BRDA:65,7,0,0
BRDA:65,7,1,0
BRDA:73,8,0,0
BRDA:73,8,1,0
BRDA:80,9,0,0
BRDA:80,9,1,0
BRDA:81,10,0,0
BRDA:81,10,1,0
BRDA:82,11,0,0
BRDA:82,11,1,0
BRDA:83,12,0,0
BRDA:83,12,1,0
BRDA:147,13,0,0
BRDA:147,13,1,0
BRDA:160,14,0,0
BRDA:160,14,1,0
BRDA:196,15,0,0
BRDA:196,15,1,0
BRF:32
BRH:0
end_of_record
TN:
SF:app\api\user\businesses\route.ts
FN:6,GET
FN:28,(anonymous_1)
FNF:2
FNH:0
FNDA:0,GET
FNDA:0,(anonymous_1)
DA:7,0
DA:8,0
DA:9,0
DA:10,0
DA:13,0
DA:28,0
DA:35,0
DA:37,0
DA:38,0
LF:9
LH:0
BRDA:9,0,0,0
BRDA:9,0,1,0
BRF:2
BRH:0
end_of_record
TN:
SF:app\api\websocket\route.ts
FN:14,GET
FN:95,broadcastAppointmentChange
FNF:2
FNH:0
FNDA:0,GET
FNDA:0,broadcastAppointmentChange
DA:15,0
DA:17,0
DA:18,0
DA:19,0
DA:23,0
DA:24,0
DA:25,0
DA:27,0
DA:28,0
DA:35,0
DA:42,0
DA:43,0
DA:51,0
DA:62,0
DA:63,0
DA:101,0
LF:16
LH:0
BRDA:18,0,0,0
BRDA:18,0,1,0
BRDA:27,1,0,0
BRDA:27,1,1,0
BRDA:27,2,0,0
BRDA:27,2,1,0
BRDA:42,3,0,0
BRDA:42,3,1,0
BRF:8
BRH:0
end_of_record
TN:
SF:app\auth\signin\page.tsx
FN:10,SignInPage
FNF:1
FNH:0
FNDA:0,SignInPage
DA:5,0
DA:11,0
LF:2
LH:0
BRF:0
BRH:0
end_of_record
TN:
SF:app\auth\signup\page.tsx
FN:5,SignUpPage
FNF:1
FNH:0
FNDA:0,SignUpPage
DA:6,0
DA:25,0
LF:2
LH:0
BRF:0
BRH:0
end_of_record
TN:
SF:app\auth\staff-invite\page.tsx
FN:4,StaffInvitePage
FNF:1
FNH:0
FNDA:0,StaffInvitePage
DA:5,0
LF:1
LH:0
BRF:0
BRH:0
end_of_record
TN:
SF:app\auth\staff-invite\staff-invite-form.tsx
FN:27,(anonymous_0)
FN:59,StaffInviteForm
FN:79,(anonymous_2)
FN:89,(anonymous_3)
FN:113,(anonymous_4)
FN:139,(anonymous_5)
FN:152,(anonymous_6)
FN:165,(anonymous_7)
FN:193,(anonymous_8)
FN:293,(anonymous_9)
FN:310,(anonymous_10)
FN:327,(anonymous_11)
FNF:12
FNH:0
FNDA:0,(anonymous_0)
FNDA:0,StaffInviteForm
FNDA:0,(anonymous_2)
FNDA:0,(anonymous_3)
FNDA:0,(anonymous_4)
FNDA:0,(anonymous_5)
FNDA:0,(anonymous_6)
FNDA:0,(anonymous_7)
FNDA:0,(anonymous_8)
FNDA:0,(anonymous_9)
FNDA:0,(anonymous_10)
FNDA:0,(anonymous_11)
DA:23,0
DA:27,0
DA:60,0
DA:61,0
DA:62,0
DA:64,0
DA:65,0
DA:66,0
DA:67,0
DA:68,0
DA:70,0
DA:79,0
DA:80,0
DA:81,0
DA:82,0
DA:83,0
DA:86,0
DA:89,0
DA:90,0
DA:91,0
DA:93,0
DA:94,0
DA:95,0
DA:98,0
DA:99,0
DA:102,0
DA:103,0
DA:106,0
DA:107,0
DA:109,0
DA:113,0
DA:114,0
DA:116,0
DA:117,0
DA:119,0
DA:131,0
DA:132,0
DA:133,0
DA:136,0
DA:139,0
DA:140,0
DA:143,0
DA:144,0
DA:148,0
DA:152,0
DA:153,0
DA:155,0
DA:157,0
DA:159,0
DA:161,0
DA:165,0
DA:166,0
DA:168,0
DA:170,0
DA:172,0
DA:174,0
DA:178,0
DA:179,0
DA:186,0
DA:187,0
DA:193,0
DA:201,0
DA:202,0
DA:218,0
DA:219,0
DA:230,0
DA:294,0
DA:311,0
DA:328,0
LF:69
LH:0
BRDA:80,0,0,0
BRDA:80,0,1,0
BRDA:93,1,0,0
BRDA:93,1,1,0
BRDA:95,2,0,0
BRDA:95,2,1,0
BRDA:102,3,0,0
BRDA:102,3,1,0
BRDA:107,4,0,0
BRDA:107,4,1,0
BRDA:114,5,0,0
BRDA:114,5,1,0
BRDA:131,6,0,0
BRDA:131,6,1,0
BRDA:133,7,0,0
BRDA:133,7,1,0
BRDA:145,8,0,0
BRDA:145,8,1,0
BRDA:153,9,0,0
BRDA:153,9,1,0
BRDA:153,9,2,0
BRDA:153,9,3,0
BRDA:166,10,0,0
BRDA:166,10,1,0
BRDA:166,10,2,0
BRDA:166,10,3,0
BRDA:178,11,0,0
BRDA:178,11,1,0
BRDA:186,12,0,0
BRDA:186,12,1,0
BRDA:201,13,0,0
BRDA:201,13,1,0
BRDA:218,14,0,0
BRDA:218,14,1,0
BRDA:248,15,0,0
BRDA:248,15,1,0
BRDA:263,16,0,0
BRDA:263,16,1,0
BRDA:338,17,0,0
BRDA:338,17,1,0
BRDA:345,18,0,0
BRDA:345,18,1,0
BRF:42
BRH:0
end_of_record
TN:
SF:app\book\[businessId]\layout.tsx
FN:11,generateMetadata
FN:32,BookingLayout
FNF:2
FNH:0
FNDA:0,generateMetadata
FNDA:0,BookingLayout
DA:16,0
DA:17,0
DA:19,0
DA:25,0
DA:36,0
DA:37,0
DA:39,0
DA:43,0
LF:8
LH:0
BRF:0
BRH:0
end_of_record
TN:
SF:app\book\[businessId]\page.tsx
FN:10,BookingPage
FN:34,BookingLoadingSkeleton
FN:47,(anonymous_2)
FNF:3
FNH:0
FNDA:0,BookingPage
FNDA:0,BookingLoadingSkeleton
FNDA:0,(anonymous_2)
DA:11,0
DA:12,0
DA:14,0
DA:30,0
DA:35,0
DA:48,0
LF:6
LH:0
BRF:0
BRH:0
end_of_record
TN:
SF:app\booking\[id]\page.tsx
FN:8,BookingManagementPage
FN:23,(anonymous_1)
FNF:2
FNH:0
FNDA:0,BookingManagementPage
FNDA:0,(anonymous_1)
DA:9,0
DA:10,0
DA:11,0
DA:13,0
DA:23,0
LF:5
LH:0
BRF:0
BRH:0
end_of_record
TN:
SF:app\dashboard\page.tsx
FN:15,DashboardRedirect
FNF:1
FNH:0
FNDA:0,DashboardRedirect
DA:16,0
DA:19,0
DA:20,0
DA:23,0
DA:25,0
DA:44,0
DA:46,0
DA:47,0
DA:51,0
DA:54,0
DA:57,0
DA:58,0
DA:64,0
LF:13
LH:0
BRDA:19,0,0,0
BRDA:19,0,1,0
BRDA:46,1,0,0
BRDA:46,1,1,0
BRDA:57,2,0,0
BRDA:57,2,1,0
BRDA:57,3,0,0
BRDA:57,3,1,0
BRF:8
BRH:0
end_of_record
TN:
SF:app\dashboard\[businessSlug]\business-dashboard.tsx
FN:53,BusinessDashboard
FN:60,(anonymous_1)
FN:105,DashboardContent
FN:126,(anonymous_3)
FN:149,(anonymous_4)
FN:152,(anonymous_5)
FNF:6
FNH:0
FNDA:0,BusinessDashboard
FNDA:0,(anonymous_1)
FNDA:0,DashboardContent
FNDA:0,(anonymous_3)
FNDA:0,(anonymous_4)
FNDA:0,(anonymous_5)
DA:59,0
DA:61,0
DA:72,0
DA:114,0
DA:119,0
DA:126,0
DA:148,0
DA:150,0
DA:153,0
DA:160,0
LF:10
LH:0
BRDA:126,0,0,0
BRDA:126,0,1,0
BRDA:137,1,0,0
BRDA:137,1,1,0
BRDA:139,2,0,0
BRDA:139,2,1,0
BRDA:141,3,0,0
BRDA:141,3,1,0
BRDA:153,4,0,0
BRDA:153,4,1,0
BRDA:153,4,2,0
BRDA:153,4,3,0
BRDA:174,5,0,0
BRDA:174,5,1,0
BRDA:176,6,0,0
BRDA:176,6,1,0
BRDA:180,7,0,0
BRDA:180,7,1,0
BRDA:182,8,0,0
BRDA:182,8,1,0
BRDA:201,9,0,0
BRDA:201,9,1,0
BRDA:203,10,0,0
BRDA:203,10,1,0
BRDA:223,11,0,0
BRDA:223,11,1,0
BRDA:225,12,0,0
BRDA:225,12,1,0
BRDA:245,13,0,0
BRDA:245,13,1,0
BRDA:247,14,0,0
BRDA:247,14,1,0
BRF:32
BRH:0
end_of_record
TN:
SF:app\dashboard\[businessSlug]\page.tsx
FN:22,BusinessDashboardPage
FNF:1
FNH:0
FNDA:0,BusinessDashboardPage
DA:25,0
DA:28,0
DA:29,0
DA:32,0
DA:34,0
DA:50,0
DA:51,0
DA:55,0
DA:65,0
DA:66,0
DA:69,0
DA:74,0
DA:76,0
DA:86,0
LF:14
LH:0
BRDA:28,0,0,0
BRDA:28,0,1,0
BRDA:50,1,0,0
BRDA:50,1,1,0
BRDA:65,2,0,0
BRDA:65,2,1,0
BRDA:80,3,0,0
BRDA:80,3,1,0
BRDA:80,3,2,0
BRF:9
BRH:0
end_of_record
TN:
SF:app\dashboard\[businessSlug]\analytics\analytics-dashboard.tsx
FN:37,AnalyticsDashboard
FN:44,(anonymous_1)
FN:78,AnalyticsContent
FN:87,(anonymous_3)
FN:93,(anonymous_4)
FN:100,(anonymous_5)
FN:115,(anonymous_6)
FN:121,(anonymous_7)
FN:134,(anonymous_8)
FN:178,(anonymous_9)
FN:182,(anonymous_10)
FNF:11
FNH:0
FNDA:0,AnalyticsDashboard
FNDA:0,(anonymous_1)
FNDA:0,AnalyticsContent
FNDA:0,(anonymous_3)
FNDA:0,(anonymous_4)
FNDA:0,(anonymous_5)
FNDA:0,(anonymous_6)
FNDA:0,(anonymous_7)
FNDA:0,(anonymous_8)
FNDA:0,(anonymous_9)
FNDA:0,(anonymous_10)
DA:43,0
DA:45,0
DA:56,0
DA:79,0
DA:85,0
DA:87,0
DA:90,0
DA:93,0
DA:94,0
DA:99,0
DA:100,0
DA:104,0
DA:114,0
DA:116,0
DA:120,0
DA:121,0
DA:125,0
DA:129,0
DA:131,0
DA:134,0
DA:140,0
DA:179,0
DA:183,0
LF:23
LH:0
BRDA:99,0,0,0
BRDA:99,0,1,0
BRDA:104,1,0,0
BRDA:104,1,1,0
BRDA:114,2,0,0
BRDA:114,2,1,0
BRDA:120,3,0,0
BRDA:120,3,1,0
BRDA:125,4,0,0
BRDA:125,4,1,0
BRDA:131,5,0,0
BRDA:131,5,1,0
BRDA:194,6,0,0
BRDA:194,6,1,0
BRDA:239,7,0,0
BRDA:239,7,1,0
BRDA:239,8,0,0
BRDA:239,8,1,0
BRDA:240,9,0,0
BRDA:240,9,1,0
BRDA:242,10,0,0
BRDA:242,10,1,0
BRDA:274,11,0,0
BRDA:274,11,1,0
BRDA:277,12,0,0
BRDA:277,12,1,0
BRDA:302,13,0,0
BRDA:302,13,1,0
BRDA:311,14,0,0
BRDA:311,14,1,0
BRDA:312,15,0,0
BRDA:312,15,1,0
BRDA:320,16,0,0
BRDA:320,16,1,0
BRDA:322,17,0,0
BRDA:322,17,1,0
BRF:36
BRH:0
end_of_record
TN:
SF:app\dashboard\[businessSlug]\analytics\page.tsx
FN:22,AnalyticsDashboardPage
FNF:1
FNH:0
FNDA:0,AnalyticsDashboardPage
DA:25,0
DA:28,0
DA:29,0
DA:32,0
DA:34,0
DA:52,0
DA:54,0
DA:55,0
DA:58,0
DA:61,0
DA:62,0
DA:65,0
DA:75,0
DA:76,0
LF:14
LH:0
BRDA:28,0,0,0
BRDA:28,0,1,0
BRDA:52,1,0,0
BRDA:52,1,1,0
BRDA:54,2,0,0
BRDA:54,2,1,0
BRDA:54,3,0,0
BRDA:54,3,1,0
BRDA:61,4,0,0
BRDA:61,4,1,0
BRDA:69,5,0,0
BRDA:69,5,1,0
BRF:12
BRH:0
end_of_record
TN:
SF:app\dashboard\[businessSlug]\appointments\page.tsx
FN:12,AppointmentsPage
FNF:1
FNH:0
FNDA:0,AppointmentsPage
DA:15,0
DA:17,0
DA:18,0
DA:22,0
DA:32,0
DA:33,0
DA:36,0
DA:38,0
LF:8
LH:0
BRDA:17,0,0,0
BRDA:17,0,1,0
BRDA:32,1,0,0
BRDA:32,1,1,0
BRDA:32,2,0,0
BRDA:32,2,1,0
BRDA:36,3,0,0
BRDA:36,3,1,0
BRDA:42,4,0,0
BRDA:42,4,1,0
BRDA:42,4,2,0
BRF:11
BRH:0
end_of_record
TN:
SF:app\dashboard\[businessSlug]\appointments\book\page.tsx
FN:14,BookAppointmentPage
FNF:1
FNH:0
FNDA:0,BookAppointmentPage
DA:17,0
DA:19,0
DA:20,0
DA:24,0
DA:34,0
DA:35,0
DA:38,0
DA:40,0
LF:8
LH:0
BRDA:19,0,0,0
BRDA:19,0,1,0
BRDA:34,1,0,0
BRDA:34,1,1,0
BRDA:34,2,0,0
BRDA:34,2,1,0
BRDA:38,3,0,0
BRDA:38,3,1,0
BRDA:44,4,0,0
BRDA:44,4,1,0
BRDA:44,4,2,0
BRF:11
BRH:0
end_of_record
TN:
SF:app\dashboard\[businessSlug]\appointments\calendar\page.tsx
FN:22,AppointmentCalendarPage
FNF:1
FNH:0
FNDA:0,AppointmentCalendarPage
DA:25,0
DA:27,0
DA:28,0
DA:32,0
DA:60,0
DA:61,0
DA:64,0
DA:66,0
LF:8
LH:0
BRDA:27,0,0,0
BRDA:27,0,1,0
BRDA:60,1,0,0
BRDA:60,1,1,0
BRDA:60,2,0,0
BRDA:60,2,1,0
BRDA:64,3,0,0
BRDA:64,3,1,0
BRDA:70,4,0,0
BRDA:70,4,1,0
BRDA:70,4,2,0
BRF:11
BRH:0
end_of_record
TN:
SF:app\dashboard\[businessSlug]\clients\page.tsx
FN:12,ClientsPage
FNF:1
FNH:0
FNDA:0,ClientsPage
DA:13,0
DA:15,0
DA:16,0
DA:20,0
DA:30,0
DA:31,0
DA:34,0
DA:36,0
LF:8
LH:0
BRDA:15,0,0,0
BRDA:15,0,1,0
BRDA:30,1,0,0
BRDA:30,1,1,0
BRDA:30,2,0,0
BRDA:30,2,1,0
BRDA:34,3,0,0
BRDA:34,3,1,0
BRDA:40,4,0,0
BRDA:40,4,1,0
BRDA:40,4,2,0
BRF:11
BRH:0
end_of_record
TN:
SF:app\dashboard\[businessSlug]\payments\page.tsx
FN:18,PaymentsPage
FNF:1
FNH:0
FNDA:0,PaymentsPage
DA:19,0
DA:21,0
DA:22,0
DA:26,0
DA:36,0
DA:37,0
DA:40,0
DA:42,0
LF:8
LH:0
BRDA:21,0,0,0
BRDA:21,0,1,0
BRDA:36,1,0,0
BRDA:36,1,1,0
BRDA:36,2,0,0
BRDA:36,2,1,0
BRDA:40,3,0,0
BRDA:40,3,1,0
BRDA:46,4,0,0
BRDA:46,4,1,0
BRDA:46,4,2,0
BRF:11
BRH:0
end_of_record
TN:
SF:app\dashboard\[businessSlug]\payments\pos\page.tsx
FN:14,POSPage
FNF:1
FNH:0
FNDA:0,POSPage
DA:15,0
DA:17,0
DA:18,0
DA:22,0
DA:32,0
DA:33,0
DA:36,0
DA:38,0
LF:8
LH:0
BRDA:17,0,0,0
BRDA:17,0,1,0
BRDA:32,1,0,0
BRDA:32,1,1,0
BRDA:32,2,0,0
BRDA:32,2,1,0
BRDA:36,3,0,0
BRDA:36,3,1,0
BRDA:42,4,0,0
BRDA:42,4,1,0
BRDA:42,4,2,0
BRF:11
BRH:0
end_of_record
TN:
SF:app\dashboard\[businessSlug]\payments\reports\page.tsx
FN:14,FinancialReportsPage
FNF:1
FNH:0
FNDA:0,FinancialReportsPage
DA:17,0
DA:19,0
DA:20,0
DA:24,0
DA:34,0
DA:35,0
DA:38,0
DA:40,0
LF:8
LH:0
BRDA:19,0,0,0
BRDA:19,0,1,0
BRDA:34,1,0,0
BRDA:34,1,1,0
BRDA:34,2,0,0
BRDA:34,2,1,0
BRDA:38,3,0,0
BRDA:38,3,1,0
BRDA:44,4,0,0
BRDA:44,4,1,0
BRDA:44,4,2,0
BRF:11
BRH:0
end_of_record
TN:
SF:app\dashboard\[businessSlug]\payments\transactions\page.tsx
FN:14,TransactionsPage
FNF:1
FNH:0
FNDA:0,TransactionsPage
DA:17,0
DA:19,0
DA:20,0
DA:24,0
DA:34,0
DA:35,0
DA:38,0
DA:40,0
LF:8
LH:0
BRDA:19,0,0,0
BRDA:19,0,1,0
BRDA:34,1,0,0
BRDA:34,1,1,0
BRDA:34,2,0,0
BRDA:34,2,1,0
BRDA:38,3,0,0
BRDA:38,3,1,0
BRDA:44,4,0,0
BRDA:44,4,1,0
BRDA:44,4,2,0
BRF:11
BRH:0
end_of_record
TN:
SF:app\dashboard\[businessSlug]\services\page.tsx
FN:12,ServicesPage
FNF:1
FNH:0
FNDA:0,ServicesPage
DA:13,0
DA:15,0
DA:16,0
DA:20,0
DA:30,0
DA:31,0
DA:34,0
DA:36,0
LF:8
LH:0
BRDA:15,0,0,0
BRDA:15,0,1,0
BRDA:30,1,0,0
BRDA:30,1,1,0
BRDA:30,2,0,0
BRDA:30,2,1,0
BRDA:34,3,0,0
BRDA:34,3,1,0
BRDA:40,4,0,0
BRDA:40,4,1,0
BRDA:40,4,2,0
BRF:11
BRH:0
end_of_record
TN:
SF:app\dashboard\[businessSlug]\settings\page.tsx
FN:12,SettingsPage
FNF:1
FNH:0
FNDA:0,SettingsPage
DA:13,0
DA:15,0
DA:16,0
DA:20,0
DA:30,0
DA:31,0
DA:34,0
DA:36,0
LF:8
LH:0
BRDA:15,0,0,0
BRDA:15,0,1,0
BRDA:30,1,0,0
BRDA:30,1,1,0
BRDA:30,2,0,0
BRDA:30,2,1,0
BRDA:34,3,0,0
BRDA:34,3,1,0
BRDA:40,4,0,0
BRDA:40,4,1,0
BRDA:40,4,2,0
BRF:11
BRH:0
end_of_record
TN:
SF:app\dashboard\[businessSlug]\staff\page.tsx
FN:12,StaffPage
FNF:1
FNH:0
FNDA:0,StaffPage
DA:13,0
DA:15,0
DA:16,0
DA:20,0
DA:30,0
DA:31,0
DA:34,0
DA:36,0
LF:8
LH:0
BRDA:15,0,0,0
BRDA:15,0,1,0
BRDA:30,1,0,0
BRDA:30,1,1,0
BRDA:30,2,0,0
BRDA:30,2,1,0
BRDA:34,3,0,0
BRDA:34,3,1,0
BRDA:40,4,0,0
BRDA:40,4,1,0
BRDA:40,4,2,0
BRF:11
BRH:0
end_of_record
TN:
SF:app\debug\page.tsx
FN:6,DebugPage
FNF:1
FNH:0
FNDA:0,DebugPage
DA:7,0
DA:9,0
DA:10,0
DA:14,0
DA:23,0
LF:5
LH:0
BRDA:9,0,0,0
BRDA:9,0,1,0
BRF:2
BRH:0
end_of_record
TN:
SF:app\debug\auth\page.tsx
FN:4,AuthDebugPage
FNF:1
FNH:0
FNDA:0,AuthDebugPage
DA:5,0
DA:7,0
DA:8,0
DA:17,0
DA:29,0
DA:36,0
DA:43,0
LF:7
LH:0
BRDA:7,0,0,0
BRDA:7,0,1,0
BRF:2
BRH:0
end_of_record
TN:
SF:app\debug\database\page.tsx
FN:5,DatabaseDebugPage
FN:85,(anonymous_1)
FN:122,(anonymous_2)
FN:149,(anonymous_3)
FN:198,(anonymous_4)
FNF:5
FNH:0
FNDA:0,DatabaseDebugPage
FNDA:0,(anonymous_1)
FNDA:0,(anonymous_2)
FNDA:0,(anonymous_3)
FNDA:0,(anonymous_4)
DA:6,0
DA:8,0
DA:9,0
DA:13,0
DA:23,0
DA:38,0
DA:52,0
DA:86,0
DA:123,0
DA:150,0
DA:199,0
LF:11
LH:0
BRDA:8,0,0,0
BRDA:8,0,1,0
BRDA:78,1,0,0
BRDA:78,1,1,0
BRDA:116,2,0,0
BRDA:116,2,1,0
BRDA:164,3,0,0
BRDA:164,3,1,0
BRDA:175,4,0,0
BRDA:175,4,1,0
BRF:10
BRH:0
end_of_record
TN:
SF:app\design-system\page.tsx
FN:18,ThemeToggle
FN:25,(anonymous_1)
FN:45,ColorSwatch
FN:48,(anonymous_3)
FN:52,(anonymous_4)
FN:99,DesignSystemContent
FN:104,(anonymous_6)
FN:112,(anonymous_7)
FN:114,(anonymous_8)
FN:724,DesignSystemPage
FNF:10
FNH:0
FNDA:0,ThemeToggle
FNDA:0,(anonymous_1)
FNDA:0,ColorSwatch
FNDA:0,(anonymous_3)
FNDA:0,(anonymous_4)
FNDA:0,DesignSystemContent
FNDA:0,(anonymous_6)
FNDA:0,(anonymous_7)
FNDA:0,(anonymous_8)
FNDA:0,DesignSystemPage
DA:19,0
DA:21,0
DA:25,0
DA:46,0
DA:48,0
DA:49,0
DA:50,0
DA:51,0
DA:52,0
DA:54,0
DA:58,0
DA:100,0
DA:101,0
DA:104,0
DA:105,0
DA:108,0
DA:109,0
DA:112,0
DA:113,0
DA:114,0
DA:117,0
DA:725,0
LF:22
LH:0
BRDA:25,0,0,0
BRDA:25,0,1,0
BRDA:71,1,0,0
BRDA:71,1,1,0
BRDA:85,2,0,0
BRDA:85,2,1,0
BRDA:90,3,0,0
BRDA:90,3,1,0
BRDA:108,4,0,0
BRDA:108,4,1,0
BRDA:404,5,0,0
BRDA:404,5,1,0
BRDA:655,6,0,0
BRDA:655,6,1,0
BRF:14
BRH:0
end_of_record
TN:
SF:app\design-system\accessibility-test\page.tsx
FN:16,ContrastResultBadge
FN:32,ThemeAccessibilityResults
FN:56,(anonymous_2)
FN:76,(anonymous_3)
FN:86,AccessibilityTestPage
FN:92,(anonymous_5)
FN:105,(anonymous_6)
FN:186,(anonymous_7)
FN:244,(anonymous_8)
FN:254,(anonymous_9)
FN:289,(anonymous_10)
FN:299,(anonymous_11)
FNF:12
FNH:0
FNDA:0,ContrastResultBadge
FNDA:0,ThemeAccessibilityResults
FNDA:0,(anonymous_2)
FNDA:0,(anonymous_3)
FNDA:0,AccessibilityTestPage
FNDA:0,(anonymous_5)
FNDA:0,(anonymous_6)
FNDA:0,(anonymous_7)
FNDA:0,(anonymous_8)
FNDA:0,(anonymous_9)
[...]
TN:
SF:lib\services\service-duration-validator.ts
FN:42,(anonymous_0)
FN:105,(anonymous_1)
FN:140,(anonymous_2)
FN:187,(anonymous_3)
FN:248,(anonymous_4)
FN:305,(anonymous_5)
FN:355,(anonymous_6)
FN:407,(anonymous_7)
FN:430,(anonymous_8)
FNF:9
FNH:0
FNDA:0,(anonymous_0)
FNDA:0,(anonymous_1)
FNDA:0,(anonymous_2)
FNDA:0,(anonymous_3)
FNDA:0,(anonymous_4)
FNDA:0,(anonymous_5)
FNDA:0,(anonymous_6)
FNDA:0,(anonymous_7)
FNDA:0,(anonymous_8)
DA:35,0
DA:36,0
DA:48,0
DA:50,0
DA:52,0
DA:53,0
DA:62,0
DA:67,0
DA:69,0
DA:71,0
DA:77,0
DA:78,0
DA:81,0
DA:89,0
DA:91,0
DA:92,0
DA:109,0
DA:110,0
DA:112,0
DA:113,0
DA:118,0
DA:119,0
DA:123,0
DA:124,0
DA:126,0
DA:129,0
DA:131,0
DA:132,0
DA:145,0
DA:146,0
DA:148,0
DA:152,0
DA:154,0
DA:160,0
DA:161,0
DA:164,0
DA:171,0
DA:173,0
DA:174,0
DA:191,0
DA:193,0
DA:194,0
DA:211,0
DA:212,0
DA:221,0
DA:229,0
DA:230,0
DA:233,0
DA:239,0
DA:240,0
DA:255,0
DA:256,0
DA:257,0
DA:259,0
DA:260,0
DA:261,0
DA:264,0
DA:265,0
DA:266,0
DA:269,0
DA:270,0
DA:272,0
DA:275,0
DA:284,0
DA:285,0
DA:288,0
DA:290,0
DA:294,0
DA:296,0
DA:297,0
DA:311,0
DA:312,0
DA:313,0
DA:314,0
DA:315,0
DA:318,0
DA:319,0
DA:320,0
DA:322,0
DA:323,0
DA:325,0
DA:328,0
DA:335,0
DA:336,0
DA:338,0
DA:340,0
DA:344,0
DA:346,0
DA:347,0
DA:359,0
DA:361,0
DA:370,0
DA:371,0
DA:378,0
DA:383,0
DA:384,0
DA:385,0
DA:386,0
DA:388,0
DA:389,0
DA:396,0
DA:398,0
DA:399,0
DA:414,0
DA:415,0
DA:417,0
DA:437,0
DA:440,0
DA:441,0
DA:443,0
DA:444,0
DA:446,0
DA:447,0
DA:450,0
DA:452,0
DA:453,0
DA:456,0
DA:457,0
DA:465,0
DA:468,0
LF:120
LH:0
BRDA:52,0,0,0
BRDA:52,0,1,0
BRDA:67,1,0,0
BRDA:67,1,1,0
BRDA:77,2,0,0
BRDA:77,2,1,0
BRDA:118,3,0,0
BRDA:118,3,1,0
BRDA:123,4,0,0
BRDA:123,4,1,0
BRDA:124,5,0,0
BRDA:124,5,1,0
BRDA:160,6,0,0
BRDA:160,6,1,0
BRDA:193,7,0,0
BRDA:193,7,1,0
BRDA:211,8,0,0
BRDA:211,8,1,0
BRDA:214,9,0,0
BRDA:214,9,1,0
BRDA:229,10,0,0
BRDA:229,10,1,0
BRDA:253,11,0,0
BRDA:257,12,0,0
BRDA:257,12,1,0
BRDA:264,13,0,0
BRDA:264,13,1,0
BRDA:272,14,0,0
BRDA:272,14,1,0
BRDA:285,15,0,0
BRDA:285,15,1,0
BRDA:288,16,0,0
BRDA:288,16,1,0
BRDA:288,17,0,0
BRDA:288,17,1,0
BRDA:309,18,0,0
BRDA:318,19,0,0
BRDA:318,19,1,0
BRDA:325,20,0,0
BRDA:325,20,1,0
BRDA:336,21,0,0
BRDA:336,21,1,0
BRDA:338,22,0,0
BRDA:338,22,1,0
BRDA:338,23,0,0
BRDA:338,23,1,0
BRDA:370,24,0,0
BRDA:370,24,1,0
BRDA:370,25,0,0
BRDA:370,25,1,0
BRDA:370,25,2,0
BRDA:370,25,3,0
BRDA:383,26,0,0
BRDA:383,26,1,0
BRDA:388,27,0,0
BRDA:388,27,1,0
BRDA:415,28,0,0
BRDA:415,28,1,0
BRDA:418,29,0,0
BRDA:418,29,1,0
BRDA:456,30,0,0
BRDA:456,30,1,0
BRF:62
BRH:0
end_of_record
TN:
SF:lib\services\system-integration-manager.ts
FN:112,(anonymous_0)
FN:151,(anonymous_1)
FN:178,(anonymous_2)
FN:209,(anonymous_3)
FN:251,(anonymous_4)
FN:299,(anonymous_5)
FN:347,(anonymous_6)
FN:363,(anonymous_7)
FN:378,(anonymous_8)
FN:424,(anonymous_9)
FN:441,(anonymous_10)
FN:442,(anonymous_11)
FN:460,(anonymous_12)
FN:461,(anonymous_13)
FN:476,(anonymous_14)
FN:501,(anonymous_15)
FN:532,(anonymous_16)
FN:557,(anonymous_17)
FN:582,(anonymous_18)
FN:607,(anonymous_19)
FN:632,(anonymous_20)
FN:656,(anonymous_21)
FN:667,(anonymous_22)
FN:702,(anonymous_23)
FN:717,(anonymous_24)
FNF:25
FNH:0
FNDA:0,(anonymous_0)
FNDA:0,(anonymous_1)
FNDA:0,(anonymous_2)
FNDA:0,(anonymous_3)
FNDA:0,(anonymous_4)
FNDA:0,(anonymous_5)
FNDA:0,(anonymous_6)
FNDA:0,(anonymous_7)
FNDA:0,(anonymous_8)
FNDA:0,(anonymous_9)
FNDA:0,(anonymous_10)
FNDA:0,(anonymous_11)
FNDA:0,(anonymous_12)
FNDA:0,(anonymous_13)
FNDA:0,(anonymous_14)
FNDA:0,(anonymous_15)
FNDA:0,(anonymous_16)
FNDA:0,(anonymous_17)
FNDA:0,(anonymous_18)
FNDA:0,(anonymous_19)
FNDA:0,(anonymous_20)
FNDA:0,(anonymous_21)
FNDA:0,(anonymous_22)
FNDA:0,(anonymous_23)
FNDA:0,(anonymous_24)
DA:113,0
DA:114,0
DA:115,0
DA:116,0
DA:117,0
DA:119,0
DA:152,0
DA:153,0
DA:156,0
DA:157,0
DA:160,0
DA:161,0
DA:165,0
DA:167,0
DA:170,0
DA:171,0
DA:179,0
DA:180,0
DA:183,0
DA:184,0
DA:187,0
DA:188,0
DA:192,0
DA:194,0
DA:197,0
DA:218,0
DA:220,0
DA:222,0
DA:228,0
DA:229,0
DA:237,0
DA:239,0
DA:242,0
DA:243,0
DA:262,0
DA:264,0
DA:266,0
DA:273,0
DA:274,0
DA:276,0
DA:285,0
DA:287,0
DA:290,0
DA:291,0
DA:309,0
DA:311,0
DA:313,0
DA:320,0
DA:321,0
DA:329,0
DA:331,0
DA:334,0
DA:335,0
DA:348,0
DA:363,0
DA:365,0
DA:366,0
DA:367,0
DA:368,0
DA:371,0
DA:382,0
DA:384,0
DA:407,0
DA:422,0
DA:423,0
DA:424,0
DA:427,0
DA:430,0
DA:442,0
DA:443,0
DA:444,0
DA:446,0
DA:447,0
DA:452,0
DA:461,0
DA:462,0
DA:465,0
DA:468,0
DA:477,0
DA:479,0
DA:480,0
DA:482,0
DA:489,0
DA:502,0
DA:504,0
DA:505,0
DA:513,0
DA:520,0
DA:533,0
DA:535,0
DA:536,0
DA:538,0
DA:545,0
DA:558,0
DA:560,0
DA:561,0
DA:563,0
DA:570,0
DA:583,0
DA:585,0
DA:586,0
DA:588,0
DA:595,0
DA:608,0
DA:610,0
DA:611,0
DA:613,0
DA:620,0
DA:633,0
DA:635,0
DA:637,0
DA:644,0
DA:657,0
DA:658,0
DA:660,0
DA:668,0
DA:669,0
DA:680,0
DA:689,0
DA:703,0
DA:704,0
DA:707,0
DA:708,0
DA:711,0
DA:722,0
DA:724,0
DA:727,0
LF:127
LH:0
BRDA:160,0,0,0
BRDA:160,0,1,0
BRDA:183,1,0,0
BRDA:183,1,1,0
BRDA:187,2,0,0
BRDA:187,2,1,0
BRDA:228,3,0,0
BRDA:228,3,1,0
BRDA:228,4,0,0
BRDA:228,4,1,0
BRDA:228,4,2,0
BRDA:273,5,0,0
BRDA:273,5,1,0
BRDA:273,6,0,0
BRDA:273,6,1,0
BRDA:273,6,2,0
BRDA:302,7,0,0
BRDA:320,8,0,0
BRDA:320,8,1,0
BRDA:320,9,0,0
BRDA:320,9,1,0
BRDA:320,9,2,0
BRDA:365,10,0,0
BRDA:365,10,1,0
BRDA:365,11,0,0
BRDA:365,11,1,0
BRDA:367,12,0,0
BRDA:367,12,1,0
BRDA:430,13,0,0
BRDA:430,13,1,0
BRDA:446,14,0,0
BRDA:446,14,1,0
BRDA:492,15,0,0
BRDA:492,15,1,0
BRDA:523,16,0,0
BRDA:523,16,1,0
BRDA:548,17,0,0
BRDA:548,17,1,0
BRDA:573,18,0,0
BRDA:573,18,1,0
BRDA:598,19,0,0
BRDA:598,19,1,0
BRDA:623,20,0,0
BRDA:623,20,1,0
BRDA:647,21,0,0
BRDA:647,21,1,0
BRDA:680,22,0,0
BRDA:680,22,1,0
BRDA:703,23,0,0
BRDA:703,23,1,0
BRDA:703,24,0,0
BRDA:703,24,1,0
BRDA:707,25,0,0
BRDA:707,25,1,0
BRF:54
BRH:0
end_of_record
TN:
SF:lib\services\time-slot-analysis-engine.ts
FN:57,(anonymous_0)
FN:124,(anonymous_1)
FN:135,(anonymous_2)
FN:194,(anonymous_3)
FN:205,(anonymous_4)
FN:220,(anonymous_5)
FN:260,(anonymous_6)
FN:323,(anonymous_7)
FN:354,(anonymous_8)
FN:373,(anonymous_9)
FN:428,(anonymous_10)
FN:511,(anonymous_11)
FN:522,(anonymous_12)
FN:551,(anonymous_13)
FN:604,(anonymous_14)
FN:660,(anonymous_15)
FN:721,(anonymous_16)
FN:773,(anonymous_17)
FN:788,(anonymous_18)
FN:795,(anonymous_19)
FN:799,(anonymous_20)
FN:831,(anonymous_21)
FNF:22
FNH:0
FNDA:0,(anonymous_0)
FNDA:0,(anonymous_1)
FNDA:0,(anonymous_2)
FNDA:0,(anonymous_3)
FNDA:0,(anonymous_4)
FNDA:0,(anonymous_5)
FNDA:0,(anonymous_6)
FNDA:0,(anonymous_7)
FNDA:0,(anonymous_8)
FNDA:0,(anonymous_9)
FNDA:0,(anonymous_10)
FNDA:0,(anonymous_11)
FNDA:0,(anonymous_12)
FNDA:0,(anonymous_13)
FNDA:0,(anonymous_14)
FNDA:0,(anonymous_15)
FNDA:0,(anonymous_16)
FNDA:0,(anonymous_17)
FNDA:0,(anonymous_18)
FNDA:0,(anonymous_19)
FNDA:0,(anonymous_20)
FNDA:0,(anonymous_21)
DA:50,0
DA:51,0
DA:60,0
DA:61,0
DA:64,0
DA:65,0
DA:66,0
DA:69,0
DA:72,0
DA:73,0
DA:75,0
DA:76,0
DA:80,0
DA:82,0
DA:84,0
DA:86,0
DA:94,0
DA:95,0
DA:97,0
DA:104,0
DA:105,0
DA:112,0
DA:113,0
DA:124,0
DA:126,0
DA:127,0
DA:138,0
DA:139,0
DA:142,0
DA:145,0
DA:146,0
DA:148,0
DA:149,0
DA:153,0
DA:157,0
DA:159,0
DA:160,0
DA:167,0
DA:168,0
DA:169,0
DA:175,0
DA:176,0
DA:183,0
DA:184,0
DA:194,0
DA:196,0
DA:197,0
DA:211,0
DA:212,0
DA:220,0
DA:221,0
DA:224,0
DA:226,0
DA:228,0
DA:235,0
DA:236,0
DA:237,0
DA:239,0
DA:243,0
DA:245,0
DA:246,0
DA:264,0
DA:265,0
DA:266,0
DA:268,0
DA:269,0
DA:276,0
DA:277,0
DA:280,0
DA:281,0
DA:282,0
DA:283,0
DA:286,0
DA:287,0
DA:288,0
DA:289,0
DA:292,0
DA:293,0
DA:295,0
DA:296,0
DA:302,0
DA:303,0
DA:309,0
DA:311,0
DA:312,0
DA:329,0
DA:331,0
DA:333,0
DA:334,0
DA:338,0
DA:340,0
DA:342,0
DA:344,0
DA:345,0
DA:347,0
DA:348,0
DA:350,0
DA:351,0
DA:354,0
DA:355,0
DA:358,0
DA:360,0
DA:364,0
DA:373,0
DA:375,0
DA:377,0
DA:379,0
DA:380,0
DA:384,0
DA:385,0
DA:395,0
DA:399,0
DA:400,0
DA:404,0
DA:405,0
DA:417,0
DA:419,0
DA:420,0
DA:434,0
DA:436,0
DA:438,0
DA:471,0
DA:472,0
DA:473,0
DA:474,0
DA:476,0
DA:477,0
DA:487,0
DA:496,0
DA:497,0
DA:498,0
DA:499,0
DA:501,0
DA:502,0
DA:511,0
DA:513,0
DA:514,0
DA:527,0
DA:528,0
DA:530,0
DA:531,0
DA:533,0
DA:534,0
DA:541,0
DA:544,0
DA:555,0
DA:558,0
DA:567,0
DA:568,0
DA:569,0
DA:571,0
DA:572,0
DA:577,0
DA:597,0
DA:608,0
DA:609,0
DA:611,0
DA:612,0
DA:614,0
DA:617,0
DA:634,0
DA:637,0
DA:646,0
DA:647,0
DA:653,0
DA:664,0
DA:666,0
DA:667,0
DA:684,0
DA:685,0
DA:694,0
DA:702,0
DA:703,0
DA:706,0
DA:712,0
DA:713,0
DA:726,0
DA:727,0
DA:736,0
DA:737,0
DA:744,0
DA:749,0
DA:750,0
DA:751,0
DA:752,0
DA:754,0
DA:755,0
DA:762,0
DA:764,0
DA:765,0
DA:774,0
DA:788,0
DA:799,0
DA:802,0
DA:818,0
DA:820,0
DA:821,0
DA:822,0
DA:824,0
DA:828,0
DA:830,0
DA:831,0
DA:832,0
DA:833,0
DA:837,0
LF:205
LH:0
BRDA:61,0,0,0
BRDA:65,1,0,0
BRDA:65,1,1,0
BRDA:69,2,0,0
BRDA:69,2,1,0
BRDA:75,3,0,0
BRDA:75,3,1,0
BRDA:80,4,0,0
BRDA:80,4,1,0
BRDA:95,5,0,0
BRDA:95,5,1,0
BRDA:112,6,0,0
BRDA:112,6,1,0
BRDA:112,7,0,0
BRDA:112,7,1,0
BRDA:139,8,0,0
BRDA:148,9,0,0
BRDA:148,9,1,0
BRDA:153,10,0,0
BRDA:153,10,1,0
BRDA:168,11,0,0
BRDA:168,11,1,0
BRDA:183,12,0,0
BRDA:183,12,1,0
BRDA:183,13,0,0
BRDA:183,13,1,0
BRDA:226,14,0,0
BRDA:226,14,1,0
BRDA:235,15,0,0
BRDA:235,15,1,0
BRDA:236,16,0,0
BRDA:236,16,1,0
BRDA:268,17,0,0
BRDA:268,17,1,0
BRDA:295,18,0,0
BRDA:295,18,1,0
BRDA:302,19,0,0
BRDA:302,19,1,0
BRDA:333,20,0,0
BRDA:333,20,1,0
BRDA:333,21,0,0
BRDA:333,21,1,0
BRDA:355,22,0,0
BRDA:355,22,1,0
BRDA:358,23,0,0
BRDA:358,23,1,0
BRDA:379,24,0,0
BRDA:379,24,1,0
BRDA:384,25,0,0
BRDA:384,25,1,0
BRDA:399,26,0,0
BRDA:399,26,1,0
BRDA:404,27,0,0
BRDA:404,27,1,0
BRDA:476,28,0,0
BRDA:476,28,1,0
BRDA:501,29,0,0
BRDA:501,29,1,0
BRDA:533,30,0,0
BRDA:533,30,1,0
BRDA:567,31,0,0
BRDA:567,31,1,0
BRDA:568,32,0,0
BRDA:568,32,1,0
BRDA:571,33,0,0
BRDA:571,33,1,0
BRDA:571,34,0,0
BRDA:571,34,1,0
BRDA:597,35,0,0
BRDA:597,35,1,0
BRDA:666,36,0,0
BRDA:666,36,1,0
BRDA:684,37,0,0
BRDA:684,37,1,0
BRDA:687,38,0,0
BRDA:687,38,1,0
BRDA:702,39,0,0
BRDA:702,39,1,0
BRDA:736,40,0,0
BRDA:736,40,1,0
BRDA:736,41,0,0
BRDA:736,41,1,0
BRDA:736,41,2,0
BRDA:736,41,3,0
BRDA:749,42,0,0
BRDA:749,42,1,0
BRDA:754,43,0,0
BRDA:754,43,1,0
BRDA:821,44,0,0
BRDA:821,44,1,0
BRDA:832,45,0,0
BRDA:832,45,1,0
BRF:92
BRH:0
end_of_record
TN:
SF:lib\services\timezone-aware-availability.ts
FN:57,(anonymous_0)
FN:70,(anonymous_1)
FN:161,(anonymous_2)
FN:248,(anonymous_3)
FN:271,(anonymous_4)
FN:327,(anonymous_5)
FN:385,(anonymous_6)
FN:400,(anonymous_7)
FN:401,(anonymous_8)
FN:439,(anonymous_9)
FN:448,(anonymous_10)
FN:467,(anonymous_11)
FN:478,(anonymous_12)
FN:525,(anonymous_13)
FNF:14
FNH:0
FNDA:0,(anonymous_0)
FNDA:0,(anonymous_1)
FNDA:0,(anonymous_2)
FNDA:0,(anonymous_3)
FNDA:0,(anonymous_4)
FNDA:0,(anonymous_5)
FNDA:0,(anonymous_6)
FNDA:0,(anonymous_7)
FNDA:0,(anonymous_8)
FNDA:0,(anonymous_9)
FNDA:0,(anonymous_10)
FNDA:0,(anonymous_11)
FNDA:0,(anonymous_12)
FNDA:0,(anonymous_13)
DA:62,0
DA:63,0
DA:64,0
DA:74,0
DA:75,0
DA:79,0
DA:82,0
DA:88,0
DA:89,0
DA:93,0
DA:102,0
DA:111,0
DA:113,0
DA:114,0
DA:116,0
DA:117,0
DA:120,0
DA:127,0
DA:134,0
DA:149,0
DA:151,0
DA:155,0
DA:176,0
DA:177,0
DA:180,0
DA:181,0
DA:182,0
DA:186,0
DA:189,0
DA:190,0
DA:193,0
DA:194,0
DA:197,0
DA:198,0
DA:202,0
DA:203,0
DA:206,0
DA:213,0
DA:214,0
DA:221,0
DA:227,0
DA:228,0
DA:229,0
DA:230,0
DA:231,0
DA:233,0
DA:234,0
DA:239,0
DA:245,0
DA:246,0
DA:248,0
DA:249,0
DA:254,0
DA:255,0
DA:259,0
DA:281,0
DA:282,0
DA:284,0
DA:285,0
DA:287,0
DA:288,0
DA:291,0
DA:294,0
DA:301,0
DA:316,0
DA:317,0
DA:321,0
DA:332,0
DA:333,0
DA:335,0
DA:337,0
DA:338,0
DA:351,0
DA:352,0
DA:353,0
DA:354,0
DA:356,0
DA:361,0
DA:370,0
DA:390,0
DA:391,0
DA:393,0
DA:399,0
DA:400,0
DA:405,0
DA:406,0
DA:407,0
DA:408,0
DA:410,0
DA:414,0
DA:423,0
DA:442,0
DA:450,0
DA:452,0
DA:455,0
DA:471,0
DA:472,0
DA:488,0
DA:492,0
DA:494,0
DA:495,0
DA:496,0
DA:504,0
DA:510,0
DA:511,0
DA:519,0
DA:537,0
DA:549,0
DA:551,0
DA:555,0
DA:556,0
DA:557,0
DA:558,0
DA:564,0
DA:565,0
DA:567,0
DA:568,0
DA:577,0
DA:578,0
DA:588,0
LF:120
LH:0
BRDA:74,0,0,0
BRDA:74,0,1,0
BRDA:88,1,0,0
BRDA:88,1,1,0
BRDA:93,2,0,0
BRDA:93,2,1,0
BRDA:144,3,0,0
BRDA:144,3,1,0
BRDA:180,4,0,0
BRDA:180,4,1,0
BRDA:189,5,0,0
BRDA:189,5,1,0
BRDA:193,6,0,0
BRDA:193,6,1,0
BRDA:197,7,0,0
BRDA:197,7,1,0
BRDA:213,8,0,0
BRDA:213,8,1,0
BRDA:227,9,0,0
BRDA:227,9,1,0
BRDA:229,10,0,0
BRDA:229,10,1,0
BRDA:229,11,0,0
BRDA:229,11,1,0
BRDA:230,12,0,0
BRDA:230,12,1,0
BRDA:233,13,0,0
BRDA:233,13,1,0
BRDA:245,14,0,0
BRDA:245,14,1,0
BRDA:249,15,0,0
BRDA:249,15,1,0
BRDA:249,15,2,0
BRDA:249,15,3,0
BRDA:254,16,0,0
BRDA:254,16,1,0
BRDA:311,17,0,0
BRDA:311,17,1,0
BRDA:337,18,0,0
BRDA:337,18,1,0
BRDA:337,19,0,0
BRDA:337,19,1,0
BRDA:351,20,0,0
BRDA:351,20,1,0
BRDA:351,21,0,0
BRDA:351,21,1,0
BRDA:361,22,0,0
BRDA:361,22,1,0
BRDA:361,23,0,0
BRDA:361,23,1,0
BRDA:372,24,0,0
BRDA:372,24,1,0
BRDA:373,25,0,0
BRDA:373,25,1,0
BRDA:405,26,0,0
BRDA:405,26,1,0
BRDA:405,27,0,0
BRDA:405,27,1,0
BRDA:414,28,0,0
BRDA:414,28,1,0
BRDA:414,29,0,0
BRDA:414,29,1,0
BRDA:425,30,0,0
BRDA:425,30,1,0
BRDA:426,31,0,0
BRDA:426,31,1,0
BRDA:427,32,0,0
BRDA:427,32,1,0
BRDA:450,33,0,0
BRDA:450,33,1,0
BRDA:488,34,0,0
BRDA:488,34,1,0
BRDA:557,35,0,0
BRDA:557,35,1,0
BRDA:567,36,0,0
BRDA:567,36,1,0
BRDA:567,37,0,0
BRDA:567,37,1,0
BRDA:577,38,0,0
BRDA:577,38,1,0
BRDA:588,39,0,0
BRDA:588,39,1,0
BRF:82
BRH:0
end_of_record
TN:
SF:lib\services\timezone-handler.ts
FN:92,(anonymous_0)
FN:112,(anonymous_1)
FN:131,(anonymous_2)
FN:156,(anonymous_3)
FN:179,(anonymous_4)
FN:198,(anonymous_5)
FN:227,(anonymous_6)
FN:326,(anonymous_7)
FN:336,(anonymous_8)
FN:351,(anonymous_9)
FN:363,(anonymous_10)
FN:383,(anonymous_11)
FN:434,(anonymous_12)
FN:441,(anonymous_13)
FN:443,(anonymous_14)
FN:455,(anonymous_15)
FN:468,(anonymous_16)
FN:485,(anonymous_17)
FN:500,(anonymous_18)
FNF:19
FNH:0
FNDA:0,(anonymous_0)
FNDA:0,(anonymous_1)
FNDA:0,(anonymous_2)
FNDA:0,(anonymous_3)
FNDA:0,(anonymous_4)
FNDA:0,(anonymous_5)
FNDA:0,(anonymous_6)
FNDA:0,(anonymous_7)
FNDA:0,(anonymous_8)
FNDA:0,(anonymous_9)
FNDA:0,(anonymous_10)
FNDA:0,(anonymous_11)
FNDA:0,(anonymous_12)
FNDA:0,(anonymous_13)
FNDA:0,(anonymous_14)
FNDA:0,(anonymous_15)
FNDA:0,(anonymous_16)
FNDA:0,(anonymous_17)
FNDA:0,(anonymous_18)
DA:48,0
DA:93,0
DA:96,0
DA:97,0
DA:101,0
DA:102,0
DA:103,0
DA:105,0
DA:113,0
DA:114,0
DA:117,0
DA:119,0
DA:136,0
DA:137,0
DA:140,0
DA:146,0
DA:147,0
DA:150,0
DA:157,0
DA:158,0
DA:161,0
DA:163,0
DA:164,0
DA:167,0
DA:185,0
DA:186,0
DA:188,0
DA:203,0
DA:204,0
DA:207,0
DA:208,0
DA:210,0
DA:211,0
DA:214,0
DA:240,0
DA:241,0
DA:244,0
DA:250,0
DA:256,0
DA:257,0
DA:260,0
DA:263,0
DA:264,0
DA:265,0
DA:266,0
DA:268,0
DA:270,0
DA:271,0
DA:281,0
DA:284,0
DA:286,0
DA:287,0
DA:288,0
DA:289,0
DA:290,0
DA:291,0
DA:295,0
DA:298,0
DA:299,0
DA:300,0
DA:313,0
DA:327,0
DA:328,0
DA:330,0
DA:340,0
DA:341,0
DA:343,0
DA:344,0
DA:345,0
DA:352,0
DA:353,0
DA:356,0
DA:368,0
DA:369,0
DA:374,0
DA:376,0
DA:384,0
DA:435,0
DA:442,0
DA:443,0
DA:444,0
DA:445,0
DA:449,0
DA:468,0
DA:469,0
DA:470,0
DA:471,0
DA:473,0
DA:494,0
DA:500,0
LF:90
LH:0
BRDA:93,0,0,0
BRDA:93,0,1,0
BRDA:96,1,0,0
BRDA:96,1,1,0
BRDA:113,2,0,0
BRDA:113,2,1,0
BRDA:117,3,0,0
BRDA:117,3,1,0
BRDA:136,4,0,0
BRDA:136,4,1,0
BRDA:146,5,0,0
BRDA:146,5,1,0
BRDA:157,6,0,0
BRDA:157,6,1,0
BRDA:163,7,0,0
BRDA:163,7,1,0
BRDA:203,8,0,0
BRDA:203,8,1,0
BRDA:210,9,0,0
BRDA:210,9,1,0
BRDA:210,10,0,0
BRDA:210,10,1,0
BRDA:240,11,0,0
BRDA:240,11,1,0
BRDA:256,12,0,0
BRDA:256,12,1,0
BRDA:256,13,0,0
BRDA:256,13,1,0
BRDA:270,14,0,0
BRDA:270,14,1,0
BRDA:281,15,0,0
BRDA:281,15,1,0
BRDA:284,16,0,0
BRDA:284,16,1,0
BRDA:289,17,0,0
BRDA:289,17,1,0
BRDA:298,18,0,0
BRDA:298,18,1,0
BRDA:298,19,0,0
BRDA:298,19,1,0
BRDA:327,20,0,0
BRDA:327,20,1,0
BRDA:327,21,0,0
BRDA:327,21,1,0
BRDA:343,22,0,0
BRDA:343,22,1,0
BRDA:344,23,0,0
BRDA:344,23,1,0
BRDA:352,24,0,0
BRDA:352,24,1,0
BRDA:442,25,0,0
BRDA:442,25,1,0
BRDA:442,26,0,0
BRDA:442,26,1,0
BRDA:444,27,0,0
BRDA:444,27,1,0
BRDA:444,28,0,0
BRDA:444,28,1,0
BRDA:494,29,0,0
BRDA:494,29,1,0
BRF:60
BRH:0
end_of_record
TN:
SF:lib\services\websocket-service.ts
FN:49,(anonymous_0)
FN:57,(anonymous_1)
FN:83,(anonymous_2)
FN:96,(anonymous_3)
FN:114,(anonymous_4)
FN:134,(anonymous_5)
FN:144,(anonymous_6)
FN:168,(anonymous_7)
FN:182,(anonymous_8)
FN:190,(anonymous_9)
FN:199,(anonymous_10)
FN:208,(anonymous_11)
FN:209,(anonymous_12)
FN:219,(anonymous_13)
FN:234,(anonymous_14)
FN:249,createWebSocketService
FNF:16
FNH:0
FNDA:0,(anonymous_0)
FNDA:0,(anonymous_1)
FNDA:0,(anonymous_2)
FNDA:0,(anonymous_3)
FNDA:0,(anonymous_4)
FNDA:0,(anonymous_5)
FNDA:0,(anonymous_6)
FNDA:0,(anonymous_7)
FNDA:0,(anonymous_8)
FNDA:0,(anonymous_9)
FNDA:0,(anonymous_10)
FNDA:0,(anonymous_11)
FNDA:0,(anonymous_12)
FNDA:0,(anonymous_13)
FNDA:0,(anonymous_14)
FNDA:0,createWebSocketService
DA:40,0
DA:43,0
DA:44,0
DA:45,0
DA:46,0
DA:47,0
DA:50,0
DA:51,0
DA:58,0
DA:59,0
DA:62,0
DA:63,0
DA:65,0
DA:66,0
DA:67,0
DA:69,0
DA:70,0
DA:71,0
DA:72,0
DA:74,0
DA:75,0
DA:76,0
DA:84,0
DA:85,0
DA:87,0
DA:88,0
DA:89,0
DA:97,0
DA:98,0
DA:99,0
DA:102,0
DA:103,0
DA:104,0
DA:106,0
DA:107,0
DA:115,0
DA:116,0
DA:118,0
DA:120,0
DA:122,0
DA:125,0
DA:127,0
DA:135,0
DA:136,0
DA:137,0
DA:138,0
DA:145,0
DA:146,0
DA:149,0
DA:150,0
DA:151,0
DA:155,0
DA:156,0
DA:159,0
DA:161,0
DA:169,0
DA:170,0
DA:171,0
DA:174,0
DA:175,0
DA:183,0
DA:184,0
DA:191,0
DA:192,0
DA:193,0
DA:196,0
DA:197,0
DA:199,0
DA:200,0
DA:201,0
DA:209,0
DA:210,0
DA:211,0
DA:220,0
DA:221,0
DA:222,0
DA:225,0
DA:226,0
DA:227,0
DA:235,0
DA:254,0
DA:263,0
LF:82
LH:0
BRDA:58,0,0,0
BRDA:58,0,1,0
BRDA:58,1,0,0
BRDA:58,1,1,0
BRDA:58,1,2,0
BRDA:87,2,0,0
BRDA:87,2,1,0
BRDA:97,3,0,0
BRDA:97,3,1,0
BRDA:97,4,0,0
BRDA:97,4,1,0
BRDA:115,5,0,0
BRDA:115,5,1,0
BRDA:116,6,0,0
BRDA:116,6,1,0
BRDA:118,7,0,0
BRDA:118,7,1,0
BRDA:118,7,2,0
BRDA:118,7,3,0
BRDA:118,7,4,0
BRDA:149,8,0,0
BRDA:149,8,1,0
BRDA:155,9,0,0
BRDA:155,9,1,0
BRDA:174,10,0,0
BRDA:174,10,1,0
BRDA:174,11,0,0
BRDA:174,11,1,0
BRDA:191,12,0,0
BRDA:191,12,1,0
BRDA:210,13,0,0
BRDA:210,13,1,0
BRDA:210,14,0,0
BRDA:210,14,1,0
BRDA:220,15,0,0
BRDA:220,15,1,0
BRDA:225,16,0,0
BRDA:225,16,1,0
BRDA:236,17,0,0
BRDA:236,17,1,0
BRDA:236,17,2,0
BRDA:236,17,3,0
BRDA:236,17,4,0
BRDA:236,17,5,0
BRDA:255,18,0,0
BRDA:255,18,1,0
BRF:46
BRH:0
end_of_record
TN:
SF:lib\validations\appointment.ts
FN:34,(anonymous_0)
FN:58,(anonymous_1)
FN:84,(anonymous_2)
FN:90,(anonymous_3)
FN:131,(anonymous_4)
FN:172,(anonymous_5)
FN:231,(anonymous_6)
FN:245,(anonymous_7)
FNF:8
FNH:0
FNDA:0,(anonymous_0)
FNDA:0,(anonymous_1)
FNDA:0,(anonymous_2)
FNDA:0,(anonymous_3)
FNDA:0,(anonymous_4)
FNDA:0,(anonymous_5)
FNDA:0,(anonymous_6)
FNDA:0,(anonymous_7)
DA:20,0
DA:30,0
DA:34,0
DA:41,0
DA:50,0
DA:58,0
DA:84,0
DA:92,0
DA:104,0
DA:133,0
DA:134,0
DA:136,0
DA:148,0
DA:174,0
DA:175,0
DA:177,0
DA:189,0
DA:199,0
DA:210,0
DA:214,0
DA:222,0
DA:231,0
DA:238,0
DA:245,0
LF:24
LH:0
BRDA:92,0,0,0
BRDA:92,0,1,0
BRDA:92,0,2,0
BRDA:92,0,3,0
BRDA:133,1,0,0
BRDA:133,1,1,0
BRDA:133,2,0,0
BRDA:133,2,1,0
BRDA:174,3,0,0
BRDA:174,3,1,0
BRDA:174,4,0,0
BRDA:174,4,1,0
BRF:12
BRH:0
end_of_record
TN:
SF:lib\validations\business.ts
FNF:0
FNH:0
DA:4,0
DA:20,0
DA:29,0
DA:36,0
DA:45,0
DA:58,0
DA:65,0
DA:84,0
DA:95,0
LF:9
LH:0
BRF:0
BRH:0
end_of_record
TN:
SF:lib\validations\employment.ts
FN:82,(anonymous_0)
FNF:1
FNH:0
FNDA:0,(anonymous_0)
DA:4,0
DA:8,0
DA:13,0
DA:32,0
DA:45,0
DA:54,0
DA:71,0
DA:82,0
DA:83,0
DA:85,0
DA:87,0
DA:89,0
DA:91,0
DA:105,0
DA:162,0
DA:181,0
LF:16
LH:0
BRDA:83,0,0,0
BRDA:83,0,1,0
BRDA:83,0,2,0
BRDA:83,0,3,0
BRF:4
BRH:0
end_of_record
TN:
SF:types\appointment-filters.ts
FNF:0
FNH:0
LF:0
LH:0
BRF:0
BRH:0
end_of_record
TN:
SF:types\auth.ts
FNF:0
FNH:0
DA:83,0
DA:91,0
DA:96,0
DA:100,0
LF:4
LH:0
BRF:0
BRH:0
end_of_record
TN:
SF:types\booking.ts
FNF:0
FNH:0
LF:0
LH:0
BRF:0
BRH:0
end_of_record
TN:
SF:types\dashboard-appointments.ts
FNF:0
FNH:0
LF:0
LH:0
BRF:0
BRH:0
end_of_record
TN:
SF:types\dashboard-integration.ts
FNF:0
FNH:0
LF:0
LH:0
BRF:0
BRH:0
end_of_record
TN:
SF:types\dashboard.ts
FNF:0
FNH:0
LF:0
LH:0
BRF:0
BRH:0
end_of_record
TN:
SF:types\database.ts
FNF:0
FNH:0
LF:0
LH:0
BRF:0
BRH:0
end_of_record
TN:
SF:types\employment.ts
FNF:0
FNH:0
LF:0
LH:0
BRF:0
BRH:0
end_of_record
TN:
SF:types\linear-integration.ts
FNF:0
FNH:0
DA:156,0
LF:1
LH:0
BRF:0
BRH:0
end_of_record
TN:
SF:types\service-selection.ts
FNF:0
FNH:0
LF:0
LH:0
BRF:0
BRH:0
end_of_record
