TN:
SF:app\page.tsx
FN:3,HomePage
FNF:1
FNH:0
FNDA:0,HomePage
DA:1,0
DA:3,0
LF:2
LH:0
BRF:0
BRH:0
end_of_record
TN:
SF:app\api\auth\[...nextauth]\route.ts
FNF:0
FNH:0
DA:1,0
DA:2,0
DA:4,0
DA:6,0
LF:4
LH:0
BRF:0
BRH:0
end_of_record
TN:
SF:app\api\auth\register\route.ts
FN:15,POST
FNF:1
FNH:0
FNDA:0,POST
DA:1,0
DA:2,0
DA:3,0
DA:4,0
DA:7,0
DA:15,0
DA:16,0
DA:17,0
DA:18,0
DA:21,0
DA:25,0
DA:26,0
DA:33,0
DA:36,0
DA:46,0
DA:47,0
DA:53,0
DA:54,0
DA:55,0
DA:56,0
DA:57,0
DA:60,0
DA:73,0
DA:92,0
DA:105,0
DA:107,0
DA:108,0
DA:118,0
LF:28
LH:0
BRDA:25,0,0,0
BRDA:46,1,0,0
BRDA:46,2,0,0
BRDA:46,2,1,0
BRDA:107,3,0,0
BRF:5
BRH:0
end_of_record
TN:
SF:app\api\auth\reset-password\route.ts
FN:17,POST
FN:79,PUT
FNF:2
FNH:0
FNDA:0,POST
FNDA:0,PUT
DA:1,0
DA:2,0
DA:3,0
DA:4,0
DA:5,0
DA:7,0
DA:11,0
DA:17,0
DA:18,0
DA:19,0
DA:20,0
DA:23,0
DA:27,0
DA:29,0
DA:36,0
DA:37,0
DA:40,0
DA:50,0
DA:51,0
DA:53,0
DA:58,0
DA:60,0
DA:61,0
DA:71,0
DA:79,0
DA:80,0
DA:81,0
DA:82,0
DA:85,0
DA:89,0
DA:90,0
DA:97,0
DA:101,0
DA:102,0
DA:109,0
DA:112,0
DA:118,0
DA:122,0
DA:127,0
DA:129,0
DA:130,0
DA:140,0
LF:42
LH:0
BRDA:27,0,0,0
BRDA:60,1,0,0
BRDA:89,2,0,0
BRDA:89,3,0,0
BRDA:89,3,1,0
BRDA:101,4,0,0
BRDA:129,5,0,0
BRF:7
BRH:0
end_of_record
TN:
SF:app\api\health\route.ts
FN:4,GET
FN:107,HEAD
FNF:2
FNH:0
FNDA:0,GET
FNDA:0,HEAD
DA:1,0
DA:2,0
DA:4,0
DA:5,0
DA:7,0
DA:9,0
DA:22,0
DA:23,0
DA:24,0
DA:27,0
DA:28,0
DA:29,0
DA:33,0
DA:34,0
DA:35,0
DA:42,0
DA:45,0
DA:47,0
DA:51,0
DA:52,0
DA:53,0
DA:57,0
DA:58,0
DA:59,0
DA:63,0
DA:65,0
DA:69,0
DA:75,0
DA:85,0
DA:87,0
DA:107,0
DA:108,0
DA:110,0
DA:111,0
DA:113,0
LF:35
LH:0
BRDA:12,0,0,0
BRDA:12,0,1,0
BRDA:13,1,0,0
BRDA:13,1,1,0
BRDA:45,2,0,0
BRDA:51,3,0,0
BRDA:69,4,0,0
BRDA:69,4,1,0
BRDA:71,5,0,0
BRDA:71,5,1,0
BRF:10
BRH:0
end_of_record
TN:
SF:app\auth\signin\page.tsx
FN:5,SignInPage
FNF:1
FNH:0
FNDA:0,SignInPage
DA:1,0
DA:2,0
DA:3,0
DA:5,0
DA:25,0
LF:5
LH:0
BRF:0
BRH:0
end_of_record
TN:
SF:app\auth\signup\page.tsx
FN:5,SignUpPage
FNF:1
FNH:0
FNDA:0,SignUpPage
DA:1,0
DA:2,0
DA:3,0
DA:5,0
DA:25,0
LF:5
LH:0
BRF:0
BRH:0
end_of_record
TN:
SF:app\design-system\page.tsx
FN:21,DesignSystemPage
FNF:1
FNH:0
FNDA:0,DesignSystemPage
DA:1,0
DA:2,0
DA:3,0
DA:10,0
DA:11,0
DA:19,0
DA:21,0
LF:7
LH:0
BRF:0
BRH:0
end_of_record
TN:
SF:components\auth\signin-form.tsx
FN:18,SignInForm
FN:32,(anonymous_2)
FN:60,(anonymous_3)
FN:74,(anonymous_4)
FN:84,(anonymous_5)
FN:86,(anonymous_6)
FN:89,(anonymous_7)
FN:141,(anonymous_8)
FNF:8
FNH:0
FNDA:0,SignInForm
FNDA:0,(anonymous_2)
FNDA:0,(anonymous_3)
FNDA:0,(anonymous_4)
FNDA:0,(anonymous_5)
FNDA:0,(anonymous_6)
FNDA:0,(anonymous_7)
FNDA:0,(anonymous_8)
DA:3,0
DA:4,0
DA:5,0
DA:6,0
DA:7,0
DA:8,0
DA:9,0
DA:10,0
DA:11,0
DA:13,0
DA:18,0
DA:19,0
DA:20,0
DA:21,0
DA:23,0
DA:27,0
DA:28,0
DA:29,0
DA:30,0
DA:32,0
DA:33,0
DA:34,0
DA:35,0
DA:36,0
DA:38,0
DA:40,0
DA:43,0
DA:49,0
DA:50,0
DA:51,0
DA:53,0
DA:54,0
DA:55,0
DA:58,0
DA:59,0
DA:60,0
DA:61,0
DA:62,0
DA:65,0
DA:67,0
DA:70,0
DA:74,0
DA:75,0
DA:76,0
DA:77,0
DA:79,0
DA:80,0
DA:84,0
DA:85,0
DA:86,0
DA:88,0
DA:89,0
DA:141,0
LF:53
LH:0
BRDA:21,0,0,0
BRDA:21,0,1,0
BRDA:49,1,0,0
BRDA:49,1,1,0
BRDA:51,2,0,0
BRDA:58,3,0,0
BRDA:58,3,1,0
BRDA:61,4,0,0
BRDA:88,5,0,0
BRDA:102,6,0,0
BRDA:119,7,0,0
BRDA:119,7,1,0
BRDA:121,8,0,0
BRDA:132,9,0,0
BRDA:132,9,1,0
BRDA:137,10,0,0
BRDA:137,10,1,0
BRDA:145,11,0,0
BRDA:148,12,0,0
BRDA:158,13,0,0
BRDA:158,13,1,0
BRDA:186,14,0,0
BRF:22
BRH:0
end_of_record
TN:
SF:components\auth\signup-form.tsx
FN:22,SignUpForm
FN:38,(anonymous_2)
FN:72,(anonymous_3)
FN:89,(anonymous_4)
FN:103,(anonymous_5)
FN:113,(anonymous_6)
FN:115,(anonymous_7)
FN:118,(anonymous_8)
FN:122,(anonymous_9)
FN:123,(anonymous_10)
FN:242,(anonymous_11)
FNF:11
FNH:0
FNDA:0,SignUpForm
FNDA:0,(anonymous_2)
FNDA:0,(anonymous_3)
FNDA:0,(anonymous_4)
FNDA:0,(anonymous_5)
FNDA:0,(anonymous_6)
FNDA:0,(anonymous_7)
FNDA:0,(anonymous_8)
FNDA:0,(anonymous_9)
FNDA:0,(anonymous_10)
FNDA:0,(anonymous_11)
DA:3,0
DA:4,0
DA:5,0
DA:6,0
DA:7,0
DA:8,0
DA:9,0
DA:10,0
DA:11,0
DA:12,0
DA:14,0
DA:22,0
DA:23,0
DA:25,0
DA:32,0
DA:33,0
DA:34,0
DA:35,0
DA:36,0
DA:38,0
DA:39,0
DA:40,0
DA:41,0
DA:42,0
DA:44,0
DA:46,0
DA:49,0
DA:57,0
DA:59,0
DA:60,0
DA:61,0
DA:63,0
DA:65,0
DA:69,0
DA:72,0
DA:73,0
DA:79,0
DA:80,0
DA:81,0
DA:83,0
DA:87,0
DA:88,0
DA:89,0
DA:90,0
DA:91,0
DA:94,0
DA:96,0
DA:99,0
DA:103,0
DA:104,0
DA:105,0
DA:106,0
DA:108,0
DA:109,0
DA:113,0
DA:114,0
DA:115,0
DA:117,0
DA:118,0
DA:122,0
DA:123,0
DA:126,0
DA:242,0
LF:63
LH:0
BRDA:59,0,0,0
BRDA:60,1,0,0
BRDA:60,1,1,0
BRDA:63,2,0,0
BRDA:63,2,1,0
BRDA:79,3,0,0
BRDA:79,3,1,0
BRDA:87,4,0,0
BRDA:87,4,1,0
BRDA:90,5,0,0
BRDA:117,6,0,0
BRDA:126,7,0,0
BRDA:154,8,0,0
BRDA:184,9,0,0
BRDA:184,9,1,0
BRDA:186,10,0,0
BRDA:201,11,0,0
BRDA:201,11,1,0
BRDA:203,12,0,0
BRDA:208,13,0,0
BRDA:219,14,0,0
BRDA:219,14,1,0
BRDA:221,15,0,0
BRDA:233,16,0,0
BRDA:233,16,1,0
BRDA:238,17,0,0
BRDA:238,17,1,0
BRDA:246,18,0,0
BRDA:249,19,0,0
BRDA:262,20,0,0
BRDA:262,20,1,0
BRDA:290,21,0,0
BRF:32
BRH:0
end_of_record
TN:
SF:components\ui\alert.tsx
FNF:0
FNH:0
DA:1,0
DA:2,0
DA:3,0
DA:5,0
DA:32,0
DA:44,0
DA:46,0
LF:7
LH:0
BRF:0
BRH:0
end_of_record
TN:
SF:components\ui\badge.tsx
FN:36,Badge
FNF:1
FNH:0
FNDA:0,Badge
DA:1,0
DA:2,0
DA:3,0
DA:5,0
DA:42,0
LF:5
LH:0
BRF:0
BRH:0
end_of_record
TN:
SF:components\ui\button.tsx
FN:57,(anonymous_6)
FNF:1
FNH:0
FNDA:0,(anonymous_6)
DA:1,0
DA:2,0
DA:3,0
DA:4,0
DA:6,0
DA:56,0
DA:58,0
DA:68,0
DA:70,0
LF:9
LH:0
BRDA:57,0,0,0
BRDA:58,1,0,0
BRDA:58,1,1,0
BRF:3
BRH:0
end_of_record
TN:
SF:components\ui\card.tsx
FNF:0
FNH:0
DA:1,0
DA:2,0
DA:17,0
DA:29,0
DA:44,0
DA:56,0
DA:64,0
DA:76,0
DA:79,0
DA:80,0
DA:81,0
DA:82,0
DA:83,0
DA:84,0
LF:14
LH:0
BRF:0
BRH:0
end_of_record
TN:
SF:components\ui\dialog.tsx
FNF:0
FNH:0
DA:1,0
DA:2,0
DA:3,0
DA:4,0
DA:6,0
DA:8,0
DA:10,0
DA:12,0
DA:27,0
DA:51,0
DA:65,0
DA:79,0
DA:94,0
DA:106,0
DA:109,0
DA:110,0
DA:111,0
DA:112,0
DA:113,0
DA:114,0
DA:115,0
DA:116,0
DA:117,0
DA:118,0
LF:24
LH:0
BRF:0
BRH:0
end_of_record
TN:
SF:components\ui\icon.tsx
FN:80,(anonymous_7)
FNF:1
FNH:0
FNDA:0,(anonymous_7)
DA:1,0
DA:2,0
DA:3,0
DA:44,0
DA:47,0
DA:79,0
DA:90,0
DA:93,0
DA:145,0
LF:9
LH:0
BRF:0
BRH:0
end_of_record
TN:
SF:components\ui\input.tsx
FN:10,(anonymous_4)
FNF:1
FNH:0
FNDA:0,(anonymous_4)
DA:1,0
DA:2,0
DA:9,0
DA:31,0
DA:33,0
LF:5
LH:0
BRDA:20,0,0,0
BRDA:20,0,1,0
BRF:2
BRH:0
end_of_record
TN:
SF:components\ui\label.tsx
FNF:0
FNH:0
DA:1,0
DA:2,0
DA:3,0
DA:4,0
DA:6,0
DA:21,0
DA:23,0
LF:7
LH:0
BRF:0
BRH:0
end_of_record
TN:
SF:components\ui\layout.tsx
FN:10,(anonymous_10)
FN:40,(anonymous_11)
FN:78,(anonymous_12)
FN:145,(anonymous_13)
FN:179,(anonymous_14)
FNF:5
FNH:0
FNDA:0,(anonymous_10)
FNDA:0,(anonymous_11)
FNDA:0,(anonymous_12)
FNDA:0,(anonymous_13)
FNDA:0,(anonymous_14)
DA:1,0
DA:2,0
DA:5,0
DA:11,0
DA:31,0
DA:34,0
DA:41,0
DA:50,0
DA:65,0
DA:68,0
DA:90,0
DA:97,0
DA:104,0
DA:113,0
DA:137,0
DA:140,0
DA:146,0
DA:161,0
DA:164,0
DA:173,0
DA:180,0
DA:182,0
DA:183,0
DA:190,0
DA:193,0
DA:194,0
DA:201,0
DA:208,0
DA:210,0
LF:29
LH:0
BRDA:10,0,0,0
BRDA:40,1,0,0
BRDA:40,2,0,0
BRDA:81,3,0,0
BRDA:82,4,0,0
BRDA:83,5,0,0
BRDA:84,6,0,0
BRDA:85,7,0,0
BRDA:128,8,0,0
BRDA:128,8,1,0
BRDA:145,9,0,0
BRDA:182,10,0,0
BRDA:193,11,0,0
BRF:13
BRH:0
end_of_record
TN:
SF:components\ui\navbar.tsx
FNF:0
FNH:0
DA:1,0
DA:2,0
DA:3,0
DA:4,0
DA:5,0
DA:6,0
DA:46,0
DA:103,0
DA:132,0
DA:146,0
DA:161,0
DA:173,0
DA:188,0
DA:204,0
DA:207,0
DA:208,0
DA:209,0
DA:210,0
DA:211,0
DA:212,0
DA:213,0
DA:214,0
LF:22
LH:0
BRDA:27,0,0,0
BRDA:55,1,0,0
BRDA:58,2,0,0
BRDA:70,3,0,0
BRDA:70,3,1,0
BRDA:114,4,0,0
BRDA:120,5,0,0
BRDA:120,5,1,0
BRDA:127,6,0,0
BRDA:201,7,0,0
BRDA:201,7,1,0
BRF:11
BRH:0
end_of_record
TN:
SF:components\ui\navigation-menu.tsx
FNF:0
FNH:0
DA:1,0
DA:2,0
DA:3,0
DA:4,0
DA:5,0
DA:23,0
DA:38,0
DA:40,0
DA:42,0
DA:62,0
DA:77,0
DA:79,0
DA:96,0
DA:114,0
DA:118,0
DA:119,0
DA:120,0
DA:121,0
DA:122,0
DA:123,0
DA:124,0
DA:125,0
DA:126,0
LF:23
LH:0
BRF:0
BRH:0
end_of_record
TN:
SF:components\ui\select.tsx
FNF:0
FNH:0
DA:1,0
DA:2,0
DA:3,0
DA:4,0
DA:6,0
DA:8,0
DA:10,0
DA:30,0
DA:47,0
DA:64,0
DA:97,0
DA:109,0
DA:132,0
DA:144,0
DA:147,0
DA:148,0
DA:149,0
DA:150,0
DA:151,0
DA:152,0
DA:153,0
DA:154,0
DA:155,0
DA:156,0
LF:24
LH:0
BRDA:70,0,0,0
BRDA:76,1,0,0
BRDA:76,1,1,0
BRDA:87,2,0,0
BRDA:87,2,1,0
BRF:5
BRH:0
end_of_record
TN:
SF:components\ui\toast.tsx
FN:45,(anonymous_12)
FNF:1
FNH:0
FNDA:0,(anonymous_12)
DA:1,0
DA:2,0
DA:3,0
DA:4,0
DA:5,0
DA:7,0
DA:22,0
DA:24,0
DA:41,0
DA:54,0
DA:69,0
DA:87,0
DA:99,0
DA:111,0
DA:120,0
DA:121,0
DA:122,0
DA:123,0
DA:124,0
DA:125,0
DA:126,0
LF:21
LH:0
BRF:0
BRH:0
end_of_record
TN:
SF:lib\auth-config.ts
FN:26,(anonymous_2)
FN:88,(anonymous_3)
FN:102,(anonymous_4)
FN:138,(anonymous_5)
FN:149,(anonymous_6)
FN:168,(anonymous_7)
FN:171,(anonymous_8)
FN:174,(anonymous_9)
FNF:8
FNH:0
FNDA:0,(anonymous_2)
FNDA:0,(anonymous_3)
FNDA:0,(anonymous_4)
FNDA:0,(anonymous_5)
FNDA:0,(anonymous_6)
FNDA:0,(anonymous_7)
FNDA:0,(anonymous_8)
FNDA:0,(anonymous_9)
DA:2,0
DA:3,0
DA:4,0
DA:5,0
DA:6,0
DA:7,0
DA:11,0
DA:16,0
DA:27,0
DA:28,0
DA:30,0
DA:46,0
DA:47,0
DA:50,0
DA:51,0
DA:52,0
DA:56,0
DA:66,0
DA:67,0
DA:90,0
DA:91,0
DA:95,0
DA:96,0
DA:99,0
DA:104,0
DA:105,0
DA:106,0
DA:107,0
DA:111,0
DA:112,0
DA:128,0
DA:129,0
DA:130,0
DA:131,0
DA:135,0
DA:139,0
DA:140,0
DA:141,0
DA:142,0
DA:143,0
DA:146,0
DA:151,0
DA:153,0
DA:154,0
DA:169,0
DA:172,0
DA:175,0
LF:47
LH:0
BRDA:46,0,0,0
BRDA:46,1,0,0
BRDA:46,1,1,0
BRDA:51,2,0,0
BRDA:90,3,0,0
BRDA:95,4,0,0
BRDA:104,5,0,0
BRDA:111,6,0,0
BRDA:128,7,0,0
BRDA:139,8,0,0
BRDA:151,9,0,0
BRDA:151,9,1,0
BRDA:153,10,0,0
BRF:13
BRH:0
end_of_record
TN:
SF:lib\auth.ts
FN:9,getSession
FN:14,getCurrentUser
FN:46,requireAuth
FN:57,requireRole
FN:68,requireBusinessAccess
FN:75,(anonymous_21)
FN:89,requireBusinessOwner
FN:94,requireBusinessManager
FN:99,getUserBusinesses
FN:106,(anonymous_25)
FN:113,getPrimaryBusiness
FN:121,(anonymous_27)
FN:122,(anonymous_28)
FN:123,(anonymous_29)
FN:124,(anonymous_30)
FN:127,(anonymous_31)
FN:128,(anonymous_32)
FN:129,(anonymous_33)
FN:132,(anonymous_34)
FN:133,(anonymous_35)
FN:136,(anonymous_36)
FN:137,(anonymous_37)
FN:141,canUserPerformAction
FN:154,getBusinessScopedData
FN:167,isAuthenticated
FN:171,hasRole
FN:175,hasBusinessRole
FN:178,(anonymous_43)
FNF:28
FNH:0
FNDA:0,getSession
FNDA:0,getCurrentUser
FNDA:0,requireAuth
FNDA:0,requireRole
FNDA:0,requireBusinessAccess
FNDA:0,(anonymous_21)
FNDA:0,requireBusinessOwner
FNDA:0,requireBusinessManager
FNDA:0,getUserBusinesses
FNDA:0,(anonymous_25)
FNDA:0,getPrimaryBusiness
FNDA:0,(anonymous_27)
FNDA:0,(anonymous_28)
FNDA:0,(anonymous_29)
FNDA:0,(anonymous_30)
FNDA:0,(anonymous_31)
FNDA:0,(anonymous_32)
FNDA:0,(anonymous_33)
FNDA:0,(anonymous_34)
FNDA:0,(anonymous_35)
FNDA:0,(anonymous_36)
FNDA:0,(anonymous_37)
FNDA:0,canUserPerformAction
FNDA:0,getBusinessScopedData
FNDA:0,isAuthenticated
FNDA:0,hasRole
FNDA:0,hasBusinessRole
FNDA:0,(anonymous_43)
DA:1,0
DA:2,0
DA:3,0
DA:4,0
DA:9,0
DA:10,0
DA:14,0
DA:15,0
DA:17,0
DA:18,0
DA:21,0
DA:42,0
DA:46,0
DA:47,0
DA:49,0
DA:50,0
DA:53,0
DA:57,0
DA:58,0
DA:60,0
DA:61,0
DA:64,0
DA:68,0
DA:69,0
DA:71,0
DA:72,0
DA:75,0
DA:77,0
DA:78,0
DA:81,0
DA:82,0
DA:85,0
DA:89,0
DA:90,0
DA:94,0
DA:95,0
DA:99,0
DA:100,0
DA:102,0
DA:103,0
DA:106,0
DA:113,0
DA:114,0
DA:115,0
DA:119,0
DA:121,0
DA:122,0
DA:123,0
DA:124,0
DA:127,0
DA:128,0
DA:129,0
DA:132,0
DA:133,0
DA:136,0
DA:137,0
DA:141,0
DA:145,0
DA:146,0
DA:147,0
DA:149,0
DA:154,0
DA:158,0
DA:159,0
DA:160,0
DA:162,0
DA:167,0
DA:168,0
DA:171,0
DA:172,0
DA:175,0
DA:176,0
DA:178,0
DA:179,0
LF:74
LH:0
BRDA:17,0,0,0
BRDA:49,1,0,0
BRDA:60,2,0,0
BRDA:71,3,0,0
BRDA:77,4,0,0
BRDA:81,5,0,0
BRDA:81,6,0,0
BRDA:81,6,1,0
BRDA:102,7,0,0
BRDA:115,8,0,0
BRDA:115,8,1,0
BRDA:172,9,0,0
BRDA:172,9,1,0
BRDA:176,10,0,0
BRDA:179,11,0,0
BRDA:179,11,1,0
BRF:16
BRH:0
end_of_record
TN:
SF:lib\db-utils.ts
FN:15,getBusinessWithRelations
FN:40,getBusinessBySlug
FN:69,getStaffWithRelations
FN:94,getStaffByUserId
FN:123,getAppointmentWithRelations
FN:143,getBusinessAppointments
FN:182,getFinancialSummary
FN:199,(anonymous_18)
FN:200,(anonymous_19)
FN:203,(anonymous_20)
FN:204,(anonymous_21)
FN:221,getStaffPerformance
FN:252,(anonymous_23)
FN:253,(anonymous_24)
FN:256,(anonymous_25)
FN:257,(anonymous_26)
FN:263,(anonymous_27)
FN:267,(anonymous_28)
FN:295,getBusinessAnalytics
FN:323,(anonymous_30)
FN:324,(anonymous_31)
FN:325,(anonymous_32)
FN:355,(anonymous_33)
FN:361,(anonymous_34)
FN:362,(anonymous_35)
FN:382,(anonymous_36)
FN:388,(anonymous_37)
FN:404,checkStaffAvailability
FNF:28
FNH:0
FNDA:0,getBusinessWithRelations
FNDA:0,getBusinessBySlug
FNDA:0,getStaffWithRelations
FNDA:0,getStaffByUserId
FNDA:0,getAppointmentWithRelations
FNDA:0,getBusinessAppointments
FNDA:0,getFinancialSummary
FNDA:0,(anonymous_18)
FNDA:0,(anonymous_19)
FNDA:0,(anonymous_20)
FNDA:0,(anonymous_21)
FNDA:0,getStaffPerformance
FNDA:0,(anonymous_23)
FNDA:0,(anonymous_24)
FNDA:0,(anonymous_25)
FNDA:0,(anonymous_26)
FNDA:0,(anonymous_27)
FNDA:0,(anonymous_28)
FNDA:0,getBusinessAnalytics
FNDA:0,(anonymous_30)
FNDA:0,(anonymous_31)
FNDA:0,(anonymous_32)
FNDA:0,(anonymous_33)
FNDA:0,(anonymous_34)
FNDA:0,(anonymous_35)
FNDA:0,(anonymous_36)
FNDA:0,(anonymous_37)
FNDA:0,checkStaffAvailability
DA:1,0
DA:15,0
DA:16,0
DA:40,0
DA:41,0
DA:69,0
DA:70,0
DA:94,0
DA:95,0
DA:123,0
DA:124,0
DA:143,0
DA:148,0
DA:150,0
DA:151,0
DA:152,0
DA:153,0
DA:156,0
DA:182,0
DA:187,0
DA:198,0
DA:199,0
DA:200,0
DA:202,0
DA:203,0
DA:204,0
DA:206,0
DA:207,0
DA:209,0
DA:221,0
DA:226,0
DA:237,0
DA:251,0
DA:252,0
DA:253,0
DA:255,0
DA:256,0
DA:257,0
DA:259,0
DA:260,0
DA:263,0
DA:264,0
DA:266,0
DA:267,0
DA:268,0
DA:269,0
DA:273,0
DA:277,0
DA:295,0
DA:301,0
DA:304,0
DA:321,0
DA:323,0
DA:324,0
DA:325,0
DA:329,0
DA:333,0
DA:343,0
DA:350,0
DA:354,0
DA:355,0
DA:359,0
DA:361,0
DA:362,0
DA:363,0
DA:364,0
DA:365,0
DA:367,0
DA:368,0
DA:369,0
DA:370,0
DA:372,0
DA:381,0
DA:382,0
DA:388,0
DA:391,0
DA:404,0
DA:409,0
DA:438,0
LF:79
LH:0
BRDA:150,0,0,0
BRDA:150,1,0,0
BRDA:150,1,1,0
BRDA:152,2,0,0
BRDA:153,3,0,0
BRDA:207,4,0,0
BRDA:207,4,1,0
BRDA:260,5,0,0
BRDA:260,5,1,0
BRDA:268,6,0,0
BRDA:273,7,0,0
BRDA:273,7,1,0
BRDA:367,8,0,0
BRDA:367,8,1,0
BRF:14
BRH:0
end_of_record
TN:
SF:lib\prisma.ts
FNF:0
FNH:0
DA:1,0
DA:3,0
DA:7,0
DA:11,0
LF:4
LH:0
BRDA:7,0,0,0
BRDA:7,0,1,0
BRDA:8,1,0,0
BRDA:8,1,1,0
BRDA:11,2,0,0
BRF:5
BRH:0
end_of_record
TN:
SF:lib\utils.ts
FN:4,cn
FNF:1
FNH:0
FNDA:0,cn
DA:1,0
DA:2,0
DA:4,0
DA:5,0
LF:4
LH:0
BRF:0
BRH:0
end_of_record
TN:
SF:types\auth.ts
FNF:0
FNH:0
DA:171,0
DA:178,0
DA:183,0
DA:187,0
LF:4
LH:0
BRF:0
BRH:0
end_of_record
